#
# There is insufficient memory for the Java Runtime Environment to continue.
# Native memory allocation (malloc) failed to allocate 32744 bytes for ChunkPool::allocate
# Possible reasons:
#   The system is out of physical RAM or swap space
#   The process is running with CompressedOops enabled, and the Java Heap may be blocking the growth of the native heap
# Possible solutions:
#   Reduce memory load on the system
#   Increase physical memory or swap space
#   Check if swap backing store is full
#   Decrease Java heap size (-Xmx/-Xms)
#   Decrease number of Java threads
#   Decrease Java thread stack sizes (-Xss)
#   Set larger code cache with -XX:ReservedCodeCacheSize=
#   JVM is running with Unscaled Compressed Oops mode in which the Java heap is
#     placed in the first 4GB address space. The Java Heap base address is the
#     maximum limit for the native heap growth. Please use -XX:HeapBaseMinAddress
#     to set the Java Heap base and to place the Java Heap above 4GB virtual address.
# This output file may be truncated or incomplete.
#
#  Out of Memory Error (./src/hotspot/share/memory/arena.cpp:81), pid=9664, tid=15004
#
# JRE version: OpenJDK Runtime Environment Corretto-11.0.11.9.1 (11.0.11+9) (build 11.0.11+9-LTS)
# Java VM: OpenJDK 64-Bit Server VM Corretto-11.0.11.9.1 (11.0.11+9-LTS, mixed mode, tiered, compressed oops, g1 gc, windows-amd64)
# No core dump will be written. Minidumps are not enabled by default on client versions of Windows
#

---------------  S U M M A R Y ------------

Command Line: -ea -Didea.test.cyclic.buffer.size=1048576 -javaagent:C:\Program Files\JetBrains\IntelliJ IDEA 2021.1.2\lib\idea_rt.jar=55642:C:\Program Files\JetBrains\IntelliJ IDEA 2021.1.2\bin -Dfile.encoding=UTF-8 com.intellij.rt.junit.JUnitStarter -ideVersion5 -junit5 com.example.carrentservice.controllers.CarControllerIntegrationTest,allCarsUnauthorizedRequestStatus

Host: Intel(R) Core(TM) i5-8250U CPU @ 1.60GHz, 8 cores, 7G,  Windows 10 , 64 bit Build 18362 (10.0.18362.959)
Time: Fri Dec 10 10:35:34 2021 Aaea?onu (ceia) elapsed time: 16.941871 seconds (0d 0h 0m 16s)

---------------  T H R E A D  ---------------

Current thread (0x0000021eff983000):  JavaThread "C2 CompilerThread0" daemon [_thread_in_native, id=15004, stack(0x0000005017e00000,0x0000005017f00000)]


Current CompileTask:
C2:  16941 6326       4       org.springframework.core.annotation.AnnotationsScanner::getBaseTypeMethods (145 bytes)

Stack: [0x0000005017e00000,0x0000005017f00000]
Native frames: (J=compiled Java code, j=interpreted, Vv=VM code, C=native code)
V  [jvm.dll+0x5f867a]
V  [jvm.dll+0x78124e]
V  [jvm.dll+0x78291f]
V  [jvm.dll+0x782fe3]
V  [jvm.dll+0x246e88]
V  [jvm.dll+0xbe64b]
V  [jvm.dll+0xbe9ac]
V  [jvm.dll+0x351f58]
V  [jvm.dll+0x351401]
V  [jvm.dll+0x351444]
V  [jvm.dll+0x4effc5]
V  [jvm.dll+0x4efc5f]
V  [jvm.dll+0x31a0b2]
V  [jvm.dll+0x3193ba]
V  [jvm.dll+0x2009c5]
V  [jvm.dll+0x1ffbaf]
V  [jvm.dll+0x184b4c]
V  [jvm.dll+0x20ee67]
V  [jvm.dll+0x20d04b]
V  [jvm.dll+0x745629]
V  [jvm.dll+0x73e694]
V  [jvm.dll+0x5f74f6]
C  [ucrtbase.dll+0x20e82]
C  [KERNEL32.DLL+0x17bd4]
C  [ntdll.dll+0x6ce51]


---------------  P R O C E S S  ---------------

Threads class SMR info:
_java_thread_list=0x0000021e9bf3a9e0, length=15, elements={
0x0000021ef7fe7000, 0x0000021eff8ee800, 0x0000021eff8f0000, 0x0000021eff973000,
0x0000021eff974000, 0x0000021eff977000, 0x0000021eff983000, 0x0000021eff98c000,
0x0000021eff98d800, 0x0000021effc99000, 0x0000021effc9b800, 0x0000021effc96800,
0x0000021effc98000, 0x0000021effc9a000, 0x0000021effc9c800
}

Java Threads: ( => current thread )
  0x0000021ef7fe7000 JavaThread "main" [_thread_in_vm, id=15424, stack(0x0000005017200000,0x0000005017300000)]
  0x0000021eff8ee800 JavaThread "Reference Handler" daemon [_thread_blocked, id=14468, stack(0x0000005017900000,0x0000005017a00000)]
  0x0000021eff8f0000 JavaThread "Finalizer" daemon [_thread_blocked, id=13096, stack(0x0000005017a00000,0x0000005017b00000)]
  0x0000021eff973000 JavaThread "Signal Dispatcher" daemon [_thread_blocked, id=1320, stack(0x0000005017b00000,0x0000005017c00000)]
  0x0000021eff974000 JavaThread "Attach Listener" daemon [_thread_blocked, id=13752, stack(0x0000005017c00000,0x0000005017d00000)]
  0x0000021eff977000 JavaThread "Service Thread" daemon [_thread_blocked, id=16000, stack(0x0000005017d00000,0x0000005017e00000)]
=>0x0000021eff983000 JavaThread "C2 CompilerThread0" daemon [_thread_in_native, id=15004, stack(0x0000005017e00000,0x0000005017f00000)]
  0x0000021eff98c000 JavaThread "C1 CompilerThread0" daemon [_thread_in_vm, id=5208, stack(0x0000005017f00000,0x0000005018000000)]
  0x0000021eff98d800 JavaThread "Sweeper thread" daemon [_thread_blocked, id=12304, stack(0x0000005018000000,0x0000005018100000)]
  0x0000021effc99000 JavaThread "Common-Cleaner" daemon [_thread_blocked, id=18768, stack(0x0000005018100000,0x0000005018200000)]
  0x0000021effc9b800 JavaThread "Monitor Ctrl-Break" daemon [_thread_in_native, id=1252, stack(0x0000005018200000,0x0000005018300000)]
  0x0000021effc96800 JavaThread "mssql-jdbc-shared-timer-core-0" daemon [_thread_blocked, id=8880, stack(0x0000005018b00000,0x0000005018c00000)]
  0x0000021effc98000 JavaThread "HikariPool-1 housekeeper" daemon [_thread_blocked, id=14688, stack(0x0000005018c00000,0x0000005018d00000)]
  0x0000021effc9a000 JavaThread "C2 CompilerThread1" daemon [_thread_in_native, id=17548, stack(0x0000005018400000,0x0000005018500000)]
  0x0000021effc9c800 JavaThread "C2 CompilerThread2" daemon [_thread_in_native, id=11592, stack(0x0000005018900000,0x0000005018a00000)]

Other Threads:
  0x0000021eff8ec000 VMThread "VM Thread" [stack: 0x0000005017800000,0x0000005017900000] [id=13440]
  0x0000021e97e40800 WatcherThread [stack: 0x0000005018300000,0x0000005018400000] [id=13256]
  0x0000021ef7ffe800 GCTaskThread "GC Thread#0" [stack: 0x0000005017300000,0x0000005017400000] [id=14180]
  0x0000021e98d28800 GCTaskThread "GC Thread#1" [stack: 0x0000005018600000,0x0000005018700000] [id=19728]
  0x0000021e98faa800 GCTaskThread "GC Thread#2" [stack: 0x0000005018700000,0x0000005018800000] [id=18336]
  0x0000021e9a4cb800 GCTaskThread "GC Thread#3" [stack: 0x0000005018a00000,0x0000005018b00000] [id=11628]
  0x0000021ef8031800 ConcurrentGCThread "G1 Main Marker" [stack: 0x0000005017400000,0x0000005017500000] [id=20044]
  0x0000021ef8035000 ConcurrentGCThread "G1 Conc#0" [stack: 0x0000005017500000,0x0000005017600000] [id=10324]
  0x0000021e98ac4800 ConcurrentGCThread "G1 Conc#1" [stack: 0x0000005018500000,0x0000005018600000] [id=6372]
  0x0000021eff75b800 ConcurrentGCThread "G1 Refine#0" [stack: 0x0000005017600000,0x0000005017700000] [id=18324]
  0x0000021eff75c800 ConcurrentGCThread "G1 Young RemSet Sampling" [stack: 0x0000005017700000,0x0000005017800000] [id=16412]

Threads with active compile tasks:
C2 CompilerThread0  16977 6326       4       org.springframework.core.annotation.AnnotationsScanner::getBaseTypeMethods (145 bytes)
C1 CompilerThread0  16977 6405       2       sun.util.locale.provider.LocaleProviderAdapter::getAdapter (177 bytes)
C2 CompilerThread1  16977 6124       4       org.springframework.core.annotation.AnnotationsScanner::processMethod (116 bytes)
C2 CompilerThread2  16977 6167   !   4       org.springframework.core.annotation.AnnotationsScanner::processMethodHierarchy (276 bytes)

VM state:not at safepoint (normal execution)

VM Mutex/Monitor currently owned by a thread: None

Heap address: 0x0000000082400000, size: 2012 MB, Compressed Oops mode: 32-bit
Narrow klass base: 0x0000000000000000, Narrow klass shift: 3
Compressed class space size: 1073741824 Address: 0x0000000100000000

Heap:
 garbage-first heap   total 155648K, used 78353K [0x0000000082400000, 0x0000000100000000)
  region size 1024K, 55 young (56320K), 7 survivors (7168K)
 Metaspace       used 74988K, capacity 76985K, committed 77136K, reserved 1116160K
  class space    used 9671K, capacity 10498K, committed 10620K, reserved 1048576K
Heap Regions: E=young(eden), S=young(survivor), O=old, HS=humongous(starts), HC=humongous(continues), CS=collection set, F=free, A=archive, TAMS=top-at-mark-start (previous, next)
|   0|0x0000000082400000, 0x0000000082500000, 0x0000000082500000|100%|HS|  |TAMS 0x0000000082500000, 0x0000000082400000| Complete 
|   1|0x0000000082500000, 0x0000000082600000, 0x0000000082600000|100%| O|  |TAMS 0x0000000082600000, 0x0000000082500000| Untracked 
|   2|0x0000000082600000, 0x0000000082700000, 0x0000000082700000|100%| O|  |TAMS 0x0000000082700000, 0x0000000082600000| Untracked 
|   3|0x0000000082700000, 0x0000000082800000, 0x0000000082800000|100%| O|  |TAMS 0x0000000082800000, 0x0000000082700000| Untracked 
|   4|0x0000000082800000, 0x0000000082900000, 0x0000000082900000|100%| O|  |TAMS 0x0000000082900000, 0x0000000082800000| Untracked 
|   5|0x0000000082900000, 0x0000000082a00000, 0x0000000082a00000|100%| O|  |TAMS 0x0000000082a00000, 0x0000000082900000| Untracked 
|   6|0x0000000082a00000, 0x0000000082b00000, 0x0000000082b00000|100%| O|  |TAMS 0x0000000082b00000, 0x0000000082a00000| Untracked 
|   7|0x0000000082b00000, 0x0000000082c00000, 0x0000000082c00000|100%| O|  |TAMS 0x0000000082c00000, 0x0000000082b00000| Untracked 
|   8|0x0000000082c00000, 0x0000000082d00000, 0x0000000082d00000|100%| O|  |TAMS 0x0000000082d00000, 0x0000000082c00000| Untracked 
|   9|0x0000000082d00000, 0x0000000082e00000, 0x0000000082e00000|100%| O|  |TAMS 0x0000000082e00000, 0x0000000082d00000| Untracked 
|  10|0x0000000082e00000, 0x0000000082f00000, 0x0000000082f00000|100%| O|  |TAMS 0x0000000082f00000, 0x0000000082e00000| Untracked 
|  11|0x0000000082f00000, 0x0000000083000000, 0x0000000083000000|100%| O|  |TAMS 0x0000000083000000, 0x0000000082f00000| Untracked 
|  12|0x0000000083000000, 0x0000000083100000, 0x0000000083100000|100%| O|  |TAMS 0x0000000083100000, 0x0000000083000000| Untracked 
|  13|0x0000000083100000, 0x0000000083200000, 0x0000000083200000|100%| O|  |TAMS 0x0000000083200000, 0x0000000083100000| Untracked 
|  14|0x0000000083200000, 0x0000000083300000, 0x0000000083300000|100%| O|  |TAMS 0x0000000083300000, 0x0000000083200000| Untracked 
|  15|0x0000000083300000, 0x0000000083400000, 0x0000000083400000|100%| O|  |TAMS 0x0000000083400000, 0x0000000083300000| Untracked 
|  16|0x0000000083400000, 0x0000000083500000, 0x0000000083500000|100%| O|  |TAMS 0x0000000083500000, 0x0000000083400000| Untracked 
|  17|0x0000000083500000, 0x0000000083600000, 0x0000000083600000|100%| O|  |TAMS 0x0000000083600000, 0x0000000083500000| Untracked 
|  18|0x0000000083600000, 0x0000000083700000, 0x0000000083700000|100%| O|  |TAMS 0x0000000083668e00, 0x0000000083600000| Untracked 
|  19|0x0000000083700000, 0x0000000083800000, 0x0000000083800000|100%| O|  |TAMS 0x0000000083700000, 0x0000000083700000| Untracked 
|  20|0x0000000083800000, 0x0000000083900000, 0x0000000083900000|100%| O|  |TAMS 0x0000000083800000, 0x0000000083800000| Untracked 
|  21|0x0000000083900000, 0x0000000083a00000, 0x0000000083a00000|100%| O|  |TAMS 0x0000000083900000, 0x0000000083900000| Untracked 
|  22|0x0000000083a00000, 0x0000000083a84600, 0x0000000083b00000| 51%| O|  |TAMS 0x0000000083a00000, 0x0000000083a00000| Untracked 
|  23|0x0000000083b00000, 0x0000000083b00000, 0x0000000083c00000|  0%| F|  |TAMS 0x0000000083b00000, 0x0000000083b00000| Untracked 
|  24|0x0000000083c00000, 0x0000000083c00000, 0x0000000083d00000|  0%| F|  |TAMS 0x0000000083c00000, 0x0000000083c00000| Untracked 
|  25|0x0000000083d00000, 0x0000000083d00000, 0x0000000083e00000|  0%| F|  |TAMS 0x0000000083d00000, 0x0000000083d00000| Untracked 
|  26|0x0000000083e00000, 0x0000000083e00000, 0x0000000083f00000|  0%| F|  |TAMS 0x0000000083e00000, 0x0000000083e00000| Untracked 
|  27|0x0000000083f00000, 0x0000000083f00000, 0x0000000084000000|  0%| F|  |TAMS 0x0000000083f00000, 0x0000000083f00000| Untracked 
|  28|0x0000000084000000, 0x0000000084000000, 0x0000000084100000|  0%| F|  |TAMS 0x0000000084000000, 0x0000000084000000| Untracked 
|  29|0x0000000084100000, 0x0000000084100000, 0x0000000084200000|  0%| F|  |TAMS 0x0000000084100000, 0x0000000084100000| Untracked 
|  30|0x0000000084200000, 0x0000000084200000, 0x0000000084300000|  0%| F|  |TAMS 0x0000000084200000, 0x0000000084200000| Untracked 
|  31|0x0000000084300000, 0x0000000084300000, 0x0000000084400000|  0%| F|  |TAMS 0x0000000084300000, 0x0000000084300000| Untracked 
|  32|0x0000000084400000, 0x0000000084400000, 0x0000000084500000|  0%| F|  |TAMS 0x0000000084400000, 0x0000000084400000| Untracked 
|  33|0x0000000084500000, 0x0000000084500000, 0x0000000084600000|  0%| F|  |TAMS 0x0000000084500000, 0x0000000084500000| Untracked 
|  34|0x0000000084600000, 0x0000000084600000, 0x0000000084700000|  0%| F|  |TAMS 0x0000000084600000, 0x0000000084600000| Untracked 
|  35|0x0000000084700000, 0x0000000084700000, 0x0000000084800000|  0%| F|  |TAMS 0x0000000084700000, 0x0000000084700000| Untracked 
|  36|0x0000000084800000, 0x0000000084800000, 0x0000000084900000|  0%| F|  |TAMS 0x0000000084800000, 0x0000000084800000| Untracked 
|  37|0x0000000084900000, 0x0000000084900000, 0x0000000084a00000|  0%| F|  |TAMS 0x0000000084900000, 0x0000000084900000| Untracked 
|  38|0x0000000084a00000, 0x0000000084a00000, 0x0000000084b00000|  0%| F|  |TAMS 0x0000000084a00000, 0x0000000084a00000| Untracked 
|  39|0x0000000084b00000, 0x0000000084b00000, 0x0000000084c00000|  0%| F|  |TAMS 0x0000000084b00000, 0x0000000084b00000| Untracked 
|  40|0x0000000084c00000, 0x0000000084c00000, 0x0000000084d00000|  0%| F|  |TAMS 0x0000000084c00000, 0x0000000084c00000| Untracked 
|  41|0x0000000084d00000, 0x0000000084d00000, 0x0000000084e00000|  0%| F|  |TAMS 0x0000000084d00000, 0x0000000084d00000| Untracked 
|  42|0x0000000084e00000, 0x0000000084e00000, 0x0000000084f00000|  0%| F|  |TAMS 0x0000000084e00000, 0x0000000084e00000| Untracked 
|  43|0x0000000084f00000, 0x0000000084f00000, 0x0000000085000000|  0%| F|  |TAMS 0x0000000084f00000, 0x0000000084f00000| Untracked 
|  44|0x0000000085000000, 0x0000000085000000, 0x0000000085100000|  0%| F|  |TAMS 0x0000000085000000, 0x0000000085000000| Untracked 
|  45|0x0000000085100000, 0x0000000085100000, 0x0000000085200000|  0%| F|  |TAMS 0x0000000085100000, 0x0000000085100000| Untracked 
|  46|0x0000000085200000, 0x0000000085200000, 0x0000000085300000|  0%| F|  |TAMS 0x0000000085200000, 0x0000000085200000| Untracked 
|  47|0x0000000085300000, 0x0000000085300000, 0x0000000085400000|  0%| F|  |TAMS 0x0000000085300000, 0x0000000085300000| Untracked 
|  48|0x0000000085400000, 0x0000000085400000, 0x0000000085500000|  0%| F|  |TAMS 0x0000000085400000, 0x0000000085400000| Untracked 
|  49|0x0000000085500000, 0x0000000085500000, 0x0000000085600000|  0%| F|  |TAMS 0x0000000085500000, 0x0000000085500000| Untracked 
|  50|0x0000000085600000, 0x0000000085600000, 0x0000000085700000|  0%| F|  |TAMS 0x0000000085600000, 0x0000000085600000| Untracked 
|  51|0x0000000085700000, 0x0000000085700000, 0x0000000085800000|  0%| F|  |TAMS 0x0000000085700000, 0x0000000085700000| Untracked 
|  52|0x0000000085800000, 0x0000000085800000, 0x0000000085900000|  0%| F|  |TAMS 0x0000000085800000, 0x0000000085800000| Untracked 
|  53|0x0000000085900000, 0x0000000085900000, 0x0000000085a00000|  0%| F|  |TAMS 0x0000000085900000, 0x0000000085900000| Untracked 
|  54|0x0000000085a00000, 0x0000000085a00000, 0x0000000085b00000|  0%| F|  |TAMS 0x0000000085a00000, 0x0000000085a00000| Untracked 
|  55|0x0000000085b00000, 0x0000000085b00000, 0x0000000085c00000|  0%| F|  |TAMS 0x0000000085b00000, 0x0000000085b00000| Untracked 
|  56|0x0000000085c00000, 0x0000000085c00000, 0x0000000085d00000|  0%| F|  |TAMS 0x0000000085c00000, 0x0000000085c00000| Untracked 
|  57|0x0000000085d00000, 0x0000000085e00000, 0x0000000085e00000|100%| S|CS|TAMS 0x0000000085d00000, 0x0000000085d00000| Complete 
|  58|0x0000000085e00000, 0x0000000085f00000, 0x0000000085f00000|100%| S|CS|TAMS 0x0000000085e00000, 0x0000000085e00000| Complete 
|  59|0x0000000085f00000, 0x0000000086000000, 0x0000000086000000|100%| S|CS|TAMS 0x0000000085f00000, 0x0000000085f00000| Complete 
|  60|0x0000000086000000, 0x0000000086100000, 0x0000000086100000|100%| S|CS|TAMS 0x0000000086000000, 0x0000000086000000| Complete 
|  61|0x0000000086100000, 0x0000000086100000, 0x0000000086200000|  0%| F|  |TAMS 0x0000000086100000, 0x0000000086100000| Untracked 
|  62|0x0000000086200000, 0x0000000086200000, 0x0000000086300000|  0%| F|  |TAMS 0x0000000086200000, 0x0000000086200000| Untracked 
|  63|0x0000000086300000, 0x0000000086300000, 0x0000000086400000|  0%| F|  |TAMS 0x0000000086300000, 0x0000000086300000| Untracked 
|  64|0x0000000086400000, 0x0000000086400000, 0x0000000086500000|  0%| F|  |TAMS 0x0000000086400000, 0x0000000086400000| Untracked 
|  65|0x0000000086500000, 0x0000000086500000, 0x0000000086600000|  0%| F|  |TAMS 0x0000000086500000, 0x0000000086500000| Untracked 
|  66|0x0000000086600000, 0x0000000086700000, 0x0000000086700000|100%| S|CS|TAMS 0x0000000086600000, 0x0000000086600000| Complete 
|  67|0x0000000086700000, 0x0000000086800000, 0x0000000086800000|100%| S|CS|TAMS 0x0000000086700000, 0x0000000086700000| Complete 
|  68|0x0000000086800000, 0x0000000086900000, 0x0000000086900000|100%| S|CS|TAMS 0x0000000086800000, 0x0000000086800000| Complete 
|  69|0x0000000086900000, 0x0000000086900000, 0x0000000086a00000|  0%| F|  |TAMS 0x0000000086900000, 0x0000000086900000| Untracked 
|  70|0x0000000086a00000, 0x0000000086a00000, 0x0000000086b00000|  0%| F|  |TAMS 0x0000000086a00000, 0x0000000086a00000| Untracked 
|  71|0x0000000086b00000, 0x0000000086b00000, 0x0000000086c00000|  0%| F|  |TAMS 0x0000000086b00000, 0x0000000086b00000| Untracked 
|  72|0x0000000086c00000, 0x0000000086c00000, 0x0000000086d00000|  0%| F|  |TAMS 0x0000000086c00000, 0x0000000086c00000| Untracked 
|  73|0x0000000086d00000, 0x0000000086d00000, 0x0000000086e00000|  0%| F|  |TAMS 0x0000000086d00000, 0x0000000086d00000| Untracked 
|  74|0x0000000086e00000, 0x0000000086e00000, 0x0000000086f00000|  0%| F|  |TAMS 0x0000000086e00000, 0x0000000086e00000| Untracked 
|  75|0x0000000086f00000, 0x0000000086f00000, 0x0000000087000000|  0%| F|  |TAMS 0x0000000086f00000, 0x0000000086f00000| Untracked 
|  76|0x0000000087000000, 0x0000000087000000, 0x0000000087100000|  0%| F|  |TAMS 0x0000000087000000, 0x0000000087000000| Untracked 
|  77|0x0000000087100000, 0x0000000087100000, 0x0000000087200000|  0%| F|  |TAMS 0x0000000087100000, 0x0000000087100000| Untracked 
|  78|0x0000000087200000, 0x0000000087200000, 0x0000000087300000|  0%| F|  |TAMS 0x0000000087200000, 0x0000000087200000| Untracked 
|  79|0x0000000087300000, 0x0000000087300000, 0x0000000087400000|  0%| F|  |TAMS 0x0000000087300000, 0x0000000087300000| Untracked 
|  80|0x0000000087400000, 0x0000000087400000, 0x0000000087500000|  0%| F|  |TAMS 0x0000000087400000, 0x0000000087400000| Untracked 
|  81|0x0000000087500000, 0x0000000087500000, 0x0000000087600000|  0%| F|  |TAMS 0x0000000087500000, 0x0000000087500000| Untracked 
|  82|0x0000000087600000, 0x0000000087600000, 0x0000000087700000|  0%| F|  |TAMS 0x0000000087600000, 0x0000000087600000| Untracked 
|  83|0x0000000087700000, 0x0000000087700000, 0x0000000087800000|  0%| F|  |TAMS 0x0000000087700000, 0x0000000087700000| Untracked 
|  84|0x0000000087800000, 0x0000000087800000, 0x0000000087900000|  0%| F|  |TAMS 0x0000000087800000, 0x0000000087800000| Untracked 
|  85|0x0000000087900000, 0x0000000087900000, 0x0000000087a00000|  0%| F|  |TAMS 0x0000000087900000, 0x0000000087900000| Untracked 
|  86|0x0000000087a00000, 0x0000000087a00000, 0x0000000087b00000|  0%| F|  |TAMS 0x0000000087a00000, 0x0000000087a00000| Untracked 
|  87|0x0000000087b00000, 0x0000000087b00000, 0x0000000087c00000|  0%| F|  |TAMS 0x0000000087b00000, 0x0000000087b00000| Untracked 
|  88|0x0000000087c00000, 0x0000000087c00000, 0x0000000087d00000|  0%| F|  |TAMS 0x0000000087c00000, 0x0000000087c00000| Untracked 
|  89|0x0000000087d00000, 0x0000000087d00000, 0x0000000087e00000|  0%| F|  |TAMS 0x0000000087d00000, 0x0000000087d00000| Untracked 
|  90|0x0000000087e00000, 0x0000000087e00000, 0x0000000087f00000|  0%| F|  |TAMS 0x0000000087e00000, 0x0000000087e00000| Untracked 
|  91|0x0000000087f00000, 0x0000000087f00000, 0x0000000088000000|  0%| F|  |TAMS 0x0000000087f00000, 0x0000000087f00000| Untracked 
|  92|0x0000000088000000, 0x0000000088000000, 0x0000000088100000|  0%| F|  |TAMS 0x0000000088000000, 0x0000000088000000| Untracked 
|  93|0x0000000088100000, 0x0000000088100000, 0x0000000088200000|  0%| F|  |TAMS 0x0000000088100000, 0x0000000088100000| Untracked 
|  94|0x0000000088200000, 0x0000000088200000, 0x0000000088300000|  0%| F|  |TAMS 0x0000000088200000, 0x0000000088200000| Untracked 
|  95|0x0000000088300000, 0x0000000088300000, 0x0000000088400000|  0%| F|  |TAMS 0x0000000088300000, 0x0000000088300000| Untracked 
|  96|0x0000000088400000, 0x0000000088400000, 0x0000000088500000|  0%| F|  |TAMS 0x0000000088400000, 0x0000000088400000| Untracked 
|  97|0x0000000088500000, 0x0000000088500000, 0x0000000088600000|  0%| F|  |TAMS 0x0000000088500000, 0x0000000088500000| Untracked 
|  98|0x0000000088600000, 0x0000000088600000, 0x0000000088700000|  0%| F|  |TAMS 0x0000000088600000, 0x0000000088600000| Untracked 
|  99|0x0000000088700000, 0x0000000088700000, 0x0000000088800000|  0%| F|  |TAMS 0x0000000088700000, 0x0000000088700000| Untracked 
| 100|0x0000000088800000, 0x0000000088800000, 0x0000000088900000|  0%| F|  |TAMS 0x0000000088800000, 0x0000000088800000| Untracked 
| 101|0x0000000088900000, 0x0000000088900000, 0x0000000088a00000|  0%| F|  |TAMS 0x0000000088900000, 0x0000000088900000| Untracked 
| 102|0x0000000088a00000, 0x0000000088a00000, 0x0000000088b00000|  0%| F|  |TAMS 0x0000000088a00000, 0x0000000088a00000| Untracked 
| 103|0x0000000088b00000, 0x0000000088b00000, 0x0000000088c00000|  0%| F|  |TAMS 0x0000000088b00000, 0x0000000088b00000| Untracked 
| 104|0x0000000088c00000, 0x0000000088c80800, 0x0000000088d00000| 50%| E|  |TAMS 0x0000000088c00000, 0x0000000088c00000| Complete 
| 105|0x0000000088d00000, 0x0000000088e00000, 0x0000000088e00000|100%| E|CS|TAMS 0x0000000088d00000, 0x0000000088d00000| Complete 
| 106|0x0000000088e00000, 0x0000000088f00000, 0x0000000088f00000|100%| E|CS|TAMS 0x0000000088e00000, 0x0000000088e00000| Complete 
| 107|0x0000000088f00000, 0x0000000089000000, 0x0000000089000000|100%| E|CS|TAMS 0x0000000088f00000, 0x0000000088f00000| Complete 
| 108|0x0000000089000000, 0x0000000089100000, 0x0000000089100000|100%| E|CS|TAMS 0x0000000089000000, 0x0000000089000000| Complete 
| 109|0x0000000089100000, 0x0000000089200000, 0x0000000089200000|100%| E|CS|TAMS 0x0000000089100000, 0x0000000089100000| Complete 
| 110|0x0000000089200000, 0x0000000089300000, 0x0000000089300000|100%| E|CS|TAMS 0x0000000089200000, 0x0000000089200000| Complete 
| 111|0x0000000089300000, 0x0000000089400000, 0x0000000089400000|100%| E|CS|TAMS 0x0000000089300000, 0x0000000089300000| Complete 
| 112|0x0000000089400000, 0x0000000089500000, 0x0000000089500000|100%| E|CS|TAMS 0x0000000089400000, 0x0000000089400000| Complete 
| 113|0x0000000089500000, 0x0000000089600000, 0x0000000089600000|100%| E|CS|TAMS 0x0000000089500000, 0x0000000089500000| Complete 
| 114|0x0000000089600000, 0x0000000089700000, 0x0000000089700000|100%| E|CS|TAMS 0x0000000089600000, 0x0000000089600000| Complete 
| 115|0x0000000089700000, 0x0000000089800000, 0x0000000089800000|100%| E|CS|TAMS 0x0000000089700000, 0x0000000089700000| Complete 
| 116|0x0000000089800000, 0x0000000089900000, 0x0000000089900000|100%| E|CS|TAMS 0x0000000089800000, 0x0000000089800000| Complete 
| 117|0x0000000089900000, 0x0000000089a00000, 0x0000000089a00000|100%| E|CS|TAMS 0x0000000089900000, 0x0000000089900000| Complete 
| 118|0x0000000089a00000, 0x0000000089b00000, 0x0000000089b00000|100%| E|CS|TAMS 0x0000000089a00000, 0x0000000089a00000| Complete 
| 119|0x0000000089b00000, 0x0000000089c00000, 0x0000000089c00000|100%| E|CS|TAMS 0x0000000089b00000, 0x0000000089b00000| Complete 
| 120|0x0000000089c00000, 0x0000000089d00000, 0x0000000089d00000|100%| E|CS|TAMS 0x0000000089c00000, 0x0000000089c00000| Complete 
| 121|0x0000000089d00000, 0x0000000089e00000, 0x0000000089e00000|100%| E|CS|TAMS 0x0000000089d00000, 0x0000000089d00000| Complete 
| 122|0x0000000089e00000, 0x0000000089f00000, 0x0000000089f00000|100%| E|CS|TAMS 0x0000000089e00000, 0x0000000089e00000| Complete 
| 123|0x0000000089f00000, 0x000000008a000000, 0x000000008a000000|100%| E|CS|TAMS 0x0000000089f00000, 0x0000000089f00000| Complete 
| 124|0x000000008a000000, 0x000000008a100000, 0x000000008a100000|100%| E|CS|TAMS 0x000000008a000000, 0x000000008a000000| Complete 
| 125|0x000000008a100000, 0x000000008a200000, 0x000000008a200000|100%| E|CS|TAMS 0x000000008a100000, 0x000000008a100000| Complete 
| 126|0x000000008a200000, 0x000000008a300000, 0x000000008a300000|100%| E|CS|TAMS 0x000000008a200000, 0x000000008a200000| Complete 
| 127|0x000000008a300000, 0x000000008a400000, 0x000000008a400000|100%| E|CS|TAMS 0x000000008a300000, 0x000000008a300000| Complete 
| 128|0x000000008a400000, 0x000000008a500000, 0x000000008a500000|100%| E|CS|TAMS 0x000000008a400000, 0x000000008a400000| Complete 
| 129|0x000000008a500000, 0x000000008a600000, 0x000000008a600000|100%| E|CS|TAMS 0x000000008a500000, 0x000000008a500000| Complete 
| 130|0x000000008a600000, 0x000000008a700000, 0x000000008a700000|100%| E|CS|TAMS 0x000000008a600000, 0x000000008a600000| Complete 
| 131|0x000000008a700000, 0x000000008a800000, 0x000000008a800000|100%| E|CS|TAMS 0x000000008a700000, 0x000000008a700000| Complete 
| 132|0x000000008a800000, 0x000000008a900000, 0x000000008a900000|100%| E|CS|TAMS 0x000000008a800000, 0x000000008a800000| Complete 
| 133|0x000000008a900000, 0x000000008aa00000, 0x000000008aa00000|100%| E|CS|TAMS 0x000000008a900000, 0x000000008a900000| Complete 
| 134|0x000000008aa00000, 0x000000008ab00000, 0x000000008ab00000|100%| E|CS|TAMS 0x000000008aa00000, 0x000000008aa00000| Complete 
| 135|0x000000008ab00000, 0x000000008ac00000, 0x000000008ac00000|100%| E|CS|TAMS 0x000000008ab00000, 0x000000008ab00000| Complete 
| 136|0x000000008ac00000, 0x000000008ad00000, 0x000000008ad00000|100%| E|CS|TAMS 0x000000008ac00000, 0x000000008ac00000| Complete 
| 137|0x000000008ad00000, 0x000000008ae00000, 0x000000008ae00000|100%| E|CS|TAMS 0x000000008ad00000, 0x000000008ad00000| Complete 
| 138|0x000000008ae00000, 0x000000008af00000, 0x000000008af00000|100%| E|CS|TAMS 0x000000008ae00000, 0x000000008ae00000| Complete 
| 139|0x000000008af00000, 0x000000008b000000, 0x000000008b000000|100%| E|CS|TAMS 0x000000008af00000, 0x000000008af00000| Complete 
| 140|0x000000008b000000, 0x000000008b100000, 0x000000008b100000|100%| E|CS|TAMS 0x000000008b000000, 0x000000008b000000| Complete 
| 141|0x000000008b100000, 0x000000008b200000, 0x000000008b200000|100%| E|CS|TAMS 0x000000008b100000, 0x000000008b100000| Complete 
| 142|0x000000008b200000, 0x000000008b300000, 0x000000008b300000|100%| E|CS|TAMS 0x000000008b200000, 0x000000008b200000| Complete 
| 143|0x000000008b300000, 0x000000008b400000, 0x000000008b400000|100%| E|CS|TAMS 0x000000008b300000, 0x000000008b300000| Complete 
| 144|0x000000008b400000, 0x000000008b500000, 0x000000008b500000|100%| E|CS|TAMS 0x000000008b400000, 0x000000008b400000| Complete 
| 145|0x000000008b500000, 0x000000008b600000, 0x000000008b600000|100%| E|CS|TAMS 0x000000008b500000, 0x000000008b500000| Complete 
| 146|0x000000008b600000, 0x000000008b700000, 0x000000008b700000|100%| E|CS|TAMS 0x000000008b600000, 0x000000008b600000| Complete 
| 147|0x000000008b700000, 0x000000008b800000, 0x000000008b800000|100%| E|CS|TAMS 0x000000008b700000, 0x000000008b700000| Complete 
| 148|0x000000008b800000, 0x000000008b900000, 0x000000008b900000|100%| E|CS|TAMS 0x000000008b800000, 0x000000008b800000| Complete 
| 149|0x000000008b900000, 0x000000008ba00000, 0x000000008ba00000|100%| E|CS|TAMS 0x000000008b900000, 0x000000008b900000| Complete 
| 150|0x000000008ba00000, 0x000000008bb00000, 0x000000008bb00000|100%| E|CS|TAMS 0x000000008ba00000, 0x000000008ba00000| Complete 
| 151|0x000000008bb00000, 0x000000008bc00000, 0x000000008bc00000|100%| E|CS|TAMS 0x000000008bb00000, 0x000000008bb00000| Complete 

Card table byte_map: [0x0000021ef87d0000,0x0000021ef8bc0000] _byte_map_base: 0x0000021ef83be000

Marking Bits (Prev, Next): (CMBitMap*) 0x0000021ef8029150, (CMBitMap*) 0x0000021ef8029118
 Prev Bits: [0x0000021efaf20000, 0x0000021efce90000)
 Next Bits: [0x0000021ef8fb0000, 0x0000021efaf20000)

Polling page: 0x0000021ef77a0000

Metaspace:

Usage:
  Non-class:     64.93 MB capacity,    63.79 MB ( 98%) used,   906.24 KB (  1%) free+waste,   264.06 KB ( <1%) overhead. 
      Class:     10.25 MB capacity,     9.45 MB ( 92%) used,   700.56 KB (  7%) free+waste,   125.75 KB (  1%) overhead. 
       Both:     75.18 MB capacity,    73.23 MB ( 97%) used,     1.57 MB (  2%) free+waste,   389.81 KB ( <1%) overhead. 

Virtual space:
  Non-class space:       66.00 MB reserved,      64.96 MB ( 98%) committed 
      Class space:        1.00 GB reserved,      10.37 MB (  1%) committed 
             Both:        1.06 GB reserved,      75.33 MB (  7%) committed 

Chunk freelists:
   Non-Class:  29.00 KB
       Class:  0 bytes
        Both:  29.00 KB

MaxMetaspaceSize: 17179869184.00 GB
CompressedClassSpaceSize: 1.00 GB

CodeHeap 'non-profiled nmethods': size=120000Kb used=4123Kb max_used=4123Kb free=115876Kb
 bounds [0x0000021e90100000, 0x0000021e90510000, 0x0000021e97630000]
CodeHeap 'profiled nmethods': size=120000Kb used=14393Kb max_used=14393Kb free=105606Kb
 bounds [0x0000021e88bd0000, 0x0000021e899e0000, 0x0000021e90100000]
CodeHeap 'non-nmethods': size=5760Kb used=1265Kb max_used=1325Kb free=4494Kb
 bounds [0x0000021e88630000, 0x0000021e888a0000, 0x0000021e88bd0000]
 total_blobs=6975 nmethods=6324 adapters=561
 compilation: enabled
              stopped_count=0, restarted_count=0
 full_count=0

Compilation events (20 events):
Event: 16.928 Thread 0x0000021eff98c000 nmethod 6385 0x0000021e899da990 code [0x0000021e899dab40, 0x0000021e899dac78]
Event: 16.928 Thread 0x0000021eff98c000 6384       1       antlr.CharScanner::getCaseSensitiveLiterals (5 bytes)
Event: 16.928 Thread 0x0000021eff98c000 nmethod 6384 0x0000021e90505590 code [0x0000021e90505740, 0x0000021e905057f8]
Event: 16.928 Thread 0x0000021eff98c000 6388       1       antlr.Token::setType (6 bytes)
Event: 16.928 Thread 0x0000021eff98c000 nmethod 6388 0x0000021e90505890 code [0x0000021e90505a40, 0x0000021e90505af8]
Event: 16.928 Thread 0x0000021eff98c000 6389       1       antlr.CommonAST::getText (5 bytes)
Event: 16.928 Thread 0x0000021eff98c000 nmethod 6389 0x0000021e90505b90 code [0x0000021e90505d40, 0x0000021e90505df8]
Event: 16.934 Thread 0x0000021eff98c000 6390       2       org.springframework.data.util.ParentTypeAwareTypeInformation::getType (5 bytes)
Event: 16.935 Thread 0x0000021eff98c000 nmethod 6390 0x0000021e899dad90 code [0x0000021e899daf60, 0x0000021e899db158]
Event: 16.935 Thread 0x0000021eff98c000 6391       2       org.springframework.data.util.TypeDiscoverer::getType (11 bytes)
Event: 16.935 Thread 0x0000021eff98c000 nmethod 6391 0x0000021e899db290 code [0x0000021e899db460, 0x0000021e899db658]
Event: 16.936 Thread 0x0000021eff98c000 6393       2       antlr.ANTLRHashString::hashCode (76 bytes)
Event: 16.938 Thread 0x0000021eff98c000 nmethod 6393 0x0000021e899db790 code [0x0000021e899db9a0, 0x0000021e899dbf18]
Event: 16.938 Thread 0x0000021eff98c000 6398       2       antlr.LLkParser::LA (12 bytes)
Event: 16.938 Thread 0x0000021eff98c000 nmethod 6398 0x0000021e899dc390 code [0x0000021e899dc560, 0x0000021e899dc6e8]
Event: 16.938 Thread 0x0000021eff98c000 6399       2       antlr.TokenBuffer::LA (24 bytes)
Event: 16.939 Thread 0x0000021eff98c000 nmethod 6399 0x0000021e899dc890 code [0x0000021e899dca40, 0x0000021e899dcbc8]
Event: 16.939 Thread 0x0000021eff98c000 6395   !   2       java.io.StringReader::read (52 bytes)
Event: 16.939 Thread 0x0000021eff98c000 nmethod 6395 0x0000021e899dcd10 code [0x0000021e899dcf20, 0x0000021e899dd468]
Event: 16.939 Thread 0x0000021eff98c000 6401       2       antlr.ASTPair::advanceChildToEnd (36 bytes)

GC Heap History (20 events):
Event: 0.881 GC heap before
{Heap before GC invocations=0 (full 0):
 garbage-first heap   total 129024K, used 24576K [0x0000000082400000, 0x0000000100000000)
  region size 1024K, 24 young (24576K), 0 survivors (0K)
 Metaspace       used 10396K, capacity 10707K, committed 10880K, reserved 1058816K
  class space    used 1026K, capacity 1146K, committed 1152K, reserved 1048576K
}
Event: 0.888 GC heap after
{Heap after GC invocations=1 (full 0):
 garbage-first heap   total 129024K, used 9084K [0x0000000082400000, 0x0000000100000000)
  region size 1024K, 3 young (3072K), 3 survivors (3072K)
 Metaspace       used 10396K, capacity 10707K, committed 10880K, reserved 1058816K
  class space    used 1026K, capacity 1146K, committed 1152K, reserved 1048576K
}
Event: 2.464 GC heap before
{Heap before GC invocations=1 (full 0):
 garbage-first heap   total 129024K, used 75644K [0x0000000082400000, 0x0000000100000000)
  region size 1024K, 69 young (70656K), 3 survivors (3072K)
 Metaspace       used 20500K, capacity 21220K, committed 21248K, reserved 1069056K
  class space    used 2287K, capacity 2558K, committed 2560K, reserved 1048576K
}
Event: 2.485 GC heap after
{Heap after GC invocations=2 (full 0):
 garbage-first heap   total 129024K, used 12064K [0x0000000082400000, 0x0000000100000000)
  region size 1024K, 6 young (6144K), 6 survivors (6144K)
 Metaspace       used 20500K, capacity 21220K, committed 21248K, reserved 1069056K
  class space    used 2287K, capacity 2558K, committed 2560K, reserved 1048576K
}
Event: 3.503 GC heap before
{Heap before GC invocations=3 (full 0):
 garbage-first heap   total 129024K, used 77600K [0x0000000082400000, 0x0000000100000000)
  region size 1024K, 71 young (72704K), 6 survivors (6144K)
 Metaspace       used 28319K, capacity 29225K, committed 29436K, reserved 1075200K
  class space    used 3380K, capacity 3733K, committed 3836K, reserved 1048576K
}
Event: 3.519 GC heap after
{Heap after GC invocations=4 (full 0):
 garbage-first heap   total 129024K, used 14442K [0x0000000082400000, 0x0000000100000000)
  region size 1024K, 6 young (6144K), 6 survivors (6144K)
 Metaspace       used 28319K, capacity 29225K, committed 29436K, reserved 1075200K
  class space    used 3380K, capacity 3733K, committed 3836K, reserved 1048576K
}
Event: 3.819 GC heap before
{Heap before GC invocations=4 (full 0):
 garbage-first heap   total 129024K, used 83050K [0x0000000082400000, 0x0000000100000000)
  region size 1024K, 74 young (75776K), 6 survivors (6144K)
 Metaspace       used 32144K, capacity 33028K, committed 33148K, reserved 1079296K
  class space    used 3810K, capacity 4148K, committed 4220K, reserved 1048576K
}
Event: 3.826 GC heap after
{Heap after GC invocations=5 (full 0):
 garbage-first heap   total 129024K, used 16231K [0x0000000082400000, 0x0000000100000000)
  region size 1024K, 5 young (5120K), 5 survivors (5120K)
 Metaspace       used 32144K, capacity 33028K, committed 33148K, reserved 1079296K
  class space    used 3810K, capacity 4148K, committed 4220K, reserved 1048576K
}
Event: 4.439 GC heap before
{Heap before GC invocations=5 (full 0):
 garbage-first heap   total 129024K, used 57191K [0x0000000082400000, 0x0000000100000000)
  region size 1024K, 46 young (47104K), 5 survivors (5120K)
 Metaspace       used 34752K, capacity 35831K, committed 35964K, reserved 1081344K
  class space    used 4162K, capacity 4599K, committed 4732K, reserved 1048576K
}
Event: 4.454 GC heap after
{Heap after GC invocations=6 (full 0):
 garbage-first heap   total 129024K, used 16798K [0x0000000082400000, 0x0000000100000000)
  region size 1024K, 5 young (5120K), 5 survivors (5120K)
 Metaspace       used 34752K, capacity 35831K, committed 35964K, reserved 1081344K
  class space    used 4162K, capacity 4599K, committed 4732K, reserved 1048576K
}
Event: 5.778 GC heap before
{Heap before GC invocations=7 (full 0):
 garbage-first heap   total 129024K, used 88478K [0x0000000082400000, 0x0000000100000000)
  region size 1024K, 75 young (76800K), 5 survivors (5120K)
 Metaspace       used 41465K, capacity 42721K, committed 42876K, reserved 1087488K
  class space    used 5139K, capacity 5641K, committed 5756K, reserved 1048576K
}
Event: 5.793 GC heap after
{Heap after GC invocations=8 (full 0):
 garbage-first heap   total 155648K, used 19355K [0x0000000082400000, 0x0000000100000000)
  region size 1024K, 8 young (8192K), 8 survivors (8192K)
 Metaspace       used 41465K, capacity 42721K, committed 42876K, reserved 1087488K
  class space    used 5139K, capacity 5641K, committed 5756K, reserved 1048576K
}
Event: 8.371 GC heap before
{Heap before GC invocations=8 (full 0):
 garbage-first heap   total 155648K, used 102299K [0x0000000082400000, 0x0000000100000000)
  region size 1024K, 89 young (91136K), 8 survivors (8192K)
 Metaspace       used 52814K, capacity 54415K, committed 54524K, reserved 1097728K
  class space    used 6479K, capacity 7136K, committed 7164K, reserved 1048576K
}
Event: 8.395 GC heap after
{Heap after GC invocations=9 (full 0):
 garbage-first heap   total 155648K, used 24047K [0x0000000082400000, 0x0000000100000000)
  region size 1024K, 10 young (10240K), 10 survivors (10240K)
 Metaspace       used 52814K, capacity 54415K, committed 54524K, reserved 1097728K
  class space    used 6479K, capacity 7136K, committed 7164K, reserved 1048576K
}
Event: 9.641 GC heap before
{Heap before GC invocations=9 (full 0):
 garbage-first heap   total 155648K, used 103919K [0x0000000082400000, 0x0000000100000000)
  region size 1024K, 89 young (91136K), 10 survivors (10240K)
 Metaspace       used 58678K, capacity 60238K, committed 60368K, reserved 1101824K
  class space    used 7446K, capacity 8092K, committed 8188K, reserved 1048576K
}
Event: 9.662 GC heap after
{Heap after GC invocations=10 (full 0):
 garbage-first heap   total 155648K, used 25507K [0x0000000082400000, 0x0000000100000000)
  region size 1024K, 7 young (7168K), 7 survivors (7168K)
 Metaspace       used 58678K, capacity 60238K, committed 60368K, reserved 1101824K
  class space    used 7446K, capacity 8092K, committed 8188K, reserved 1048576K
}
Event: 11.134 GC heap before
{Heap before GC invocations=11 (full 0):
 garbage-first heap   total 155648K, used 111523K [0x0000000082400000, 0x0000000100000000)
  region size 1024K, 91 young (93184K), 7 survivors (7168K)
 Metaspace       used 66556K, capacity 68275K, committed 68432K, reserved 1107968K
  class space    used 8598K, capacity 9293K, committed 9340K, reserved 1048576K
}
Event: 11.145 GC heap after
{Heap after GC invocations=12 (full 0):
 garbage-first heap   total 155648K, used 26904K [0x0000000082400000, 0x0000000100000000)
  region size 1024K, 8 young (8192K), 8 survivors (8192K)
 Metaspace       used 66556K, capacity 68275K, committed 68432K, reserved 1107968K
  class space    used 8598K, capacity 9293K, committed 9340K, reserved 1048576K
}
Event: 16.237 GC heap before
{Heap before GC invocations=12 (full 0):
 garbage-first heap   total 155648K, used 111896K [0x0000000082400000, 0x0000000100000000)
  region size 1024K, 91 young (93184K), 8 survivors (8192K)
 Metaspace       used 71215K, capacity 73023K, committed 73168K, reserved 1112064K
  class space    used 9171K, capacity 9915K, committed 9980K, reserved 1048576K
}
Event: 16.252 GC heap after
{Heap after GC invocations=13 (full 0):
 garbage-first heap   total 155648K, used 30225K [0x0000000082400000, 0x0000000100000000)
  region size 1024K, 7 young (7168K), 7 survivors (7168K)
 Metaspace       used 71215K, capacity 73023K, committed 73168K, reserved 1112064K
  class space    used 9171K, capacity 9915K, committed 9980K, reserved 1048576K
}

Deoptimization events (20 events):
Event: 16.713 Thread 0x0000021ef7fe7000 Uncommon trap: trap_request=0xffffffc6 fr.pc=0x0000021e903d0a18 relative=0x00000000000006b8
Event: 16.713 Thread 0x0000021ef7fe7000 Uncommon trap: reason=bimorphic_or_optimized_type_check action=maybe_recompile pc=0x0000021e903d0a18 method=java.util.regex.Pattern$SliceI.match(Ljava/util/regex/Matcher;ILjava/lang/CharSequence;)Z @ 92 c2
Event: 16.713 Thread 0x0000021ef7fe7000 DEOPT PACKING pc=0x0000021e903d0a18 sp=0x00000050172f9db0
Event: 16.713 Thread 0x0000021ef7fe7000 DEOPT UNPACKING pc=0x0000021e8865662f sp=0x00000050172f9d48 mode 2
Event: 16.739 Thread 0x0000021ef7fe7000 Uncommon trap: trap_request=0xffffff7e fr.pc=0x0000021e90498734 relative=0x00000000000003f4
Event: 16.739 Thread 0x0000021ef7fe7000 Uncommon trap: reason=predicate action=maybe_recompile pc=0x0000021e90498734 method=java.util.StringTokenizer.skipDelimiters(I)I @ 17 c2
Event: 16.739 Thread 0x0000021ef7fe7000 DEOPT PACKING pc=0x0000021e90498734 sp=0x00000050172f8e30
Event: 16.739 Thread 0x0000021ef7fe7000 DEOPT UNPACKING pc=0x0000021e8865662f sp=0x00000050172f8dd8 mode 2
Event: 16.739 Thread 0x0000021ef7fe7000 Uncommon trap: trap_request=0xffffff4d fr.pc=0x0000021e901f9aac relative=0x000000000000040c
Event: 16.739 Thread 0x0000021ef7fe7000 Uncommon trap: reason=unstable_if action=reinterpret pc=0x0000021e901f9aac method=java.util.StringTokenizer.scanToken(I)I @ 96 c2
Event: 16.739 Thread 0x0000021ef7fe7000 DEOPT PACKING pc=0x0000021e901f9aac sp=0x00000050172f8e30
Event: 16.739 Thread 0x0000021ef7fe7000 DEOPT UNPACKING pc=0x0000021e8865662f sp=0x00000050172f8dd0 mode 2
Event: 16.808 Thread 0x0000021ef7fe7000 Uncommon trap: trap_request=0xffffff4d fr.pc=0x0000021e90394d68 relative=0x0000000000000208
Event: 16.808 Thread 0x0000021ef7fe7000 Uncommon trap: reason=unstable_if action=reinterpret pc=0x0000021e90394d68 method=java.util.regex.Matcher.reset()Ljava/util/regex/Matcher; @ 71 c2
Event: 16.808 Thread 0x0000021ef7fe7000 DEOPT PACKING pc=0x0000021e90394d68 sp=0x00000050172f8b90
Event: 16.808 Thread 0x0000021ef7fe7000 DEOPT UNPACKING pc=0x0000021e8865662f sp=0x00000050172f8b18 mode 2
Event: 16.808 Thread 0x0000021ef7fe7000 Uncommon trap: trap_request=0xffffff4d fr.pc=0x0000021e90414020 relative=0x0000000000000340
Event: 16.808 Thread 0x0000021ef7fe7000 Uncommon trap: reason=unstable_if action=reinterpret pc=0x0000021e90414020 method=java.util.regex.Matcher.search(I)Z @ 76 c2
Event: 16.808 Thread 0x0000021ef7fe7000 DEOPT PACKING pc=0x0000021e90414020 sp=0x00000050172f8bf0
Event: 16.808 Thread 0x0000021ef7fe7000 DEOPT UNPACKING pc=0x0000021e8865662f sp=0x00000050172f8b90 mode 2

Classes redefined (0 events):
No events

Internal exceptions (20 events):
Event: 16.102 Thread 0x0000021ef7fe7000 Exception <a 'java/lang/ClassNotFoundException'{0x00000000871c0548}: org/springframework/beans/factory/AwareCustomizer> (0x00000000871c0548) thrown at [./src/hotspot/share/classfile/systemDictionary.cpp, line 231]
Event: 16.103 Thread 0x0000021ef7fe7000 Exception <a 'java/lang/ClassNotFoundException'{0x00000000871dae48}: org/springframework/beans/factory/InitializingBeanCustomizer> (0x00000000871dae48) thrown at [./src/hotspot/share/classfile/systemDictionary.cpp, line 231]
Event: 16.104 Thread 0x0000021ef7fe7000 Exception <a 'java/lang/ClassNotFoundException'{0x00000000871f5518}: org/springframework/beans/factory/DisposableBeanCustomizer> (0x00000000871f5518) thrown at [./src/hotspot/share/classfile/systemDictionary.cpp, line 231]
Event: 16.293 Thread 0x0000021ef7fe7000 Exception <a 'java/lang/ClassNotFoundException'{0x000000008b8ad078}: java/lang/ObjectCustomizer> (0x000000008b8ad078) thrown at [./src/hotspot/share/classfile/systemDictionary.cpp, line 231]
Event: 16.293 Thread 0x0000021ef7fe7000 Exception <a 'java/lang/ClassNotFoundException'{0x000000008b8c9138}: com/example/carrentservice/models/CustomerCustomizer> (0x000000008b8c9138) thrown at [./src/hotspot/share/classfile/systemDictionary.cpp, line 231]
Event: 16.340 Thread 0x0000021ef7fe7000 Exception <a 'java/lang/ClassNotFoundException'{0x000000008b6bfe48}: java/lang/ObjectCustomizer> (0x000000008b6bfe48) thrown at [./src/hotspot/share/classfile/systemDictionary.cpp, line 231]
Event: 16.341 Thread 0x0000021ef7fe7000 Exception <a 'java/lang/ClassNotFoundException'{0x000000008b6dab28}: com/example/carrentservice/models/CarCustomizer> (0x000000008b6dab28) thrown at [./src/hotspot/share/classfile/systemDictionary.cpp, line 231]
Event: 16.350 Thread 0x0000021ef7fe7000 Exception <a 'java/lang/ClassNotFoundException'{0x000000008b5265b0}: java/lang/ObjectCustomizer> (0x000000008b5265b0) thrown at [./src/hotspot/share/classfile/systemDictionary.cpp, line 231]
Event: 16.351 Thread 0x0000021ef7fe7000 Exception <a 'java/lang/ClassNotFoundException'{0x000000008b5434f8}: com/example/carrentservice/models/BorrowedDateCustomizer> (0x000000008b5434f8) thrown at [./src/hotspot/share/classfile/systemDictionary.cpp, line 231]
Event: 16.404 Thread 0x0000021ef7fe7000 Exception <a 'java/lang/IncompatibleClassChangeError'{0x000000008b2322e8}: Found class java.lang.Object, but interface was expected> (0x000000008b2322e8) thrown at [./src/hotspot/share/interpreter/linkResolver.cpp, line 839]
Event: 16.413 Thread 0x0000021ef7fe7000 Exception <a 'java/lang/NoSuchMethodError'{0x000000008b2bf268}: 'void java.lang.invoke.DirectMethodHandle$Holder.invokeSpecial(java.lang.Object, java.lang.Object, java.lang.Object, java.lang.Object, java.lang.Object, java.lang.Object, java.lang.Object)'> (0x000000008b2bf268) thrown at [./src/hotspot/share/interpreter/linkResolver.cpp, line 773]
Event: 16.534 Thread 0x0000021ef7fe7000 Exception <a 'java/lang/reflect/InvocationTargetException'{0x000000008a64dd10}> (0x000000008a64dd10) thrown at [./src/hotspot/share/runtime/reflection.cpp, line 1247]
Event: 16.550 Thread 0x0000021ef7fe7000 Exception <a 'java/lang/NoSuchMethodError'{0x000000008a530220}: 'java.lang.Object java.lang.invoke.DirectMethodHandle$Holder.invokeStatic(java.lang.Object, java.lang.Object, int, java.lang.Object)'> (0x000000008a530220) thrown at [./src/hotspot/share/interpreter/linkResolver.cpp, line 773]
Event: 16.557 Thread 0x0000021ef7fe7000 Exception <a 'java/lang/IncompatibleClassChangeError'{0x000000008a58cd68}: Found class java.lang.Object, but interface was expected> (0x000000008a58cd68) thrown at [./src/hotspot/share/interpreter/linkResolver.cpp, line 839]
Event: 16.634 Thread 0x0000021ef7fe7000 Exception <a 'java/lang/reflect/InvocationTargetException'{0x000000008a04d140}> (0x000000008a04d140) thrown at [./src/hotspot/share/runtime/reflection.cpp, line 1247]
Event: 16.636 Thread 0x0000021ef7fe7000 Exception <a 'java/lang/reflect/InvocationTargetException'{0x000000008a057f08}> (0x000000008a057f08) thrown at [./src/hotspot/share/runtime/reflection.cpp, line 1247]
Event: 16.655 Thread 0x0000021ef7fe7000 Exception <a 'java/lang/ClassNotFoundException'{0x0000000089f45c98}: java/lang/ObjectCustomizer> (0x0000000089f45c98) thrown at [./src/hotspot/share/classfile/systemDictionary.cpp, line 231]
Event: 16.656 Thread 0x0000021ef7fe7000 Exception <a 'java/lang/ClassNotFoundException'{0x0000000089f638f8}: com/example/carrentservice/services/CustomerServiceCustomizer> (0x0000000089f638f8) thrown at [./src/hotspot/share/classfile/systemDictionary.cpp, line 231]
Event: 16.658 Thread 0x0000021ef7fe7000 Exception <a 'java/lang/ClassNotFoundException'{0x0000000089f70700}: java/lang/ObjectCustomizer> (0x0000000089f70700) thrown at [./src/hotspot/share/classfile/systemDictionary.cpp, line 231]
Event: 16.659 Thread 0x0000021ef7fe7000 Exception <a 'java/lang/ClassNotFoundException'{0x0000000089f8c928}: com/example/carrentservice/services/MailServiceCustomizer> (0x0000000089f8c928) thrown at [./src/hotspot/share/classfile/systemDictionary.cpp, line 231]

Events (20 events):
Event: 16.921 loading class org/springframework/data/jpa/repository/query/StringQuery$1
Event: 16.921 loading class org/springframework/data/jpa/repository/query/StringQuery$1 done
Event: 16.928 loading class org/hibernate/param/NamedParameterSpecification
Event: 16.928 loading class org/hibernate/param/NamedParameterSpecification done
Event: 16.929 loading class org/hibernate/param/AbstractExplicitParameterSpecification
Event: 16.929 loading class org/hibernate/param/AbstractExplicitParameterSpecification done
Event: 16.929 loading class org/hibernate/param/ExplicitParameterSpecification
Event: 16.929 loading class org/hibernate/param/ExplicitParameterSpecification done
Event: 16.930 loading class org/hibernate/hql/internal/ast/util/ColumnHelper
Event: 16.930 loading class org/hibernate/hql/internal/ast/util/ColumnHelper done
Event: 16.931 loading class org/hibernate/param/PositionalParameterSpecification
Event: 16.931 loading class org/hibernate/param/PositionalParameterSpecification done
Event: 16.931 loading class org/hibernate/hql/internal/ast/NamedParameterInformationImpl
Event: 16.931 loading class org/hibernate/hql/internal/ast/NamedParameterInformationImpl done
Event: 16.932 loading class org/hibernate/hql/spi/NamedParameterInformation
Event: 16.932 loading class org/hibernate/hql/spi/NamedParameterInformation done
Event: 16.932 loading class org/hibernate/engine/query/spi/NamedParameterDescriptor
Event: 16.932 loading class org/hibernate/engine/query/spi/NamedParameterDescriptor done
Event: 16.933 loading class org/hibernate/engine/query/spi/AbstractParameterDescriptor
Event: 16.933 loading class org/hibernate/engine/query/spi/AbstractParameterDescriptor done


Dynamic libraries:
0x00007ff69e540000 - 0x00007ff69e54d000 	C:\Users\Anton\.jdks\corretto-11.0.11\bin\java.exe
0x00007ffca9700000 - 0x00007ffca98f0000 	C:\WINDOWS\SYSTEM32\ntdll.dll
0x00007ffca8310000 - 0x00007ffca83c2000 	C:\WINDOWS\System32\KERNEL32.DLL
0x00007ffca7500000 - 0x00007ffca77a4000 	C:\WINDOWS\System32\KERNELBASE.dll
0x00007ffca6850000 - 0x00007ffca694a000 	C:\WINDOWS\System32\ucrtbase.dll
0x00007ffca3d30000 - 0x00007ffca3d47000 	C:\Users\Anton\.jdks\corretto-11.0.11\bin\jli.dll
0x00007ffca1850000 - 0x00007ffca1869000 	C:\Users\Anton\.jdks\corretto-11.0.11\bin\VCRUNTIME140.dll
0x00007ffca9350000 - 0x00007ffca94e5000 	C:\WINDOWS\System32\USER32.dll
0x00007ffca6700000 - 0x00007ffca6721000 	C:\WINDOWS\System32\win32u.dll
0x00007ffca8550000 - 0x00007ffca8576000 	C:\WINDOWS\System32\GDI32.dll
0x00007ffc714c0000 - 0x00007ffc71744000 	C:\WINDOWS\WinSxS\amd64_microsoft.windows.common-controls_6595b64144ccf1df_6.0.18362.1016_none_9e7a36bbe461dae4\COMCTL32.dll
0x00007ffca6950000 - 0x00007ffca6ae6000 	C:\WINDOWS\System32\gdi32full.dll
0x00007ffca85f0000 - 0x00007ffca868e000 	C:\WINDOWS\System32\msvcrt.dll
0x00007ffca67b0000 - 0x00007ffca684e000 	C:\WINDOWS\System32\msvcp_win.dll
0x00007ffca7f20000 - 0x00007ffca8255000 	C:\WINDOWS\System32\combase.dll
0x00007ffca7e00000 - 0x00007ffca7f20000 	C:\WINDOWS\System32\RPCRT4.dll
0x00007ffca6680000 - 0x00007ffca6700000 	C:\WINDOWS\System32\bcryptPrimitives.dll
0x00007ffca94f0000 - 0x00007ffca951e000 	C:\WINDOWS\System32\IMM32.DLL
0x00007ffc83ef0000 - 0x00007ffc83f8b000 	C:\Users\Anton\.jdks\corretto-11.0.11\bin\msvcp140.dll
0x00007ffc4fb40000 - 0x00007ffc5068c000 	C:\Users\Anton\.jdks\corretto-11.0.11\bin\server\jvm.dll
0x00007ffca8eb0000 - 0x00007ffca8f53000 	C:\WINDOWS\System32\ADVAPI32.dll
0x00007ffca8d90000 - 0x00007ffca8e27000 	C:\WINDOWS\System32\sechost.dll
0x00007ffca8d80000 - 0x00007ffca8d88000 	C:\WINDOWS\System32\PSAPI.DLL
0x00007ffc71c30000 - 0x00007ffc71c39000 	C:\WINDOWS\SYSTEM32\WSOCK32.dll
0x00007ffca1100000 - 0x00007ffca1124000 	C:\WINDOWS\SYSTEM32\WINMM.dll
0x00007ffc9b730000 - 0x00007ffc9b73a000 	C:\WINDOWS\SYSTEM32\VERSION.dll
0x00007ffca8580000 - 0x00007ffca85ef000 	C:\WINDOWS\System32\WS2_32.dll
0x00007ffca1030000 - 0x00007ffca105d000 	C:\WINDOWS\SYSTEM32\winmmbase.dll
0x00007ffca6760000 - 0x00007ffca67aa000 	C:\WINDOWS\System32\cfgmgr32.dll
0x00007ffca65c0000 - 0x00007ffca65d1000 	C:\WINDOWS\System32\kernel.appcore.dll
0x00007ffca3d20000 - 0x00007ffca3d30000 	C:\Users\Anton\.jdks\corretto-11.0.11\bin\verify.dll
0x00007ffca3e30000 - 0x00007ffca4024000 	C:\WINDOWS\SYSTEM32\DBGHELP.DLL
0x00007ffc73bd0000 - 0x00007ffc73bfa000 	C:\WINDOWS\SYSTEM32\dbgcore.DLL
0x00007ffc9d620000 - 0x00007ffc9d648000 	C:\Users\Anton\.jdks\corretto-11.0.11\bin\java.dll
0x00007ffca1810000 - 0x00007ffca181a000 	C:\Users\Anton\.jdks\corretto-11.0.11\bin\jimage.dll
0x00007ffca1460000 - 0x00007ffca146e000 	C:\Users\Anton\.jdks\corretto-11.0.11\bin\instrument.dll
0x00007ffca1740000 - 0x00007ffca1757000 	C:\Users\Anton\.jdks\corretto-11.0.11\bin\zip.dll
0x00007ffca8690000 - 0x00007ffca8d77000 	C:\WINDOWS\System32\SHELL32.dll
0x00007ffca8260000 - 0x00007ffca8309000 	C:\WINDOWS\System32\shcore.dll
0x00007ffca6af0000 - 0x00007ffca7272000 	C:\WINDOWS\System32\windows.storage.dll
0x00007ffca6600000 - 0x00007ffca6623000 	C:\WINDOWS\System32\profapi.dll
0x00007ffca6630000 - 0x00007ffca667a000 	C:\WINDOWS\System32\powrprof.dll
0x00007ffca65b0000 - 0x00007ffca65c0000 	C:\WINDOWS\System32\UMPDC.dll
0x00007ffca9660000 - 0x00007ffca96b2000 	C:\WINDOWS\System32\shlwapi.dll
0x00007ffca7390000 - 0x00007ffca73a7000 	C:\WINDOWS\System32\cryptsp.dll
0x00007ffca13d0000 - 0x00007ffca13e9000 	C:\Users\Anton\.jdks\corretto-11.0.11\bin\net.dll
0x00007ffca43f0000 - 0x00007ffca44e0000 	C:\WINDOWS\SYSTEM32\WINHTTP.dll
0x00007ffca5e10000 - 0x00007ffca5e77000 	C:\WINDOWS\system32\mswsock.dll
0x00007ffc9ad50000 - 0x00007ffc9ad62000 	C:\Users\Anton\.jdks\corretto-11.0.11\bin\nio.dll
0x00007ffc83ed0000 - 0x00007ffc83eea000 	C:\Program Files\JetBrains\IntelliJ IDEA 2021.1.2\bin\breakgen64.dll
0x00007ffc9ad40000 - 0x00007ffc9ad49000 	C:\Users\Anton\.jdks\corretto-11.0.11\bin\management.dll
0x00007ffc9ad30000 - 0x00007ffc9ad3b000 	C:\Users\Anton\.jdks\corretto-11.0.11\bin\management_ext.dll
0x00007ffca18a0000 - 0x00007ffca18b6000 	C:\WINDOWS\system32\napinsp.dll
0x00007ffca1880000 - 0x00007ffca189a000 	C:\WINDOWS\system32\pnrpnsp.dll
0x00007ffca5b60000 - 0x00007ffca5c2b000 	C:\WINDOWS\SYSTEM32\DNSAPI.dll
0x00007ffca8ea0000 - 0x00007ffca8ea8000 	C:\WINDOWS\System32\NSI.dll
0x00007ffca5b20000 - 0x00007ffca5b5a000 	C:\WINDOWS\SYSTEM32\IPHLPAPI.DLL
0x00007ffca1870000 - 0x00007ffca187e000 	C:\WINDOWS\System32\winrnr.dll
0x00007ffca1700000 - 0x00007ffca171c000 	C:\WINDOWS\system32\NLAapi.dll
0x00007ffca09b0000 - 0x00007ffca09c5000 	C:\WINDOWS\system32\wshbth.dll
0x00000000509b0000 - 0x00000000509ba000 	C:\Program Files\National Instruments\Shared\mDNS Responder\nimdnsNSP.dll
0x00000000509a0000 - 0x00000000509b0000 	C:\WINDOWS\SYSTEM32\nimdnsResponder.dll
0x00007ffc9a0d0000 - 0x00007ffc9a0da000 	C:\Windows\System32\rasadhlp.dll
0x00007ffc9c760000 - 0x00007ffc9c7d7000 	C:\WINDOWS\System32\fwpuclnt.dll
0x00007ffca6730000 - 0x00007ffca6756000 	C:\WINDOWS\System32\bcrypt.dll
0x00007ffc9ad20000 - 0x00007ffc9ad2e000 	C:\Users\Anton\.jdks\corretto-11.0.11\bin\sunmscapi.dll
0x00007ffca73b0000 - 0x00007ffca74f9000 	C:\WINDOWS\System32\CRYPT32.dll
0x00007ffca65e0000 - 0x00007ffca65f2000 	C:\WINDOWS\System32\MSASN1.dll
0x00007ffca60e0000 - 0x00007ffca6106000 	C:\WINDOWS\SYSTEM32\ncrypt.dll
0x00007ffca60a0000 - 0x00007ffca60db000 	C:\WINDOWS\SYSTEM32\NTASN1.dll
0x00007ffc840e0000 - 0x00007ffc84105000 	C:\Users\Anton\.jdks\corretto-11.0.11\bin\sunec.dll
0x00007ffca5980000 - 0x00007ffca59b3000 	C:\WINDOWS\system32\rsaenh.dll
0x00007ffca64d0000 - 0x00007ffca64f5000 	C:\WINDOWS\SYSTEM32\USERENV.dll
0x00007ffca5fe0000 - 0x00007ffca5fec000 	C:\WINDOWS\SYSTEM32\CRYPTBASE.dll
0x00007ffc9cca0000 - 0x00007ffc9ccb6000 	C:\WINDOWS\SYSTEM32\dhcpcsvc6.DLL
0x00007ffc9cc80000 - 0x00007ffc9cc9c000 	C:\WINDOWS\SYSTEM32\dhcpcsvc.DLL

dbghelp: loaded successfully - version: 4.0.5 - missing functions: none
symbol engine: initialized successfully - sym options: 0x614 - pdb path: .;C:\Users\Anton\.jdks\corretto-11.0.11\bin;C:\WINDOWS\SYSTEM32;C:\WINDOWS\WinSxS\amd64_microsoft.windows.common-controls_6595b64144ccf1df_6.0.18362.1016_none_9e7a36bbe461dae4;C:\Users\Anton\.jdks\corretto-11.0.11\bin\server;C:\Program Files\JetBrains\IntelliJ IDEA 2021.1.2\bin;C:\Program Files\National Instruments\Shared\mDNS Responder

VM Arguments:
jvm_args: -ea -Didea.test.cyclic.buffer.size=1048576 -javaagent:C:\Program Files\JetBrains\IntelliJ IDEA 2021.1.2\lib\idea_rt.jar=55642:C:\Program Files\JetBrains\IntelliJ IDEA 2021.1.2\bin -Dfile.encoding=UTF-8 
java_command: com.intellij.rt.junit.JUnitStarter -ideVersion5 -junit5 com.example.carrentservice.controllers.CarControllerIntegrationTest,allCarsUnauthorizedRequestStatus
java_class_path (initial): C:\Program Files\JetBrains\IntelliJ IDEA 2021.1.2\lib\idea_rt.jar;C:\Users\Anton\.m2\repository\org\junit\platform\junit-platform-launcher\1.7.2\junit-platform-launcher-1.7.2.jar;C:\Program Files\JetBrains\IntelliJ IDEA 2021.1.2\plugins\junit\lib\junit5-rt.jar;C:\Program Files\JetBrains\IntelliJ IDEA 2021.1.2\plugins\junit\lib\junit-rt.jar;C:\Users\Anton\source\3-1\__ \\\CarRentService\target\test-classes;C:\Users\Anton\source\3-1\__ \\\CarRentService\target\classes;C:\Users\Anton\.m2\repository\org\hibernate\validator\hibernate-validator\6.1.6.Final\hibernate-validator-6.1.6.Final.jar;C:\Users\Anton\.m2\repository\jakarta\validation\jakarta.validation-api\2.0.2\jakarta.validation-api-2.0.2.jar;C:\Users\Anton\.m2\repository\org\jboss\logging\jboss-logging\3.4.2.Final\jboss-logging-3.4.2.Final.jar;C:\Users\Anton\.m2\repository\com\fasterxml\classmate\1.5.1\classmate-1.5.1.jar;C:\Users\Anton\.m2\repository\org\springdoc\springdoc-openapi-ui\1.2.32\springdoc-openapi-ui-1.2.32.jar;C:\Users\Anton\.m2\repository\org\springdoc\springdoc-openapi-webmvc-core\1.2.32\springdoc-openapi-webmvc-core-1.2.32.jar;C:\Users\Anton\.m2\repository\org\springdoc\springdoc-openapi-common\1.2.32\springdoc-openapi-common-1.2.32.jar;C:\Users\Anton\.m2\repository\io\swagger\core\v3\swagger-models\2.1.1\swagger-models-2.1.1.jar;C:\Users\Anton\.m2\repository\io\swagger\core\v3\swagger-annotations\2.1.1\swagger-annotations-2.1.1.jar;C:\Users\Anton\.m2\repository\io\swagger\core\v3\swagger-integration\2.1.1\swagger-integration-2.1.1.jar;C:\Users\Anton\.m2\repository\io\swagger\core\v3\swagger-core\2.1.1\swagger-core-2.1.1.jar;C:\Users\Anton\.m2\repository\javax\xml\bind\jaxb-api\2.3.1\jaxb-api-2.3.1.jar;C:\Users\Anton\.m2\repository\javax\activation\javax.activation-api\1.2.0\javax.activation-api-1.2.0.jar;C:\Users\Anton\.m2\repository\com\fasterxml\jackson\dataformat\jackson-data
Launcher Type: SUN_STANDARD

[Global flags]
     intx CICompilerCount                          = 4                                         {product} {ergonomic}
     uint ConcGCThreads                            = 2                                         {product} {ergonomic}
     uint G1ConcRefinementThreads                  = 8                                         {product} {ergonomic}
   size_t G1HeapRegionSize                         = 1048576                                   {product} {ergonomic}
    uintx GCDrainStackTargetSize                   = 64                                        {product} {ergonomic}
   size_t InitialHeapSize                          = 132120576                                 {product} {ergonomic}
   size_t MarkStackSize                            = 4194304                                   {product} {ergonomic}
   size_t MaxHeapSize                              = 2109734912                                {product} {ergonomic}
   size_t MaxNewSize                               = 1265631232                                {product} {ergonomic}
   size_t MinHeapDeltaBytes                        = 1048576                                   {product} {ergonomic}
    uintx NonNMethodCodeHeapSize                   = 5836300                                {pd product} {ergonomic}
    uintx NonProfiledCodeHeapSize                  = 122910970                              {pd product} {ergonomic}
    uintx ProfiledCodeHeapSize                     = 122910970                              {pd product} {ergonomic}
    uintx ReservedCodeCacheSize                    = 251658240                              {pd product} {ergonomic}
     bool SegmentedCodeCache                       = true                                      {product} {ergonomic}
     bool UseCompressedClassPointers               = true                                 {lp64_product} {ergonomic}
     bool UseCompressedOops                        = true                                 {lp64_product} {ergonomic}
     bool UseG1GC                                  = true                                      {product} {ergonomic}
     bool UseLargePagesIndividualAllocation        = false                                  {pd product} {ergonomic}

Logging:
Log output configuration:
 #0: stdout all=warning uptime,level,tags
 #1: stderr all=off uptime,level,tags

Environment Variables:
JAVA_HOME=C:\Users\Anton\.jdks\corretto-11.0.11
PATH=C:\Python39\Scripts\;C:\Python39\;%JAVA_HOME%\bin;C:\Program Files (x86)\Intel\iCLS Client\;C:\Program Files\Intel\iCLS Client\;C:\WINDOWS\system32;C:\WINDOWS;C:\WINDOWS\System32\Wbem;C:\WINDOWS\System32\WindowsPowerShell\v1.0\;C:\Program Files (x86)\Intel\Intel(R) Management Engine Components\DAL;C:\Program Files\Intel\Intel(R) Management Engine Components\DAL;C:\Program Files (x86)\Intel\Intel(R) Management Engine Components\IPT;C:\Program Files\Intel\Intel(R) Management Engine Components\IPT;C:\WINDOWS\System32\OpenSSH\;C:\Program Files\Intel\WiFi\bin\;C:\Program Files\Common Files\Intel\WirelessCommon\;C:\Program Files\Git\cmd;C:\Program Files\Microsoft SQL Server\130\Tools\Binn\;C:\Program Files\Microsoft SQL Server\Client SDK\ODBC\170\Tools\Binn\;C:\Program Files (x86)\Microsoft SQL Server\150\DTS\Binn\;C:\Program Files (x86)\Microsoft SQL Server\150\Tools\Binn\;C:\Program Files\Microsoft SQL Server\150\Tools\Binn\;C:\Program Files\Microsoft SQL Server\150\DTS\Binn\;C:\Program Files\dotnet\;C:\Program Files (x86)\dotnet\;C:\Users\Anton\.jdks\corretto-11.0.11;C:\Program Files\nodejs\;C:\ProgramData\chocolatey\bin;c:\aspectj1.9\bin;C:\Users\Anton\.jdks\corretto-11.0.11\bin;C:\Program Files\Azure Data Studio\bin;C:\Users\Anton\AppData\Local\Programs\Microsoft VS Code\bin;C:\Users\Anton\.dotnet\tools;C:\Program Files\JetBrains\IntelliJ IDEA 2021.1.2\bin;;C:\Users\Anton\source\repos\pacei_NV_sovremenueTehnologiyVInternet\\Lab11(Maven)\apache-maven-3.8.1\bin\;C:\Users\Anton\AppData\Roaming\npm;c:\aspectj1.9\bin;
USERNAME=Anton
OS=Windows_NT
PROCESSOR_IDENTIFIER=Intel64 Family 6 Model 142 Stepping 10, GenuineIntel



---------------  S Y S T E M  ---------------

OS: Windows 10 , 64 bit Build 18362 (10.0.18362.959)
OS uptime: 1 days 0:21 hours

CPU:total 8 (initial active 8) (4 cores per cpu, 2 threads per core) family 6 model 142 stepping 10 microcode 0xca, cmov, cx8, fxsr, mmx, sse, sse2, sse3, ssse3, sse4.1, sse4.2, popcnt, avx, avx2, aes, clmul, erms, 3dnowpref, lzcnt, ht, tsc, tscinvbit, bmi1, bmi2, adx, fma

Memory: 4k page, system-wide physical 8046M (830M free)
TotalPageFile size 12142M (AvailPageFile size 6M)
current process WorkingSet (physical memory assigned to process): 370M, peak: 374M
current process commit charge ("private bytes"): 433M, peak: 436M

vm_info: OpenJDK 64-Bit Server VM (11.0.11+9-LTS) for windows-amd64 JRE (11.0.11+9-LTS), built on Apr 14 2021 00:00:20 by "Administrator" with MS VC++ 15.9 (VS2017)

END.
