#
# There is insufficient memory for the Java Runtime Environment to continue.
# Native memory allocation (mmap) failed to map 32505856 bytes for Failed to commit area from 0x000000008bc00000 to 0x000000008db00000 of length 32505856.
# Possible reasons:
#   The system is out of physical RAM or swap space
#   The process is running with CompressedOops enabled, and the Java Heap may be blocking the growth of the native heap
# Possible solutions:
#   Reduce memory load on the system
#   Increase physical memory or swap space
#   Check if swap backing store is full
#   Decrease Java heap size (-Xmx/-Xms)
#   Decrease number of Java threads
#   Decrease Java thread stack sizes (-Xss)
#   Set larger code cache with -XX:ReservedCodeCacheSize=
#   JVM is running with Unscaled Compressed Oops mode in which the Java heap is
#     placed in the first 4GB address space. The Java Heap base address is the
#     maximum limit for the native heap growth. Please use -XX:HeapBaseMinAddress
#     to set the Java Heap base and to place the Java Heap above 4GB virtual address.
# This output file may be truncated or incomplete.
#
#  Out of Memory Error (./src/hotspot/os/windows/os_windows.cpp:3301), pid=17496, tid=4200
#
# JRE version: OpenJDK Runtime Environment Corretto-11.0.11.9.1 (11.0.11+9) (build 11.0.11+9-LTS)
# Java VM: OpenJDK 64-Bit Server VM Corretto-11.0.11.9.1 (11.0.11+9-LTS, mixed mode, tiered, compressed oops, g1 gc, windows-amd64)
# No core dump will be written. Minidumps are not enabled by default on client versions of Windows
#

---------------  S U M M A R Y ------------

Command Line: C:\Users\Anton\AppData\Local\Temp\surefire2759737411257810457\surefirebooter14918608687697704943.jar C:\Users\Anton\AppData\Local\Temp\surefire2759737411257810457 2021-11-02T18-50-37_177-jvmRun1 surefire16327391233792534872tmp surefire_09488621137864432642tmp

Host: Intel(R) Core(TM) i5-8250U CPU @ 1.60GHz, 8 cores, 7G,  Windows 10 , 64 bit Build 18362 (10.0.18362.959)
Time: Tue Nov  2 18:50:53 2021 Aaea?onu (ceia) elapsed time: 16.337843 seconds (0d 0h 0m 16s)

---------------  T H R E A D  ---------------

Current thread (0x00000224b2194000):  VMThread "VM Thread" [stack: 0x0000006011400000,0x0000006011500000] [id=4200]

Stack: [0x0000006011400000,0x0000006011500000]
[error occurred during error reporting (printing stack bounds), id 0xc0000005, EXCEPTION_ACCESS_VIOLATION (0xc0000005) at pc=0x000002249b970f2d]

Native frames: (J=compiled Java code, j=interpreted, Vv=VM code, C=native code)
V  [jvm.dll+0x5f867a]
V  [jvm.dll+0x78124e]
V  [jvm.dll+0x78291f]
V  [jvm.dll+0x782f45]
V  [jvm.dll+0x782efb]
V  [jvm.dll+0x5f7b63]
V  [jvm.dll+0x5f8278]
C  [ntdll.dll+0xa11cf]
C  [ntdll.dll+0x6a209]
C  [ntdll.dll+0x9fe3e]
C  0x000002249b970f2d

VM_Operation (0x0000006010efc560): CollectForMetadataAllocation, mode: safepoint, requested by thread 0x000002249327c000


---------------  P R O C E S S  ---------------

Threads class SMR info:
_java_thread_list=0x00000224b785c080, length=12, elements={
0x000002249327c000, 0x00000224b2194800, 0x00000224b21c1000, 0x00000224b2b29800,
0x00000224b2b2b000, 0x00000224b2b30000, 0x00000224b2b45000, 0x00000224b2b46000,
0x00000224b2b32800, 0x00000224b2b33800, 0x00000224b2b34000, 0x00000224b2b31000
}

Java Threads: ( => current thread )
  0x000002249327c000 JavaThread "main" [_thread_blocked, id=18916, stack(0x0000006010e00000,0x0000006010f00000)]
  0x00000224b2194800 JavaThread "Reference Handler" daemon [_thread_blocked, id=18144, stack(0x0000006011500000,0x0000006011600000)]
  0x00000224b21c1000 JavaThread "Finalizer" daemon [_thread_blocked, id=21800, stack(0x0000006011600000,0x0000006011700000)]
  0x00000224b2b29800 JavaThread "Signal Dispatcher" daemon [_thread_blocked, id=12008, stack(0x0000006011700000,0x0000006011800000)]
  0x00000224b2b2b000 JavaThread "Attach Listener" daemon [_thread_blocked, id=13912, stack(0x0000006011800000,0x0000006011900000)]
  0x00000224b2b30000 JavaThread "Service Thread" daemon [_thread_blocked, id=10208, stack(0x0000006011900000,0x0000006011a00000)]
  0x00000224b2b45000 JavaThread "C2 CompilerThread0" daemon [_thread_blocked, id=16628, stack(0x0000006011a00000,0x0000006011b00000)]
  0x00000224b2b46000 JavaThread "C1 CompilerThread0" daemon [_thread_blocked, id=19912, stack(0x0000006011b00000,0x0000006011c00000)]
  0x00000224b2b32800 JavaThread "Sweeper thread" daemon [_thread_blocked, id=15072, stack(0x0000006011c00000,0x0000006011d00000)]
  0x00000224b2b33800 JavaThread "Common-Cleaner" daemon [_thread_blocked, id=11756, stack(0x0000006011e00000,0x0000006011f00000)]
  0x00000224b2b34000 JavaThread "surefire-forkedjvm-command-thread" daemon [_thread_in_native, id=7216, stack(0x0000006011f00000,0x0000006012000000)]
  0x00000224b2b31000 JavaThread "surefire-forkedjvm-ping-30s" daemon [_thread_blocked, id=15528, stack(0x0000006012000000,0x0000006012100000)]

Other Threads:
=>0x00000224b2194000 VMThread "VM Thread" [stack: 0x0000006011400000,0x0000006011500000] [id=4200]
  0x00000224b2cc0000 WatcherThread [stack: 0x0000006011d00000,0x0000006011e00000] [id=22516]
  0x0000022493294000 GCTaskThread "GC Thread#0" [stack: 0x0000006010f00000,0x0000006011000000] [id=19416]
  0x00000224b3d4f000 GCTaskThread "GC Thread#1" [stack: 0x0000006012200000,0x0000006012300000] [id=14908]
  0x00000224b3626800 GCTaskThread "GC Thread#2" [stack: 0x0000006012300000,0x0000006012400000] [id=2140]
  0x00000224b4310000 GCTaskThread "GC Thread#3" [stack: 0x0000006012700000,0x0000006012800000] [id=5988]
  0x00000224932c6000 ConcurrentGCThread "G1 Main Marker" [stack: 0x0000006011000000,0x0000006011100000] [id=264]
  0x00000224932c7800 ConcurrentGCThread "G1 Conc#0" [stack: 0x0000006011100000,0x0000006011200000] [id=17564]
  0x00000224b4839800 ConcurrentGCThread "G1 Conc#1" [stack: 0x0000006012400000,0x0000006012500000] [id=2628]
  0x000002249333e000 ConcurrentGCThread "G1 Refine#0" [stack: 0x0000006011200000,0x0000006011300000] [id=13380]
  0x00000224b2000800 ConcurrentGCThread "G1 Young RemSet Sampling" [stack: 0x0000006011300000,0x0000006011400000] [id=8064]

Threads with active compile tasks:
C2 CompilerThread0  16357 4811       4       jdk.internal.org.objectweb.asm.ClassWriter::newNameTypeItem (71 bytes)

VM state:at safepoint (normal execution)

VM Mutex/Monitor currently owned by a thread:  ([mutex/lock_event])
[0x000002249327b5d0] Threads_lock - owner thread: 0x00000224b2194000
[0x000002249327a460] Heap_lock - owner thread: 0x000002249327c000

Heap address: 0x0000000082400000, size: 2012 MB, Compressed Oops mode: 32-bit
Narrow klass base: 0x0000000000000000, Narrow klass shift: 3
Compressed class space size: 1073741824 Address: 0x0000000100000000

Heap:
 garbage-first heap   total 187392K, used 20406K [0x0000000082400000, 0x0000000100000000)
  region size 1024K, 6 young (6144K), 6 survivors (6144K)
 Metaspace       used 58437K, capacity 60015K, committed 60160K, reserved 1101824K
  class space    used 7431K, capacity 8098K, committed 8192K, reserved 1048576K
Heap Regions: E=young(eden), S=young(survivor), O=old, HS=humongous(starts), HC=humongous(continues), CS=collection set, F=free, A=archive, TAMS=top-at-mark-start (previous, next)
|   0|0x0000000082400000, 0x0000000082500000, 0x0000000082500000|100%|HS|  |TAMS 0x0000000082500000, 0x0000000082500000| Complete 
|   1|0x0000000082500000, 0x0000000082600000, 0x0000000082600000|100%| O|  |TAMS 0x0000000082600000, 0x0000000082600000| Untracked 
|   2|0x0000000082600000, 0x0000000082700000, 0x0000000082700000|100%| O|  |TAMS 0x0000000082700000, 0x0000000082700000| Untracked 
|   3|0x0000000082700000, 0x0000000082800000, 0x0000000082800000|100%| O|  |TAMS 0x0000000082800000, 0x0000000082800000| Untracked 
|   4|0x0000000082800000, 0x0000000082900000, 0x0000000082900000|100%| O|  |TAMS 0x0000000082900000, 0x0000000082900000| Untracked 
|   5|0x0000000082900000, 0x0000000082a00000, 0x0000000082a00000|100%| O|  |TAMS 0x0000000082a00000, 0x0000000082a00000| Untracked 
|   6|0x0000000082a00000, 0x0000000082b00000, 0x0000000082b00000|100%| O|  |TAMS 0x0000000082b00000, 0x0000000082b00000| Untracked 
|   7|0x0000000082b00000, 0x0000000082c00000, 0x0000000082c00000|100%| O|  |TAMS 0x0000000082c00000, 0x0000000082c00000| Untracked 
|   8|0x0000000082c00000, 0x0000000082d00000, 0x0000000082d00000|100%| O|  |TAMS 0x0000000082d00000, 0x0000000082d00000| Untracked 
|   9|0x0000000082d00000, 0x0000000082e00000, 0x0000000082e00000|100%| O|  |TAMS 0x0000000082d6c800, 0x0000000082e00000| Untracked 
|  10|0x0000000082e00000, 0x0000000082f00000, 0x0000000082f00000|100%| O|  |TAMS 0x0000000082e00000, 0x0000000082f00000| Untracked 
|  11|0x0000000082f00000, 0x0000000083000000, 0x0000000083000000|100%| O|  |TAMS 0x0000000082f00000, 0x0000000083000000| Untracked 
|  12|0x0000000083000000, 0x0000000083100000, 0x0000000083100000|100%| O|  |TAMS 0x0000000083000000, 0x0000000083100000| Untracked 
|  13|0x0000000083100000, 0x0000000083200000, 0x0000000083200000|100%| O|  |TAMS 0x0000000083100000, 0x0000000083200000| Untracked 
|  14|0x0000000083200000, 0x0000000083222e00, 0x0000000083300000| 13%| O|  |TAMS 0x0000000083200000, 0x0000000083222e00| Untracked 
|  15|0x0000000083300000, 0x0000000083300000, 0x0000000083400000|  0%| F|  |TAMS 0x0000000083300000, 0x0000000083300000| Untracked 
|  16|0x0000000083400000, 0x0000000083400000, 0x0000000083500000|  0%| F|  |TAMS 0x0000000083400000, 0x0000000083400000| Untracked 
|  17|0x0000000083500000, 0x0000000083500000, 0x0000000083600000|  0%| F|  |TAMS 0x0000000083500000, 0x0000000083500000| Untracked 
|  18|0x0000000083600000, 0x0000000083600000, 0x0000000083700000|  0%| F|  |TAMS 0x0000000083600000, 0x0000000083600000| Untracked 
|  19|0x0000000083700000, 0x0000000083700000, 0x0000000083800000|  0%| F|  |TAMS 0x0000000083700000, 0x0000000083700000| Untracked 
|  20|0x0000000083800000, 0x0000000083800000, 0x0000000083900000|  0%| F|  |TAMS 0x0000000083800000, 0x0000000083800000| Untracked 
|  21|0x0000000083900000, 0x0000000083900000, 0x0000000083a00000|  0%| F|  |TAMS 0x0000000083900000, 0x0000000083900000| Untracked 
|  22|0x0000000083a00000, 0x0000000083a00000, 0x0000000083b00000|  0%| F|  |TAMS 0x0000000083a00000, 0x0000000083a00000| Untracked 
|  23|0x0000000083b00000, 0x0000000083b00000, 0x0000000083c00000|  0%| F|  |TAMS 0x0000000083b00000, 0x0000000083b00000| Untracked 
|  24|0x0000000083c00000, 0x0000000083c00000, 0x0000000083d00000|  0%| F|  |TAMS 0x0000000083c00000, 0x0000000083c00000| Untracked 
|  25|0x0000000083d00000, 0x0000000083d00000, 0x0000000083e00000|  0%| F|  |TAMS 0x0000000083d00000, 0x0000000083d00000| Untracked 
|  26|0x0000000083e00000, 0x0000000083e00000, 0x0000000083f00000|  0%| F|  |TAMS 0x0000000083e00000, 0x0000000083e00000| Untracked 
|  27|0x0000000083f00000, 0x0000000083f00000, 0x0000000084000000|  0%| F|  |TAMS 0x0000000083f00000, 0x0000000083f00000| Untracked 
|  28|0x0000000084000000, 0x0000000084000000, 0x0000000084100000|  0%| F|  |TAMS 0x0000000084000000, 0x0000000084000000| Untracked 
|  29|0x0000000084100000, 0x0000000084100000, 0x0000000084200000|  0%| F|  |TAMS 0x0000000084100000, 0x0000000084100000| Untracked 
|  30|0x0000000084200000, 0x0000000084200000, 0x0000000084300000|  0%| F|  |TAMS 0x0000000084200000, 0x0000000084200000| Untracked 
|  31|0x0000000084300000, 0x0000000084300000, 0x0000000084400000|  0%| F|  |TAMS 0x0000000084300000, 0x0000000084300000| Untracked 
|  32|0x0000000084400000, 0x0000000084400000, 0x0000000084500000|  0%| F|  |TAMS 0x0000000084400000, 0x0000000084400000| Untracked 
|  33|0x0000000084500000, 0x0000000084500000, 0x0000000084600000|  0%| F|  |TAMS 0x0000000084500000, 0x0000000084500000| Untracked 
|  34|0x0000000084600000, 0x0000000084600000, 0x0000000084700000|  0%| F|  |TAMS 0x0000000084600000, 0x0000000084600000| Untracked 
|  35|0x0000000084700000, 0x0000000084700000, 0x0000000084800000|  0%| F|  |TAMS 0x0000000084700000, 0x0000000084700000| Untracked 
|  36|0x0000000084800000, 0x0000000084800000, 0x0000000084900000|  0%| F|  |TAMS 0x0000000084800000, 0x0000000084800000| Untracked 
|  37|0x0000000084900000, 0x0000000084900000, 0x0000000084a00000|  0%| F|  |TAMS 0x0000000084900000, 0x0000000084900000| Untracked 
|  38|0x0000000084a00000, 0x0000000084a00000, 0x0000000084b00000|  0%| F|  |TAMS 0x0000000084a00000, 0x0000000084a00000| Untracked 
|  39|0x0000000084b00000, 0x0000000084b00000, 0x0000000084c00000|  0%| F|  |TAMS 0x0000000084b00000, 0x0000000084b00000| Untracked 
|  40|0x0000000084c00000, 0x0000000084c00000, 0x0000000084d00000|  0%| F|  |TAMS 0x0000000084c00000, 0x0000000084c00000| Untracked 
|  41|0x0000000084d00000, 0x0000000084d00000, 0x0000000084e00000|  0%| F|  |TAMS 0x0000000084d00000, 0x0000000084d00000| Untracked 
|  42|0x0000000084e00000, 0x0000000084e00000, 0x0000000084f00000|  0%| F|  |TAMS 0x0000000084e00000, 0x0000000084e00000| Untracked 
|  43|0x0000000084f00000, 0x0000000084f00000, 0x0000000085000000|  0%| F|  |TAMS 0x0000000084f00000, 0x0000000084f00000| Untracked 
|  44|0x0000000085000000, 0x0000000085000000, 0x0000000085100000|  0%| F|  |TAMS 0x0000000085000000, 0x0000000085000000| Untracked 
|  45|0x0000000085100000, 0x0000000085100000, 0x0000000085200000|  0%| F|  |TAMS 0x0000000085100000, 0x0000000085100000| Untracked 
|  46|0x0000000085200000, 0x0000000085200000, 0x0000000085300000|  0%| F|  |TAMS 0x0000000085200000, 0x0000000085200000| Untracked 
|  47|0x0000000085300000, 0x0000000085300000, 0x0000000085400000|  0%| F|  |TAMS 0x0000000085300000, 0x0000000085300000| Untracked 
|  48|0x0000000085400000, 0x0000000085400000, 0x0000000085500000|  0%| F|  |TAMS 0x0000000085400000, 0x0000000085400000| Untracked 
|  49|0x0000000085500000, 0x0000000085500000, 0x0000000085600000|  0%| F|  |TAMS 0x0000000085500000, 0x0000000085500000| Untracked 
|  50|0x0000000085600000, 0x0000000085600000, 0x0000000085700000|  0%| F|  |TAMS 0x0000000085600000, 0x0000000085600000| Untracked 
|  51|0x0000000085700000, 0x0000000085700000, 0x0000000085800000|  0%| F|  |TAMS 0x0000000085700000, 0x0000000085700000| Untracked 
|  52|0x0000000085800000, 0x0000000085800000, 0x0000000085900000|  0%| F|  |TAMS 0x0000000085800000, 0x0000000085800000| Untracked 
|  53|0x0000000085900000, 0x0000000085900000, 0x0000000085a00000|  0%| F|  |TAMS 0x0000000085900000, 0x0000000085900000| Untracked 
|  54|0x0000000085a00000, 0x0000000085a00000, 0x0000000085b00000|  0%| F|  |TAMS 0x0000000085a00000, 0x0000000085a00000| Untracked 
|  55|0x0000000085b00000, 0x0000000085b00000, 0x0000000085c00000|  0%| F|  |TAMS 0x0000000085b00000, 0x0000000085b00000| Untracked 
|  56|0x0000000085c00000, 0x0000000085c00000, 0x0000000085d00000|  0%| F|  |TAMS 0x0000000085c00000, 0x0000000085c00000| Untracked 
|  57|0x0000000085d00000, 0x0000000085d00000, 0x0000000085e00000|  0%| F|  |TAMS 0x0000000085d00000, 0x0000000085d00000| Untracked 
|  58|0x0000000085e00000, 0x0000000085e00000, 0x0000000085f00000|  0%| F|  |TAMS 0x0000000085e00000, 0x0000000085e00000| Untracked 
|  59|0x0000000085f00000, 0x0000000085f00000, 0x0000000086000000|  0%| F|  |TAMS 0x0000000085f00000, 0x0000000085f00000| Untracked 
|  60|0x0000000086000000, 0x0000000086000000, 0x0000000086100000|  0%| F|  |TAMS 0x0000000086000000, 0x0000000086000000| Untracked 
|  61|0x0000000086100000, 0x0000000086100000, 0x0000000086200000|  0%| F|  |TAMS 0x0000000086100000, 0x0000000086100000| Untracked 
|  62|0x0000000086200000, 0x0000000086200000, 0x0000000086300000|  0%| F|  |TAMS 0x0000000086200000, 0x0000000086200000| Untracked 
|  63|0x0000000086300000, 0x0000000086300000, 0x0000000086400000|  0%| F|  |TAMS 0x0000000086300000, 0x0000000086300000| Untracked 
|  64|0x0000000086400000, 0x0000000086400000, 0x0000000086500000|  0%| F|  |TAMS 0x0000000086400000, 0x0000000086400000| Untracked 
|  65|0x0000000086500000, 0x0000000086500000, 0x0000000086600000|  0%| F|  |TAMS 0x0000000086500000, 0x0000000086500000| Untracked 
|  66|0x0000000086600000, 0x0000000086600000, 0x0000000086700000|  0%| F|  |TAMS 0x0000000086600000, 0x0000000086600000| Untracked 
|  67|0x0000000086700000, 0x0000000086700000, 0x0000000086800000|  0%| F|  |TAMS 0x0000000086700000, 0x0000000086700000| Untracked 
|  68|0x0000000086800000, 0x0000000086800000, 0x0000000086900000|  0%| F|  |TAMS 0x0000000086800000, 0x0000000086800000| Untracked 
|  69|0x0000000086900000, 0x0000000086900000, 0x0000000086a00000|  0%| F|  |TAMS 0x0000000086900000, 0x0000000086900000| Untracked 
|  70|0x0000000086a00000, 0x0000000086a00000, 0x0000000086b00000|  0%| F|  |TAMS 0x0000000086a00000, 0x0000000086a00000| Untracked 
|  71|0x0000000086b00000, 0x0000000086b00000, 0x0000000086c00000|  0%| F|  |TAMS 0x0000000086b00000, 0x0000000086b00000| Untracked 
|  72|0x0000000086c00000, 0x0000000086c00000, 0x0000000086d00000|  0%| F|  |TAMS 0x0000000086c00000, 0x0000000086c00000| Untracked 
|  73|0x0000000086d00000, 0x0000000086d00000, 0x0000000086e00000|  0%| F|  |TAMS 0x0000000086d00000, 0x0000000086d00000| Untracked 
|  74|0x0000000086e00000, 0x0000000086e00000, 0x0000000086f00000|  0%| F|  |TAMS 0x0000000086e00000, 0x0000000086e00000| Untracked 
|  75|0x0000000086f00000, 0x0000000086f00000, 0x0000000087000000|  0%| F|  |TAMS 0x0000000086f00000, 0x0000000086f00000| Untracked 
|  76|0x0000000087000000, 0x0000000087000000, 0x0000000087100000|  0%| F|  |TAMS 0x0000000087000000, 0x0000000087000000| Untracked 
|  77|0x0000000087100000, 0x0000000087100000, 0x0000000087200000|  0%| F|  |TAMS 0x0000000087100000, 0x0000000087100000| Untracked 
|  78|0x0000000087200000, 0x0000000087200000, 0x0000000087300000|  0%| F|  |TAMS 0x0000000087200000, 0x0000000087200000| Untracked 
|  79|0x0000000087300000, 0x0000000087300000, 0x0000000087400000|  0%| F|  |TAMS 0x0000000087300000, 0x0000000087300000| Untracked 
|  80|0x0000000087400000, 0x0000000087400000, 0x0000000087500000|  0%| F|  |TAMS 0x0000000087400000, 0x0000000087400000| Untracked 
|  81|0x0000000087500000, 0x0000000087500000, 0x0000000087600000|  0%| F|  |TAMS 0x0000000087500000, 0x0000000087500000| Untracked 
|  82|0x0000000087600000, 0x0000000087600000, 0x0000000087700000|  0%| F|  |TAMS 0x0000000087600000, 0x0000000087600000| Untracked 
|  83|0x0000000087700000, 0x0000000087700000, 0x0000000087800000|  0%| F|  |TAMS 0x0000000087700000, 0x0000000087700000| Untracked 
|  84|0x0000000087800000, 0x0000000087800000, 0x0000000087900000|  0%| F|  |TAMS 0x0000000087800000, 0x0000000087800000| Untracked 
|  85|0x0000000087900000, 0x0000000087900000, 0x0000000087a00000|  0%| F|  |TAMS 0x0000000087900000, 0x0000000087900000| Untracked 
|  86|0x0000000087a00000, 0x0000000087a00000, 0x0000000087b00000|  0%| F|  |TAMS 0x0000000087a00000, 0x0000000087a00000| Untracked 
|  87|0x0000000087b00000, 0x0000000087b00000, 0x0000000087c00000|  0%| F|  |TAMS 0x0000000087b00000, 0x0000000087b00000| Untracked 
|  88|0x0000000087c00000, 0x0000000087c00000, 0x0000000087d00000|  0%| F|  |TAMS 0x0000000087c00000, 0x0000000087c00000| Untracked 
|  89|0x0000000087d00000, 0x0000000087d00000, 0x0000000087e00000|  0%| F|  |TAMS 0x0000000087d00000, 0x0000000087d00000| Untracked 
|  90|0x0000000087e00000, 0x0000000087e00000, 0x0000000087f00000|  0%| F|  |TAMS 0x0000000087e00000, 0x0000000087e00000| Untracked 
|  91|0x0000000087f00000, 0x0000000087f00000, 0x0000000088000000|  0%| F|  |TAMS 0x0000000087f00000, 0x0000000087f00000| Untracked 
|  92|0x0000000088000000, 0x0000000088000000, 0x0000000088100000|  0%| F|  |TAMS 0x0000000088000000, 0x0000000088000000| Untracked 
|  93|0x0000000088100000, 0x0000000088100000, 0x0000000088200000|  0%| F|  |TAMS 0x0000000088100000, 0x0000000088100000| Untracked 
|  94|0x0000000088200000, 0x0000000088200000, 0x0000000088300000|  0%| F|  |TAMS 0x0000000088200000, 0x0000000088200000| Untracked 
|  95|0x0000000088300000, 0x0000000088300000, 0x0000000088400000|  0%| F|  |TAMS 0x0000000088300000, 0x0000000088300000| Untracked 
|  96|0x0000000088400000, 0x0000000088400000, 0x0000000088500000|  0%| F|  |TAMS 0x0000000088400000, 0x0000000088400000| Untracked 
|  97|0x0000000088500000, 0x0000000088500000, 0x0000000088600000|  0%| F|  |TAMS 0x0000000088500000, 0x0000000088500000| Untracked 
|  98|0x0000000088600000, 0x0000000088600000, 0x0000000088700000|  0%| F|  |TAMS 0x0000000088600000, 0x0000000088600000| Untracked 
|  99|0x0000000088700000, 0x0000000088700000, 0x0000000088800000|  0%| F|  |TAMS 0x0000000088700000, 0x0000000088700000| Untracked 
| 100|0x0000000088800000, 0x0000000088800000, 0x0000000088900000|  0%| F|  |TAMS 0x0000000088800000, 0x0000000088800000| Untracked 
| 101|0x0000000088900000, 0x00000000889cab00, 0x0000000088a00000| 79%| S|CS|TAMS 0x0000000088900000, 0x0000000088900000| Complete 
| 102|0x0000000088a00000, 0x0000000088b00000, 0x0000000088b00000|100%| S|CS|TAMS 0x0000000088a00000, 0x0000000088a00000| Complete 
| 103|0x0000000088b00000, 0x0000000088c00000, 0x0000000088c00000|100%| S|CS|TAMS 0x0000000088b00000, 0x0000000088b00000| Complete 
| 104|0x0000000088c00000, 0x0000000088d00000, 0x0000000088d00000|100%| S|CS|TAMS 0x0000000088c00000, 0x0000000088c00000| Complete 
| 105|0x0000000088d00000, 0x0000000088e00000, 0x0000000088e00000|100%| S|CS|TAMS 0x0000000088d00000, 0x0000000088d00000| Complete 
| 106|0x0000000088e00000, 0x0000000088f00000, 0x0000000088f00000|100%| S|CS|TAMS 0x0000000088e00000, 0x0000000088e00000| Complete 
| 107|0x0000000088f00000, 0x0000000088f00000, 0x0000000089000000|  0%| F|  |TAMS 0x0000000088f00000, 0x0000000088f00000| Untracked 
| 108|0x0000000089000000, 0x0000000089000000, 0x0000000089100000|  0%| F|  |TAMS 0x0000000089000000, 0x0000000089000000| Untracked 
| 109|0x0000000089100000, 0x0000000089100000, 0x0000000089200000|  0%| F|  |TAMS 0x0000000089100000, 0x0000000089100000| Untracked 
| 110|0x0000000089200000, 0x0000000089200000, 0x0000000089300000|  0%| F|  |TAMS 0x0000000089200000, 0x0000000089200000| Untracked 
| 111|0x0000000089300000, 0x0000000089300000, 0x0000000089400000|  0%| F|  |TAMS 0x0000000089300000, 0x0000000089300000| Untracked 
| 112|0x0000000089400000, 0x0000000089400000, 0x0000000089500000|  0%| F|  |TAMS 0x0000000089400000, 0x0000000089400000| Untracked 
| 113|0x0000000089500000, 0x0000000089500000, 0x0000000089600000|  0%| F|  |TAMS 0x0000000089500000, 0x0000000089500000| Untracked 
| 114|0x0000000089600000, 0x0000000089600000, 0x0000000089700000|  0%| F|  |TAMS 0x0000000089600000, 0x0000000089600000| Untracked 
| 115|0x0000000089700000, 0x0000000089700000, 0x0000000089800000|  0%| F|  |TAMS 0x0000000089700000, 0x0000000089700000| Untracked 
| 116|0x0000000089800000, 0x0000000089800000, 0x0000000089900000|  0%| F|  |TAMS 0x0000000089800000, 0x0000000089800000| Untracked 
| 117|0x0000000089900000, 0x0000000089900000, 0x0000000089a00000|  0%| F|  |TAMS 0x0000000089900000, 0x0000000089900000| Untracked 
| 118|0x0000000089a00000, 0x0000000089a00000, 0x0000000089b00000|  0%| F|  |TAMS 0x0000000089a00000, 0x0000000089a00000| Untracked 
| 119|0x0000000089b00000, 0x0000000089b00000, 0x0000000089c00000|  0%| F|  |TAMS 0x0000000089b00000, 0x0000000089b00000| Untracked 
| 120|0x0000000089c00000, 0x0000000089c00000, 0x0000000089d00000|  0%| F|  |TAMS 0x0000000089c00000, 0x0000000089c00000| Untracked 
| 121|0x0000000089d00000, 0x0000000089d00000, 0x0000000089e00000|  0%| F|  |TAMS 0x0000000089d00000, 0x0000000089d00000| Untracked 
| 122|0x0000000089e00000, 0x0000000089e00000, 0x0000000089f00000|  0%| F|  |TAMS 0x0000000089e00000, 0x0000000089e00000| Untracked 
| 123|0x0000000089f00000, 0x0000000089f00000, 0x000000008a000000|  0%| F|  |TAMS 0x0000000089f00000, 0x0000000089f00000| Untracked 
| 124|0x000000008a000000, 0x000000008a000000, 0x000000008a100000|  0%| F|  |TAMS 0x000000008a000000, 0x000000008a000000| Untracked 
| 125|0x000000008a100000, 0x000000008a100000, 0x000000008a200000|  0%| F|  |TAMS 0x000000008a100000, 0x000000008a100000| Untracked 
| 126|0x000000008a200000, 0x000000008a200000, 0x000000008a300000|  0%| F|  |TAMS 0x000000008a200000, 0x000000008a200000| Untracked 
| 127|0x000000008a300000, 0x000000008a300000, 0x000000008a400000|  0%| F|  |TAMS 0x000000008a300000, 0x000000008a300000| Untracked 
| 128|0x000000008a400000, 0x000000008a400000, 0x000000008a500000|  0%| F|  |TAMS 0x000000008a400000, 0x000000008a400000| Untracked 
| 129|0x000000008a500000, 0x000000008a500000, 0x000000008a600000|  0%| F|  |TAMS 0x000000008a500000, 0x000000008a500000| Untracked 
| 130|0x000000008a600000, 0x000000008a600000, 0x000000008a700000|  0%| F|  |TAMS 0x000000008a600000, 0x000000008a600000| Untracked 
| 131|0x000000008a700000, 0x000000008a700000, 0x000000008a800000|  0%| F|  |TAMS 0x000000008a700000, 0x000000008a700000| Untracked 
| 132|0x000000008a800000, 0x000000008a800000, 0x000000008a900000|  0%| F|  |TAMS 0x000000008a800000, 0x000000008a800000| Untracked 
| 133|0x000000008a900000, 0x000000008a900000, 0x000000008aa00000|  0%| F|  |TAMS 0x000000008a900000, 0x000000008a900000| Untracked 
| 134|0x000000008aa00000, 0x000000008aa00000, 0x000000008ab00000|  0%| F|  |TAMS 0x000000008aa00000, 0x000000008aa00000| Untracked 
| 135|0x000000008ab00000, 0x000000008ab00000, 0x000000008ac00000|  0%| F|  |TAMS 0x000000008ab00000, 0x000000008ab00000| Untracked 
| 136|0x000000008ac00000, 0x000000008ac00000, 0x000000008ad00000|  0%| F|  |TAMS 0x000000008ac00000, 0x000000008ac00000| Untracked 
| 137|0x000000008ad00000, 0x000000008ad00000, 0x000000008ae00000|  0%| F|  |TAMS 0x000000008ad00000, 0x000000008ad00000| Untracked 
| 138|0x000000008ae00000, 0x000000008ae00000, 0x000000008af00000|  0%| F|  |TAMS 0x000000008ae00000, 0x000000008ae00000| Untracked 
| 139|0x000000008af00000, 0x000000008af00000, 0x000000008b000000|  0%| F|  |TAMS 0x000000008af00000, 0x000000008af00000| Untracked 
| 140|0x000000008b000000, 0x000000008b000000, 0x000000008b100000|  0%| F|  |TAMS 0x000000008b000000, 0x000000008b000000| Untracked 
| 141|0x000000008b100000, 0x000000008b100000, 0x000000008b200000|  0%| F|  |TAMS 0x000000008b100000, 0x000000008b100000| Untracked 
| 142|0x000000008b200000, 0x000000008b200000, 0x000000008b300000|  0%| F|  |TAMS 0x000000008b200000, 0x000000008b200000| Untracked 
| 143|0x000000008b300000, 0x000000008b300000, 0x000000008b400000|  0%| F|  |TAMS 0x000000008b300000, 0x000000008b300000| Untracked 
| 144|0x000000008b400000, 0x000000008b400000, 0x000000008b500000|  0%| F|  |TAMS 0x000000008b400000, 0x000000008b400000| Untracked 
| 145|0x000000008b500000, 0x000000008b500000, 0x000000008b600000|  0%| F|  |TAMS 0x000000008b500000, 0x000000008b500000| Untracked 
| 146|0x000000008b600000, 0x000000008b600000, 0x000000008b700000|  0%| F|  |TAMS 0x000000008b600000, 0x000000008b600000| Untracked 
| 147|0x000000008b700000, 0x000000008b700000, 0x000000008b800000|  0%| F|  |TAMS 0x000000008b700000, 0x000000008b700000| Untracked 
| 148|0x000000008b800000, 0x000000008b800000, 0x000000008b900000|  0%| F|  |TAMS 0x000000008b800000, 0x000000008b800000| Untracked 
| 149|0x000000008b900000, 0x000000008b900000, 0x000000008ba00000|  0%| F|  |TAMS 0x000000008b900000, 0x000000008b900000| Untracked 
| 150|0x000000008ba00000, 0x000000008ba00000, 0x000000008bb00000|  0%| F|  |TAMS 0x000000008ba00000, 0x000000008ba00000| Untracked 
| 151|0x000000008bb00000, 0x000000008bb00000, 0x000000008bc00000|  0%| F|  |TAMS 0x000000008bb00000, 0x000000008bb00000| Untracked 

Card table byte_map: [0x00000224ab090000,0x00000224ab480000] _byte_map_base: 0x00000224aac7e000

Marking Bits (Prev, Next): (CMBitMap*) 0x00000224932bd3d8, (CMBitMap*) 0x00000224932bd410
 Prev Bits: [0x00000224ab870000, 0x00000224ad7e0000)
 Next Bits: [0x00000224ad7e0000, 0x00000224af750000)

Polling page: 0x0000022491240000

Metaspace:

Usage:
  Non-class:     50.70 MB capacity,    49.81 MB ( 98%) used,   710.33 KB (  1%) free+waste,   200.75 KB ( <1%) overhead. 
      Class:      7.91 MB capacity,     7.26 MB ( 92%) used,   569.04 KB (  7%) free+waste,    97.81 KB (  1%) overhead. 
       Both:     58.61 MB capacity,    57.07 MB ( 97%) used,     1.25 MB (  2%) free+waste,   298.56 KB ( <1%) overhead. 

Virtual space:
  Non-class space:       52.00 MB reserved,      50.75 MB ( 98%) committed 
      Class space:        1.00 GB reserved,       8.00 MB ( <1%) committed 
             Both:        1.05 GB reserved,      58.75 MB (  5%) committed 

Chunk freelists:
   Non-Class:  0 bytes
       Class:  0 bytes
        Both:  0 bytes

MaxMetaspaceSize: 17179869184.00 GB
CompressedClassSpaceSize: 1.00 GB

CodeHeap 'non-profiled nmethods': size=120000Kb used=2946Kb max_used=2946Kb free=117054Kb
 bounds [0x00000224a3440000, 0x00000224a3730000, 0x00000224aa970000]
CodeHeap 'profiled nmethods': size=120000Kb used=10496Kb max_used=10496Kb free=109503Kb
 bounds [0x000002249bf10000, 0x000002249c960000, 0x00000224a3440000]
CodeHeap 'non-nmethods': size=5760Kb used=1246Kb max_used=1261Kb free=4513Kb
 bounds [0x000002249b970000, 0x000002249bbe0000, 0x000002249bf10000]
 total_blobs=5445 nmethods=4821 adapters=535
 compilation: enabled
              stopped_count=0, restarted_count=0
 full_count=0

Compilation events (20 events):
Event: 16.319 Thread 0x00000224b2b46000 4818       3       jdk.internal.misc.VM::isSystemDomainLoader (17 bytes)
Event: 16.319 Thread 0x00000224b2b45000 nmethod 4807 0x00000224a371f390 code [0x00000224a371f580, 0x00000224a371ff18]
Event: 16.319 Thread 0x00000224b2b45000 4813       4       java.lang.invoke.MethodType::checkPtypes (61 bytes)
Event: 16.320 Thread 0x00000224b2b46000 nmethod 4818 0x000002249c94af90 code [0x000002249c94b1e0, 0x000002249c94bb98]
Event: 16.322 Thread 0x00000224b2b45000 nmethod 4813 0x00000224a3720310 code [0x00000224a37204c0, 0x00000224a3720618]
Event: 16.322 Thread 0x00000224b2b45000 4811       4       jdk.internal.org.objectweb.asm.ClassWriter::newNameTypeItem (71 bytes)
Event: 16.325 Thread 0x00000224b2b46000 4820       3       java.lang.invoke.InnerClassLambdaMetafactory$1::run (5 bytes)
Event: 16.326 Thread 0x00000224b2b46000 nmethod 4820 0x000002249c94be90 code [0x000002249c94c100, 0x000002249c94c8a8]
Event: 16.326 Thread 0x00000224b2b46000 4826   !   3       org.springframework.util.ConcurrentReferenceHashMap$Segment::clear (69 bytes)
Event: 16.326 Thread 0x00000224b2b46000 nmethod 4826 0x000002249c94cc10 code [0x000002249c94ce80, 0x000002249c94d898]
Event: 16.326 Thread 0x00000224b2b46000 4821       3       java.lang.invoke.InnerClassLambdaMetafactory$1::run (23 bytes)
Event: 16.327 Thread 0x00000224b2b46000 nmethod 4821 0x000002249c94dc90 code [0x000002249c94df20, 0x000002249c94e838]
Event: 16.327 Thread 0x00000224b2b46000 4822       3       java.lang.invoke.DelegatingMethodHandle::rebind (8 bytes)
Event: 16.327 Thread 0x00000224b2b46000 nmethod 4822 0x000002249c94ec10 code [0x000002249c94ede0, 0x000002249c94f058]
Event: 16.327 Thread 0x00000224b2b46000 4823       3       java.lang.invoke.SimpleMethodHandle::speciesData (4 bytes)
Event: 16.327 Thread 0x00000224b2b46000 nmethod 4823 0x000002249c94f110 code [0x000002249c94f2c0, 0x000002249c94f3d8]
Event: 16.327 Thread 0x00000224b2b46000 4824       3       java.lang.invoke.SimpleMethodHandle::copyWithExtendL (7 bytes)
Event: 16.327 Thread 0x00000224b2b46000 nmethod 4824 0x000002249c94f490 code [0x000002249c94f660, 0x000002249c94f988]
Event: 16.327 Thread 0x00000224b2b46000 4825       3       java.lang.invoke.BoundMethodHandle::bindSingle (7 bytes)
Event: 16.327 Thread 0x00000224b2b46000 nmethod 4825 0x000002249c94fb10 code [0x000002249c94fce0, 0x000002249c94ff88]

GC Heap History (17 events):
Event: 0.585 GC heap before
{Heap before GC invocations=0 (full 0):
 garbage-first heap   total 129024K, used 24576K [0x0000000082400000, 0x0000000100000000)
  region size 1024K, 24 young (24576K), 0 survivors (0K)
 Metaspace       used 12125K, capacity 12541K, committed 12672K, reserved 1060864K
  class space    used 1196K, capacity 1343K, committed 1408K, reserved 1048576K
}
Event: 0.591 GC heap after
{Heap after GC invocations=1 (full 0):
 garbage-first heap   total 129024K, used 8073K [0x0000000082400000, 0x0000000100000000)
  region size 1024K, 3 young (3072K), 3 survivors (3072K)
 Metaspace       used 12125K, capacity 12541K, committed 12672K, reserved 1060864K
  class space    used 1196K, capacity 1343K, committed 1408K, reserved 1048576K
}
Event: 1.325 GC heap before
{Heap before GC invocations=1 (full 0):
 garbage-first heap   total 129024K, used 59273K [0x0000000082400000, 0x0000000100000000)
  region size 1024K, 54 young (55296K), 3 survivors (3072K)
 Metaspace       used 20500K, capacity 21192K, committed 21248K, reserved 1069056K
  class space    used 2272K, capacity 2535K, committed 2560K, reserved 1048576K
}
Event: 1.332 GC heap after
{Heap after GC invocations=2 (full 0):
 garbage-first heap   total 129024K, used 9953K [0x0000000082400000, 0x0000000100000000)
  region size 1024K, 5 young (5120K), 5 survivors (5120K)
 Metaspace       used 20500K, capacity 21192K, committed 21248K, reserved 1069056K
  class space    used 2272K, capacity 2535K, committed 2560K, reserved 1048576K
}
Event: 1.592 GC heap before
{Heap before GC invocations=3 (full 0):
 garbage-first heap   total 129024K, used 40673K [0x0000000082400000, 0x0000000100000000)
  region size 1024K, 35 young (35840K), 5 survivors (5120K)
 Metaspace       used 25737K, capacity 26568K, committed 26880K, reserved 1073152K
  class space    used 2934K, capacity 3265K, committed 3328K, reserved 1048576K
}
Event: 1.600 GC heap after
{Heap after GC invocations=4 (full 0):
 garbage-first heap   total 129024K, used 11201K [0x0000000082400000, 0x0000000100000000)
  region size 1024K, 4 young (4096K), 4 survivors (4096K)
 Metaspace       used 25737K, capacity 26568K, committed 26880K, reserved 1073152K
  class space    used 2934K, capacity 3265K, committed 3328K, reserved 1048576K
}
Event: 1.824 GC heap before
{Heap before GC invocations=4 (full 0):
 garbage-first heap   total 129024K, used 67521K [0x0000000082400000, 0x0000000100000000)
  region size 1024K, 60 young (61440K), 4 survivors (4096K)
 Metaspace       used 28155K, capacity 29092K, committed 29312K, reserved 1075200K
  class space    used 3242K, capacity 3598K, committed 3712K, reserved 1048576K
}
Event: 1.830 GC heap after
{Heap after GC invocations=5 (full 0):
 garbage-first heap   total 129024K, used 11773K [0x0000000082400000, 0x0000000100000000)
  region size 1024K, 4 young (4096K), 4 survivors (4096K)
 Metaspace       used 28155K, capacity 29092K, committed 29312K, reserved 1075200K
  class space    used 3242K, capacity 3598K, committed 3712K, reserved 1048576K
}
Event: 3.024 GC heap before
{Heap before GC invocations=5 (full 0):
 garbage-first heap   total 129024K, used 83453K [0x0000000082400000, 0x0000000100000000)
  region size 1024K, 74 young (75776K), 4 survivors (4096K)
 Metaspace       used 34219K, capacity 35352K, committed 35584K, reserved 1081344K
  class space    used 4053K, capacity 4523K, committed 4608K, reserved 1048576K
}
Event: 3.036 GC heap after
{Heap after GC invocations=6 (full 0):
 garbage-first heap   total 155648K, used 14809K [0x0000000082400000, 0x0000000100000000)
  region size 1024K, 7 young (7168K), 7 survivors (7168K)
 Metaspace       used 34219K, capacity 35352K, committed 35584K, reserved 1081344K
  class space    used 4053K, capacity 4523K, committed 4608K, reserved 1048576K
}
Event: 3.130 GC heap before
{Heap before GC invocations=6 (full 0):
 garbage-first heap   total 155648K, used 20953K [0x0000000082400000, 0x0000000100000000)
  region size 1024K, 14 young (14336K), 7 survivors (7168K)
 Metaspace       used 34651K, capacity 35768K, committed 35840K, reserved 1081344K
  class space    used 4131K, capacity 4597K, committed 4608K, reserved 1048576K
}
Event: 3.150 GC heap after
{Heap after GC invocations=7 (full 0):
 garbage-first heap   total 155648K, used 15548K [0x0000000082400000, 0x0000000100000000)
  region size 1024K, 6 young (6144K), 6 survivors (6144K)
 Metaspace       used 34651K, capacity 35768K, committed 35840K, reserved 1081344K
  class space    used 4131K, capacity 4597K, committed 4608K, reserved 1048576K
}
Event: 4.608 GC heap before
{Heap before GC invocations=8 (full 0):
 garbage-first heap   total 155648K, used 86204K [0x0000000082400000, 0x0000000100000000)
  region size 1024K, 76 young (77824K), 6 survivors (6144K)
 Metaspace       used 45741K, capacity 47166K, committed 47360K, reserved 1091584K
  class space    used 5442K, capacity 6035K, committed 6144K, reserved 1048576K
}
Event: 4.617 GC heap after
{Heap after GC invocations=9 (full 0):
 garbage-first heap   total 155648K, used 19597K [0x0000000082400000, 0x0000000100000000)
  region size 1024K, 9 young (9216K), 9 survivors (9216K)
 Metaspace       used 45741K, capacity 47166K, committed 47360K, reserved 1091584K
  class space    used 5442K, capacity 6035K, committed 6144K, reserved 1048576K
}
Event: 5.517 GC heap before
{Heap before GC invocations=9 (full 0):
 garbage-first heap   total 155648K, used 94349K [0x0000000082400000, 0x0000000100000000)
  region size 1024K, 82 young (83968K), 9 survivors (9216K)
 Metaspace       used 53142K, capacity 54637K, committed 54912K, reserved 1097728K
  class space    used 6614K, capacity 7220K, committed 7296K, reserved 1048576K
}
Event: 5.530 GC heap after
{Heap after GC invocations=10 (full 0):
 garbage-first heap   total 155648K, used 21121K [0x0000000082400000, 0x0000000100000000)
  region size 1024K, 7 young (7168K), 7 survivors (7168K)
 Metaspace       used 53142K, capacity 54637K, committed 54912K, reserved 1097728K
  class space    used 6614K, capacity 7220K, committed 7296K, reserved 1048576K
}
Event: 16.328 GC heap before
{Heap before GC invocations=10 (full 0):
 garbage-first heap   total 155648K, used 65153K [0x0000000082400000, 0x0000000100000000)
  region size 1024K, 52 young (53248K), 7 survivors (7168K)
 Metaspace       used 58437K, capacity 60015K, committed 60160K, reserved 1101824K
  class space    used 7431K, capacity 8098K, committed 8192K, reserved 1048576K
}

Deoptimization events (20 events):
Event: 6.016 Thread 0x000002249327c000 Uncommon trap: trap_request=0xffffffc6 fr.pc=0x00000224a3640f5c relative=0x000000000000045c
Event: 6.016 Thread 0x000002249327c000 Uncommon trap: reason=bimorphic_or_optimized_type_check action=maybe_recompile pc=0x00000224a3640f5c method=java.util.regex.Pattern$Branch.match(Ljava/util/regex/Matcher;ILjava/lang/CharSequence;)Z @ 32 c2
Event: 6.016 Thread 0x000002249327c000 DEOPT PACKING pc=0x00000224a3640f5c sp=0x0000006010efa650
Event: 6.016 Thread 0x000002249327c000 DEOPT UNPACKING pc=0x000002249b99662f sp=0x0000006010efa600 mode 2
Event: 6.110 Thread 0x000002249327c000 Uncommon trap: trap_request=0xffffffc6 fr.pc=0x00000224a36c0b34 relative=0x0000000000000e54
Event: 6.110 Thread 0x000002249327c000 Uncommon trap: reason=bimorphic_or_optimized_type_check action=maybe_recompile pc=0x00000224a36c0b34 method=java.lang.StringCoding.decode(Ljava/nio/charset/Charset;[BII)Ljava/lang/StringCoding$Result; @ 44 c2
Event: 6.110 Thread 0x000002249327c000 DEOPT PACKING pc=0x00000224a36c0b34 sp=0x0000006010efb370
Event: 6.110 Thread 0x000002249327c000 DEOPT UNPACKING pc=0x000002249b99662f sp=0x0000006010efb330 mode 2
Event: 6.110 Thread 0x000002249327c000 Uncommon trap: trap_request=0xffffffc6 fr.pc=0x00000224a36c0b34 relative=0x0000000000000e54
Event: 6.110 Thread 0x000002249327c000 Uncommon trap: reason=bimorphic_or_optimized_type_check action=maybe_recompile pc=0x00000224a36c0b34 method=java.lang.StringCoding.decode(Ljava/nio/charset/Charset;[BII)Ljava/lang/StringCoding$Result; @ 44 c2
Event: 6.110 Thread 0x000002249327c000 DEOPT PACKING pc=0x00000224a36c0b34 sp=0x0000006010efb370
Event: 6.110 Thread 0x000002249327c000 DEOPT UNPACKING pc=0x000002249b99662f sp=0x0000006010efb330 mode 2
Event: 6.110 Thread 0x000002249327c000 Uncommon trap: trap_request=0xffffffc6 fr.pc=0x00000224a36c0b34 relative=0x0000000000000e54
Event: 6.110 Thread 0x000002249327c000 Uncommon trap: reason=bimorphic_or_optimized_type_check action=maybe_recompile pc=0x00000224a36c0b34 method=java.lang.StringCoding.decode(Ljava/nio/charset/Charset;[BII)Ljava/lang/StringCoding$Result; @ 44 c2
Event: 6.110 Thread 0x000002249327c000 DEOPT PACKING pc=0x00000224a36c0b34 sp=0x0000006010efb370
Event: 6.110 Thread 0x000002249327c000 DEOPT UNPACKING pc=0x000002249b99662f sp=0x0000006010efb330 mode 2
Event: 16.325 Thread 0x000002249327c000 Uncommon trap: trap_request=0xffffff4d fr.pc=0x00000224a34f19fc relative=0x000000000000005c
Event: 16.325 Thread 0x000002249327c000 Uncommon trap: reason=unstable_if action=reinterpret pc=0x00000224a34f19fc method=org.springframework.util.ConcurrentReferenceHashMap$Segment.clear()V @ 7 c2
Event: 16.325 Thread 0x000002249327c000 DEOPT PACKING pc=0x00000224a34f19fc sp=0x0000006010efcba0
Event: 16.325 Thread 0x000002249327c000 DEOPT UNPACKING pc=0x000002249b99662f sp=0x0000006010efcb30 mode 2

Classes redefined (0 events):
No events

Internal exceptions (20 events):
Event: 4.383 Thread 0x000002249327c000 Exception <a 'java/lang/ClassNotFoundException'{0x0000000088a96678}: org/springframework/beans/factory/AwareCustomizer> (0x0000000088a96678) thrown at [./src/hotspot/share/classfile/systemDictionary.cpp, line 231]
Event: 4.383 Thread 0x000002249327c000 Exception <a 'java/lang/ClassNotFoundException'{0x0000000088aab390}: org/springframework/beans/factory/FactoryBeanCustomizer> (0x0000000088aab390) thrown at [./src/hotspot/share/classfile/systemDictionary.cpp, line 231]
Event: 4.385 Thread 0x000002249327c000 Exception <a 'java/lang/ClassNotFoundException'{0x0000000088ac5320}: org/springframework/beans/factory/BeanClassLoaderAwareCustomizer> (0x0000000088ac5320) thrown at [./src/hotspot/share/classfile/systemDictionary.cpp, line 231]
Event: 4.385 Thread 0x000002249327c000 Exception <a 'java/lang/ClassNotFoundException'{0x0000000088ad9ae8}: org/springframework/beans/factory/AwareCustomizer> (0x0000000088ad9ae8) thrown at [./src/hotspot/share/classfile/systemDictionary.cpp, line 231]
Event: 4.386 Thread 0x000002249327c000 Exception <a 'java/lang/ClassNotFoundException'{0x0000000088aef4b0}: org/springframework/beans/factory/BeanFactoryAwareCustomizer> (0x0000000088aef4b0) thrown at [./src/hotspot/share/classfile/systemDictionary.cpp, line 231]
Event: 4.387 Thread 0x000002249327c000 Exception <a 'java/lang/ClassNotFoundException'{0x0000000088904618}: org/springframework/beans/factory/AwareCustomizer> (0x0000000088904618) thrown at [./src/hotspot/share/classfile/systemDictionary.cpp, line 231]
Event: 4.387 Thread 0x000002249327c000 Exception <a 'java/lang/ClassNotFoundException'{0x00000000889192d0}: org/springframework/beans/factory/BeanNameAwareCustomizer> (0x00000000889192d0) thrown at [./src/hotspot/share/classfile/systemDictionary.cpp, line 231]
Event: 4.388 Thread 0x000002249327c000 Exception <a 'java/lang/ClassNotFoundException'{0x000000008892de58}: org/springframework/beans/factory/AwareCustomizer> (0x000000008892de58) thrown at [./src/hotspot/share/classfile/systemDictionary.cpp, line 231]
Event: 4.388 Thread 0x000002249327c000 Exception <a 'java/lang/ClassNotFoundException'{0x0000000088943820}: org/springframework/beans/factory/InitializingBeanCustomizer> (0x0000000088943820) thrown at [./src/hotspot/share/classfile/systemDictionary.cpp, line 231]
Event: 4.389 Thread 0x000002249327c000 Exception <a 'java/lang/ClassNotFoundException'{0x00000000889592f8}: org/springframework/beans/factory/DisposableBeanCustomizer> (0x00000000889592f8) thrown at [./src/hotspot/share/classfile/systemDictionary.cpp, line 231]
Event: 4.389 Thread 0x000002249327c000 Exception <a 'java/lang/ClassNotFoundException'{0x000000008896fe00}: org/springframework/orm/jpa/EntityManagerFactoryInfoCustomizer> (0x000000008896fe00) thrown at [./src/hotspot/share/classfile/systemDictionary.cpp, line 231]
Event: 4.390 Thread 0x000002249327c000 Exception <a 'java/lang/ClassNotFoundException'{0x0000000088991ad8}: org/springframework/dao/support/PersistenceExceptionTranslatorCustomizer> (0x0000000088991ad8) thrown at [./src/hotspot/share/classfile/systemDictionary.cpp, line 231]
Event: 5.436 Thread 0x000002249327c000 Exception <a 'java/lang/NoSuchMethodError'{0x0000000087b5b7b0}: 'java.lang.Object java.lang.invoke.DirectMethodHandle$Holder.newInvokeSpecial(java.lang.Object, java.lang.Object, int, java.lang.Object, java.lang.Object)'> (0x0000000087b5b7b0) thrown at [./src/hotspot/share/interpreter/linkResolver.cpp, line 773]
Event: 5.880 Thread 0x000002249327c000 Exception <a 'java/lang/NoSuchMethodError'{0x0000000089f1a9a8}: 'java.lang.Object java.lang.invoke.DirectMethodHandle$Holder.invokeStaticInit(java.lang.Object, java.lang.Object, java.lang.Object, java.lang.Object, int, int)'> (0x0000000089f1a9a8) thrown at [./src/hotspot/share/interpreter/linkResolver.cpp, line 773]
Event: 5.903 Thread 0x000002249327c000 Exception <a 'java/lang/NoSuchMethodError'{0x0000000089eb20e8}: 'void java.lang.invoke.DirectMethodHandle$Holder.invokeStaticInit(java.lang.Object, java.lang.Object, java.lang.Object, java.lang.Object)'> (0x0000000089eb20e8) thrown at [./src/hotspot/share/interpreter/linkResolver.cpp, line 773]
Event: 6.020 Thread 0x000002249327c000 Exception <a 'java/lang/NoSuchMethodError'{0x0000000089390848}: 'java.lang.Object java.lang.invoke.DirectMethodHandle$Holder.invokeStatic(java.lang.Object, java.lang.Object, java.lang.Object, java.lang.Object, java.lang.Object, java.lang.Object, java.lang.Object, java.lang.Object, java.lang.Object, java.lang.Object, java.lang.Object, java.lang.Object, java.lang.Object, java.lang.Object, java.lang.Object, int)'> (0x0000000089390848) thrown at [./src/hotspot/share/interpreter/linkResolver.cpp, line 773]
Event: 6.034 Thread 0x000002249327c000 Exception <a 'java/lang/NoSuchMethodError'{0x00000000892ae5a0}: 'java.lang.Object java.lang.invoke.DirectMethodHandle$Holder.invokeStatic(java.lang.Object, java.lang.Object, java.lang.Object, java.lang.Object, java.lang.Object, java.lang.Object, java.lang.Object, java.lang.Object, java.lang.Object, java.lang.Object, java.lang.Object, int, int, java.lang.Object, java.lang.Object)'> (0x00000000892ae5a0) thrown at [./src/hotspot/share/interpreter/linkResolver.cpp, line 773]
Event: 16.311 Thread 0x000002249327c000 Exception <a 'java/lang/NoSuchMethodError'{0x00000000890887c0}: 'java.lang.Object java.lang.invoke.DirectMethodHandle$Holder.invokeSpecial(java.lang.Object, java.lang.Object, int, int, int, int, int, int, java.lang.Object)'> (0x00000000890887c0) thrown at [./src/hotspot/share/interpreter/linkResolver.cpp, line 773]
Event: 16.311 Thread 0x000002249327c000 Exception <a 'java/lang/NoSuchMethodError'{0x000000008908c468}: 'java.lang.Object java.lang.invoke.DelegatingMethodHandle$Holder.reinvoke_L(java.lang.Object, int, int, int, int, int, int, java.lang.Object)'> (0x000000008908c468) thrown at [./src/hotspot/share/interpreter/linkResolver.cpp, line 773]
Event: 16.312 Thread 0x000002249327c000 Exception <a 'java/lang/NoSuchMethodError'{0x00000000890b7310}: 'java.lang.Object java.lang.invoke.DirectMethodHandle$Holder.invokeSpecial(java.lang.Object, java.lang.Object, int, int, int, java.lang.Object)'> (0x00000000890b7310) thrown at [./src/hotspot/share/interpreter/linkResolver.cpp, line 773]

Events (20 events):
Event: 16.323 Executing coalesced safepoint VM operation: RevokeBias done
Event: 16.323 Executing VM operation: RevokeBias done
Event: 16.323 Thread 0x00000224b2b31800 Thread exited: 0x00000224b2b31800
Event: 16.323 Thread 0x00000224b2b2e800 Thread exited: 0x00000224b2b2e800
Event: 16.324 Executing VM operation: RevokeBias
Event: 16.324 Executing VM operation: RevokeBias done
Event: 16.324 Thread 0x00000224b2b35000 Thread exited: 0x00000224b2b35000
Event: 16.326 loading class org/springframework/boot/ExitCodeGenerator
Event: 16.326 loading class org/springframework/boot/ExitCodeGenerator done
Event: 16.326 loading class org/springframework/context/ConfigurableApplicationContext
Event: 16.326 loading class org/springframework/context/ConfigurableApplicationContext done
Event: 16.326 loading class org/springframework/boot/SpringApplicationRunListeners
Event: 16.326 loading class org/springframework/boot/SpringApplicationRunListeners done
Event: 16.326 loading class org/springframework/core/metrics/StartupStep
Event: 16.326 loading class org/springframework/core/metrics/StartupStep done
Event: 16.327 loading class org/springframework/boot/context/event/EventPublishingRunListener$LoggingErrorHandler
Event: 16.327 loading class org/springframework/boot/context/event/EventPublishingRunListener$LoggingErrorHandler done
Event: 16.327 loading class org/springframework/boot/rsocket/context/RSocketServerInitializedEvent
Event: 16.327 loading class org/springframework/boot/rsocket/context/RSocketServerInitializedEvent done
Event: 16.327 Executing VM operation: CollectForMetadataAllocation


Dynamic libraries:
0x00007ff60f8f0000 - 0x00007ff60f8fd000 	C:\Users\Anton\.jdks\corretto-11.0.11\bin\java.exe
0x00007ffd3b220000 - 0x00007ffd3b410000 	C:\WINDOWS\SYSTEM32\ntdll.dll
0x00007ffd3a830000 - 0x00007ffd3a8e2000 	C:\WINDOWS\System32\KERNEL32.DLL
0x00007ffd389e0000 - 0x00007ffd38c84000 	C:\WINDOWS\System32\KERNELBASE.dll
0x00007ffd347b0000 - 0x00007ffd3483f000 	C:\WINDOWS\SYSTEM32\apphelp.dll
0x00007ffd38e60000 - 0x00007ffd38f5a000 	C:\WINDOWS\System32\ucrtbase.dll
0x00007ffd0db50000 - 0x00007ffd0db67000 	C:\Users\Anton\.jdks\corretto-11.0.11\bin\jli.dll
0x00007ffd0d780000 - 0x00007ffd0d799000 	C:\Users\Anton\.jdks\corretto-11.0.11\bin\VCRUNTIME140.dll
0x00007ffd39d90000 - 0x00007ffd39f25000 	C:\WINDOWS\System32\USER32.dll
0x00007ffd39220000 - 0x00007ffd39241000 	C:\WINDOWS\System32\win32u.dll
0x00007ffcfeec0000 - 0x00007ffcff144000 	C:\WINDOWS\WinSxS\amd64_microsoft.windows.common-controls_6595b64144ccf1df_6.0.18362.1016_none_9e7a36bbe461dae4\COMCTL32.dll
0x00007ffd3a9a0000 - 0x00007ffd3a9c6000 	C:\WINDOWS\System32\GDI32.dll
0x00007ffd39b30000 - 0x00007ffd39bce000 	C:\WINDOWS\System32\msvcrt.dll
0x00007ffd38fb0000 - 0x00007ffd39146000 	C:\WINDOWS\System32\gdi32full.dll
0x00007ffd39f30000 - 0x00007ffd3a265000 	C:\WINDOWS\System32\combase.dll
0x00007ffd39150000 - 0x00007ffd391ee000 	C:\WINDOWS\System32\msvcp_win.dll
0x00007ffd395a0000 - 0x00007ffd396c0000 	C:\WINDOWS\System32\RPCRT4.dll
0x00007ffd39250000 - 0x00007ffd392d0000 	C:\WINDOWS\System32\bcryptPrimitives.dll
0x00007ffd392d0000 - 0x00007ffd392fe000 	C:\WINDOWS\System32\IMM32.DLL
0x00007ffd0d0b0000 - 0x00007ffd0d14b000 	C:\Users\Anton\.jdks\corretto-11.0.11\bin\msvcp140.dll
0x00007ffcdde20000 - 0x00007ffcde96c000 	C:\Users\Anton\.jdks\corretto-11.0.11\bin\server\jvm.dll
0x00007ffd3a9d0000 - 0x00007ffd3aa73000 	C:\WINDOWS\System32\ADVAPI32.dll
0x00007ffd3a900000 - 0x00007ffd3a997000 	C:\WINDOWS\System32\sechost.dll
0x00007ffd3a8f0000 - 0x00007ffd3a8f8000 	C:\WINDOWS\System32\PSAPI.DLL
0x00007ffd077b0000 - 0x00007ffd077b9000 	C:\WINDOWS\SYSTEM32\WSOCK32.dll
0x00007ffd32650000 - 0x00007ffd32674000 	C:\WINDOWS\SYSTEM32\WINMM.dll
0x00007ffd3a740000 - 0x00007ffd3a7af000 	C:\WINDOWS\System32\WS2_32.dll
0x00007ffd2ead0000 - 0x00007ffd2eada000 	C:\WINDOWS\SYSTEM32\VERSION.dll
0x00007ffd32620000 - 0x00007ffd3264d000 	C:\WINDOWS\SYSTEM32\WINMMBASE.dll
0x00007ffd38f60000 - 0x00007ffd38faa000 	C:\WINDOWS\System32\cfgmgr32.dll
0x00007ffd380e0000 - 0x00007ffd380f1000 	C:\WINDOWS\System32\kernel.appcore.dll
0x00007ffd33300000 - 0x00007ffd33310000 	C:\Users\Anton\.jdks\corretto-11.0.11\bin\verify.dll
0x00007ffd35940000 - 0x00007ffd35b34000 	C:\WINDOWS\SYSTEM32\DBGHELP.DLL
0x00007ffd011e0000 - 0x00007ffd0120a000 	C:\WINDOWS\SYSTEM32\dbgcore.DLL
0x00007ffd0d6e0000 - 0x00007ffd0d708000 	C:\Users\Anton\.jdks\corretto-11.0.11\bin\java.dll
0x00007ffd282e0000 - 0x00007ffd282ea000 	C:\Users\Anton\.jdks\corretto-11.0.11\bin\jimage.dll
0x00007ffd0d6c0000 - 0x00007ffd0d6d7000 	C:\Users\Anton\.jdks\corretto-11.0.11\bin\zip.dll
0x00007ffd3aa80000 - 0x00007ffd3b167000 	C:\WINDOWS\System32\SHELL32.dll
0x00007ffd3a550000 - 0x00007ffd3a5f9000 	C:\WINDOWS\System32\shcore.dll
0x00007ffd381a0000 - 0x00007ffd38922000 	C:\WINDOWS\System32\windows.storage.dll
0x00007ffd38170000 - 0x00007ffd38193000 	C:\WINDOWS\System32\profapi.dll
0x00007ffd38120000 - 0x00007ffd3816a000 	C:\WINDOWS\System32\powrprof.dll
0x00007ffd380d0000 - 0x00007ffd380e0000 	C:\WINDOWS\System32\UMPDC.dll
0x00007ffd3a420000 - 0x00007ffd3a472000 	C:\WINDOWS\System32\shlwapi.dll
0x00007ffd38cf0000 - 0x00007ffd38d07000 	C:\WINDOWS\System32\cryptsp.dll
0x00007ffd0d510000 - 0x00007ffd0d529000 	C:\Users\Anton\.jdks\corretto-11.0.11\bin\net.dll
0x00007ffd35c80000 - 0x00007ffd35d70000 	C:\WINDOWS\SYSTEM32\WINHTTP.dll
0x00007ffd37930000 - 0x00007ffd37997000 	C:\WINDOWS\system32\mswsock.dll
0x00007ffd0d4f0000 - 0x00007ffd0d502000 	C:\Users\Anton\.jdks\corretto-11.0.11\bin\nio.dll
0x00007ffd0d2c0000 - 0x00007ffd0d2c9000 	C:\Users\Anton\.jdks\corretto-11.0.11\bin\management.dll
0x00007ffd0d290000 - 0x00007ffd0d29b000 	C:\Users\Anton\.jdks\corretto-11.0.11\bin\management_ext.dll
0x00007ffd08120000 - 0x00007ffd08136000 	C:\WINDOWS\system32\napinsp.dll
0x00007ffd005f0000 - 0x00007ffd0060a000 	C:\WINDOWS\system32\pnrpnsp.dll
0x00007ffd37680000 - 0x00007ffd3774b000 	C:\WINDOWS\SYSTEM32\DNSAPI.dll
0x00007ffd39500000 - 0x00007ffd39508000 	C:\WINDOWS\System32\NSI.dll
0x00007ffd37640000 - 0x00007ffd3767a000 	C:\WINDOWS\SYSTEM32\IPHLPAPI.DLL
0x00007ffd021e0000 - 0x00007ffd021ee000 	C:\WINDOWS\System32\winrnr.dll
0x00007ffd33160000 - 0x00007ffd3317c000 	C:\WINDOWS\system32\NLAapi.dll
0x00007ffd32580000 - 0x00007ffd32595000 	C:\WINDOWS\system32\wshbth.dll
0x0000000050a30000 - 0x0000000050a3a000 	C:\Program Files\National Instruments\Shared\mDNS Responder\nimdnsNSP.dll
0x0000000050a20000 - 0x0000000050a30000 	C:\WINDOWS\SYSTEM32\nimdnsResponder.dll
0x00007ffd31100000 - 0x00007ffd3110a000 	C:\Windows\System32\rasadhlp.dll
0x00007ffd2df20000 - 0x00007ffd2df97000 	C:\WINDOWS\System32\fwpuclnt.dll
0x00007ffd391f0000 - 0x00007ffd39216000 	C:\WINDOWS\System32\bcrypt.dll
0x00007ffd0d280000 - 0x00007ffd0d28e000 	C:\Users\Anton\.jdks\corretto-11.0.11\bin\sunmscapi.dll
0x00007ffd38d10000 - 0x00007ffd38e59000 	C:\WINDOWS\System32\CRYPT32.dll
0x00007ffd38100000 - 0x00007ffd38112000 	C:\WINDOWS\System32\MSASN1.dll
0x00007ffd37c00000 - 0x00007ffd37c26000 	C:\WINDOWS\SYSTEM32\ncrypt.dll
0x00007ffd37bc0000 - 0x00007ffd37bfb000 	C:\WINDOWS\SYSTEM32\NTASN1.dll
0x00007ffd0d080000 - 0x00007ffd0d0a5000 	C:\Users\Anton\.jdks\corretto-11.0.11\bin\sunec.dll
0x00007ffd374a0000 - 0x00007ffd374d3000 	C:\WINDOWS\system32\rsaenh.dll
0x00007ffd37ff0000 - 0x00007ffd38015000 	C:\WINDOWS\SYSTEM32\USERENV.dll
0x00007ffd37b00000 - 0x00007ffd37b0c000 	C:\WINDOWS\SYSTEM32\CRYPTBASE.dll
0x00007ffd2e9e0000 - 0x00007ffd2e9f6000 	C:\WINDOWS\SYSTEM32\dhcpcsvc6.DLL
0x00007ffd2e9c0000 - 0x00007ffd2e9dc000 	C:\WINDOWS\SYSTEM32\dhcpcsvc.DLL

dbghelp: loaded successfully - version: 4.0.5 - missing functions: none
symbol engine: initialized successfully - sym options: 0x614 - pdb path: .;C:\Users\Anton\.jdks\corretto-11.0.11\bin;C:\WINDOWS\SYSTEM32;C:\WINDOWS\WinSxS\amd64_microsoft.windows.common-controls_6595b64144ccf1df_6.0.18362.1016_none_9e7a36bbe461dae4;C:\Users\Anton\.jdks\corretto-11.0.11\bin\server;C:\Program Files\National Instruments\Shared\mDNS Responder

VM Arguments:
java_command: C:\Users\Anton\AppData\Local\Temp\surefire2759737411257810457\surefirebooter14918608687697704943.jar C:\Users\Anton\AppData\Local\Temp\surefire2759737411257810457 2021-11-02T18-50-37_177-jvmRun1 surefire16327391233792534872tmp surefire_09488621137864432642tmp
java_class_path (initial): C:\Users\Anton\AppData\Local\Temp\surefire2759737411257810457\surefirebooter14918608687697704943.jar
Launcher Type: SUN_STANDARD

[Global flags]
     intx CICompilerCount                          = 4                                         {product} {ergonomic}
     uint ConcGCThreads                            = 2                                         {product} {ergonomic}
     uint G1ConcRefinementThreads                  = 8                                         {product} {ergonomic}
   size_t G1HeapRegionSize                         = 1048576                                   {product} {ergonomic}
    uintx GCDrainStackTargetSize                   = 64                                        {product} {ergonomic}
   size_t InitialHeapSize                          = 132120576                                 {product} {ergonomic}
   size_t MarkStackSize                            = 4194304                                   {product} {ergonomic}
   size_t MaxHeapSize                              = 2109734912                                {product} {ergonomic}
   size_t MaxNewSize                               = 1265631232                                {product} {ergonomic}
   size_t MinHeapDeltaBytes                        = 1048576                                   {product} {ergonomic}
    uintx NonNMethodCodeHeapSize                   = 5836300                                {pd product} {ergonomic}
    uintx NonProfiledCodeHeapSize                  = 122910970                              {pd product} {ergonomic}
    uintx ProfiledCodeHeapSize                     = 122910970                              {pd product} {ergonomic}
    uintx ReservedCodeCacheSize                    = 251658240                              {pd product} {ergonomic}
     bool SegmentedCodeCache                       = true                                      {product} {ergonomic}
     bool UseCompressedClassPointers               = true                                 {lp64_product} {ergonomic}
     bool UseCompressedOops                        = true                                 {lp64_product} {ergonomic}
     bool UseG1GC                                  = true                                      {product} {ergonomic}
     bool UseLargePagesIndividualAllocation        = false                                  {pd product} {ergonomic}

Logging:
Log output configuration:
 #0: stdout all=warning uptime,level,tags
 #1: stderr all=off uptime,level,tags

Environment Variables:
JAVA_HOME=C:\Users\Anton\.jdks\corretto-11.0.11
PATH=C:\Python39\Scripts\;C:\Python39\;%JAVA_HOME%\bin;C:\Program Files (x86)\Intel\iCLS Client\;C:\Program Files\Intel\iCLS Client\;C:\WINDOWS\system32;C:\WINDOWS;C:\WINDOWS\System32\Wbem;C:\WINDOWS\System32\WindowsPowerShell\v1.0\;C:\Program Files (x86)\Intel\Intel(R) Management Engine Components\DAL;C:\Program Files\Intel\Intel(R) Management Engine Components\DAL;C:\Program Files (x86)\Intel\Intel(R) Management Engine Components\IPT;C:\Program Files\Intel\Intel(R) Management Engine Components\IPT;C:\WINDOWS\System32\OpenSSH\;C:\Program Files\Intel\WiFi\bin\;C:\Program Files\Common Files\Intel\WirelessCommon\;C:\Program Files\Git\cmd;C:\Program Files\Microsoft SQL Server\130\Tools\Binn\;C:\Program Files\Microsoft SQL Server\Client SDK\ODBC\170\Tools\Binn\;C:\Program Files (x86)\Microsoft SQL Server\150\DTS\Binn\;C:\Program Files\Azure Data Studio\bin;C:\Program Files (x86)\Microsoft SQL Server\150\Tools\Binn\;C:\Program Files\Microsoft SQL Server\150\Tools\Binn\;C:\Program Files\Microsoft SQL Server\150\DTS\Binn\;C:\Program Files\dotnet\;C:\Program Files (x86)\dotnet\;C:\Users\Anton\.jdks\corretto-11.0.11;C:\Program Files\nodejs\;C:\ProgramData\chocolatey\bin;C:\Users\Anton\.jdks\corretto-11.0.11\bin;C:\Program Files\Azure Data Studio\bin;C:\Users\Anton\AppData\Local\Programs\Microsoft VS Code\bin;C:\Users\Anton\.dotnet\tools;C:\Program Files\JetBrains\IntelliJ IDEA 2021.1.2\bin;;C:\Users\Anton\source\repos\pacei_NV_sovremenueTehnologiyVInternet\\Lab11(Maven)\apache-maven-3.8.1\bin\;C:\Users\Anton\AppData\Roaming\npm
USERNAME=Anton
OS=Windows_NT
PROCESSOR_IDENTIFIER=Intel64 Family 6 Model 142 Stepping 10, GenuineIntel



---------------  S Y S T E M  ---------------

OS: Windows 10 , 64 bit Build 18362 (10.0.18362.959)
OS uptime: 4 days 6:45 hours

CPU:total 8 (initial active 8) (4 cores per cpu, 2 threads per core) family 6 model 142 stepping 10 microcode 0xca, cmov, cx8, fxsr, mmx, sse, sse2, sse3, ssse3, sse4.1, sse4.2, popcnt, avx, avx2, aes, clmul, erms, 3dnowpref, lzcnt, ht, tsc, tscinvbit, bmi1, bmi2, adx, fma

Memory: 4k page, system-wide physical 8046M (666M free)
TotalPageFile size 12142M (AvailPageFile size 31M)
current process WorkingSet (physical memory assigned to process): 255M, peak: 282M
current process commit charge ("private bytes"): 327M, peak: 357M

vm_info: OpenJDK 64-Bit Server VM (11.0.11+9-LTS) for windows-amd64 JRE (11.0.11+9-LTS), built on Apr 14 2021 00:00:20 by "Administrator" with MS VC++ 15.9 (VS2017)

END.
