#
# There is insufficient memory for the Java Runtime Environment to continue.
# Native memory allocation (mmap) failed to map 536870912 bytes for Failed to commit area from 0x0000000080000000 to 0x00000000a0000000 of length 536870912.
# Possible reasons:
#   The system is out of physical RAM or swap space
#   The process is running with CompressedOops enabled, and the Java Heap may be blocking the growth of the native heap
# Possible solutions:
#   Reduce memory load on the system
#   Increase physical memory or swap space
#   Check if swap backing store is full
#   Decrease Java heap size (-Xmx/-Xms)
#   Decrease number of Java threads
#   Decrease Java thread stack sizes (-Xss)
#   Set larger code cache with -XX:ReservedCodeCacheSize=
# This output file may be truncated or incomplete.
#
#  Out of Memory Error (./src/hotspot/os/windows/os_windows.cpp:3301), pid=8252, tid=5764
#
# JRE version:  (11.0.11+9) (build )
# Java VM: OpenJDK 64-Bit Server VM (11.0.11+9-b1341.60, mixed mode, sharing, tiered, compressed oops, g1 gc, windows-amd64)
# No core dump will be written. Minidumps are not enabled by default on client versions of Windows
#

---------------  S U M M A R Y ------------

Command Line: -Djava.rmi.server.hostname=127.0.0.1 -Duser.timezone=UTC -Djava.library.path=C:\Users\Anton\AppData\Local\JetBrains\IntelliJIdea2021.1\jdbc-native-deps\SQL Server\9.4.0\sqlserver-win-auth\x64 -Xmx2048m -Xms512m -Dfile.encoding=UTF-8 com.intellij.database.remote.RemoteJdbcServer com.microsoft.sqlserver.jdbc.SQLServerDriver

Host: Intel(R) Core(TM) i5-8250U CPU @ 1.60GHz, 8 cores, 7G,  Windows 10 , 64 bit Build 18362 (10.0.18362.959)
Time: Mon Nov 22 18:13:45 2021 Aaea?onu (ceia) elapsed time: 0.034174 seconds (0d 0h 0m 0s)

---------------  T H R E A D  ---------------

Current thread (0x000001dd2e75d800):  JavaThread "Unknown thread" [_thread_in_vm, id=5764, stack(0x0000009671d00000,0x0000009671e00000)]

Stack: [0x0000009671d00000,0x0000009671e00000]
Native frames: (J=compiled Java code, j=interpreted, Vv=VM code, C=native code)
V  [jvm.dll+0x5f5c8a]
V  [jvm.dll+0x779405]
V  [jvm.dll+0x77aa1d]
V  [jvm.dll+0x77b0d3]
V  [jvm.dll+0x244bc8]
V  [jvm.dll+0x5f3084]
V  [jvm.dll+0x5e7fe5]
V  [jvm.dll+0x30098b]
V  [jvm.dll+0x3008fa]
V  [jvm.dll+0x3007d2]
V  [jvm.dll+0x3056b6]
V  [jvm.dll+0x34e353]
V  [jvm.dll+0x34ea56]
V  [jvm.dll+0x34e453]
V  [jvm.dll+0x2db398]
V  [jvm.dll+0x2dc547]
V  [jvm.dll+0x757bf7]
V  [jvm.dll+0x7593ec]
V  [jvm.dll+0x35b8d9]
V  [jvm.dll+0x73b38e]
V  [jvm.dll+0x3c3cc3]
V  [jvm.dll+0x3c60e1]
C  [jli.dll+0x5373]
C  [ucrtbase.dll+0x20e82]
C  [KERNEL32.DLL+0x17bd4]
C  [ntdll.dll+0x6ce51]


---------------  P R O C E S S  ---------------

Threads class SMR info:
_java_thread_list=0x000001dd2c4a6820, length=0, elements={
}

Java Threads: ( => current thread )

Other Threads:
  0x000001dd2e775000 GCTaskThread "GC Thread#0" [stack: 0x0000009671e00000,0x0000009671f00000] [id=3744]
  0x000001dd2e7a6000 ConcurrentGCThread "G1 Main Marker" [stack: 0x0000009671f00000,0x0000009672000000] [id=3172]
  0x000001dd2e7a7800 ConcurrentGCThread "G1 Conc#0" [stack: 0x0000009672000000,0x0000009672100000] [id=7548]

[error occurred during error reporting (printing all threads), id 0xc0000005, EXCEPTION_ACCESS_VIOLATION (0xc0000005) at pc=0x00007ffdddb1b9f7]

VM state:not at safepoint (not fully initialized)

VM Mutex/Monitor currently owned by a thread:  ([mutex/lock_event])
[0x000001dd2e759f00] Heap_lock - owner thread: 0x000001dd2e75d800

Heap address: 0x0000000080000000, size: 2048 MB, Compressed Oops mode: Non-zero based: 0x0000000080000000
Narrow klass base: 0x0000000000000000, Narrow klass shift: 0

GC Heap History (0 events):
No events

Deoptimization events (0 events):
No events

Classes redefined (0 events):
No events

Internal exceptions (0 events):
No events

Events (1 events):
Event: 0.022 Loaded shared library C:\Program Files\JetBrains\IntelliJ IDEA 2021.1.2\jbr\bin\zip.dll


Dynamic libraries:
0x00007ff7a05f0000 - 0x00007ff7a05fa000 	C:\Program Files\JetBrains\IntelliJ IDEA 2021.1.2\jbr\bin\java.exe
0x00007ffe3cea0000 - 0x00007ffe3d090000 	C:\WINDOWS\SYSTEM32\ntdll.dll
0x00007ffe3b1b0000 - 0x00007ffe3b262000 	C:\WINDOWS\System32\KERNEL32.DLL
0x00007ffe3a140000 - 0x00007ffe3a3e4000 	C:\WINDOWS\System32\KERNELBASE.dll
0x00007ffe3ab80000 - 0x00007ffe3ac7a000 	C:\WINDOWS\System32\ucrtbase.dll
0x00007ffe0e550000 - 0x00007ffe0e569000 	C:\Program Files\JetBrains\IntelliJ IDEA 2021.1.2\jbr\bin\jli.dll
0x00007ffe0db90000 - 0x00007ffe0dba7000 	C:\Program Files\JetBrains\IntelliJ IDEA 2021.1.2\jbr\bin\VCRUNTIME140.dll
0x00007ffe3c300000 - 0x00007ffe3c495000 	C:\WINDOWS\System32\USER32.dll
0x00007ffe39f10000 - 0x00007ffe39f31000 	C:\WINDOWS\System32\win32u.dll
0x00007ffe006f0000 - 0x00007ffe00974000 	C:\WINDOWS\WinSxS\amd64_microsoft.windows.common-controls_6595b64144ccf1df_6.0.18362.1016_none_9e7a36bbe461dae4\COMCTL32.dll
0x00007ffe3b160000 - 0x00007ffe3b186000 	C:\WINDOWS\System32\GDI32.dll
0x00007ffe3b5d0000 - 0x00007ffe3b66e000 	C:\WINDOWS\System32\msvcrt.dll
0x00007ffe39fa0000 - 0x00007ffe3a136000 	C:\WINDOWS\System32\gdi32full.dll
0x00007ffe3c520000 - 0x00007ffe3c855000 	C:\WINDOWS\System32\combase.dll
0x00007ffe3ad30000 - 0x00007ffe3adce000 	C:\WINDOWS\System32\msvcp_win.dll
0x00007ffe3c860000 - 0x00007ffe3c980000 	C:\WINDOWS\System32\RPCRT4.dll
0x00007ffe39e20000 - 0x00007ffe39ea0000 	C:\WINDOWS\System32\bcryptPrimitives.dll
0x00007ffe3b5a0000 - 0x00007ffe3b5ce000 	C:\WINDOWS\System32\IMM32.DLL
0x00007ffdff280000 - 0x00007ffdff31d000 	C:\Program Files\JetBrains\IntelliJ IDEA 2021.1.2\jbr\bin\msvcp140.dll
0x00007ffddd830000 - 0x00007ffdde379000 	C:\Program Files\JetBrains\IntelliJ IDEA 2021.1.2\jbr\bin\server\jvm.dll
0x00007ffe3b0b0000 - 0x00007ffe3b153000 	C:\WINDOWS\System32\ADVAPI32.dll
0x00007ffe3b3b0000 - 0x00007ffe3b447000 	C:\WINDOWS\System32\sechost.dll
0x00007ffe3c980000 - 0x00007ffe3c988000 	C:\WINDOWS\System32\PSAPI.DLL
0x00007ffe002b0000 - 0x00007ffe002b9000 	C:\WINDOWS\SYSTEM32\WSOCK32.dll
0x00007ffe2d660000 - 0x00007ffe2d66a000 	C:\WINDOWS\SYSTEM32\VERSION.dll
0x00007ffe3bfe0000 - 0x00007ffe3c04f000 	C:\WINDOWS\System32\WS2_32.dll
0x00007ffe342d0000 - 0x00007ffe342f4000 	C:\WINDOWS\SYSTEM32\WINMM.dll
0x00007ffe342a0000 - 0x00007ffe342cd000 	C:\WINDOWS\SYSTEM32\WINMMBASE.dll
0x00007ffe39ea0000 - 0x00007ffe39eea000 	C:\WINDOWS\System32\cfgmgr32.dll
0x00007ffe39dd0000 - 0x00007ffe39de1000 	C:\WINDOWS\System32\kernel.appcore.dll
0x00007ffe29c70000 - 0x00007ffe29c81000 	C:\Program Files\JetBrains\IntelliJ IDEA 2021.1.2\jbr\bin\verify.dll
0x00007ffe375c0000 - 0x00007ffe377b4000 	C:\WINDOWS\SYSTEM32\DBGHELP.DLL
0x00007ffe01be0000 - 0x00007ffe01c0a000 	C:\WINDOWS\SYSTEM32\dbgcore.DLL
0x00007ffe29c40000 - 0x00007ffe29c69000 	C:\Program Files\JetBrains\IntelliJ IDEA 2021.1.2\jbr\bin\java.dll
0x00007ffe29c30000 - 0x00007ffe29c3b000 	C:\Program Files\JetBrains\IntelliJ IDEA 2021.1.2\jbr\bin\jimage.dll
0x00007ffe29c10000 - 0x00007ffe29c28000 	C:\Program Files\JetBrains\IntelliJ IDEA 2021.1.2\jbr\bin\zip.dll

dbghelp: loaded successfully - version: 4.0.5 - missing functions: none
symbol engine: initialized successfully - sym options: 0x614 - pdb path: .;C:\Program Files\JetBrains\IntelliJ IDEA 2021.1.2\jbr\bin;C:\WINDOWS\SYSTEM32;C:\WINDOWS\WinSxS\amd64_microsoft.windows.common-controls_6595b64144ccf1df_6.0.18362.1016_none_9e7a36bbe461dae4;C:\Program Files\JetBrains\IntelliJ IDEA 2021.1.2\jbr\bin\server

VM Arguments:
jvm_args: -Djava.rmi.server.hostname=127.0.0.1 -Duser.timezone=UTC -Djava.library.path=C:\Users\Anton\AppData\Local\JetBrains\IntelliJIdea2021.1\jdbc-native-deps\SQL Server\9.4.0\sqlserver-win-auth\x64 -Xmx2048m -Xms512m -Dfile.encoding=UTF-8 
java_command: com.intellij.database.remote.RemoteJdbcServer com.microsoft.sqlserver.jdbc.SQLServerDriver
java_class_path (initial): C:\Program Files\JetBrains\IntelliJ IDEA 2021.1.2\lib\util.jar;C:\Program Files\JetBrains\IntelliJ IDEA 2021.1.2\lib\trove4j.jar;C:\Program Files\JetBrains\IntelliJ IDEA 2021.1.2\lib\groovy-2.5.11.jar;C:\Program Files\JetBrains\IntelliJ IDEA 2021.1.2\plugins\DatabaseTools\lib\jdbc-console.jar;C:\Users\Anton\AppData\Roaming\JetBrains\IntelliJIdea2021.1\jdbc-drivers\SQL Server\9.4.0\mssql-jdbc-9.4.0.jre8.jar
Launcher Type: SUN_STANDARD

[Global flags]
     intx CICompilerCount                          = 4                                         {product} {ergonomic}
     uint ConcGCThreads                            = 2                                         {product} {ergonomic}
     uint G1ConcRefinementThreads                  = 8                                         {product} {ergonomic}
   size_t G1HeapRegionSize                         = 1048576                                   {product} {ergonomic}
    uintx GCDrainStackTargetSize                   = 64                                        {product} {ergonomic}
   size_t InitialHeapSize                          = 536870912                                 {product} {command line}
   size_t MarkStackSize                            = 4194304                                   {product} {ergonomic}
   size_t MaxHeapSize                              = 2147483648                                {product} {command line}
   size_t MinHeapDeltaBytes                        = 1048576                                   {product} {ergonomic}
    uintx NonNMethodCodeHeapSize                   = 5836300                                {pd product} {ergonomic}
    uintx NonProfiledCodeHeapSize                  = 122910970                              {pd product} {ergonomic}
    uintx ProfiledCodeHeapSize                     = 122910970                              {pd product} {ergonomic}
    uintx ReservedCodeCacheSize                    = 251658240                              {pd product} {ergonomic}
     bool SegmentedCodeCache                       = true                                      {product} {ergonomic}
     bool UseCompressedClassPointers               = true                                 {lp64_product} {ergonomic}
     bool UseCompressedOops                        = true                                 {lp64_product} {ergonomic}
     bool UseG1GC                                  = true                                      {product} {ergonomic}
     bool UseLargePagesIndividualAllocation        = false                                  {pd product} {ergonomic}

Logging:
Log output configuration:
 #0: stdout all=warning uptime,level,tags
 #1: stderr all=off uptime,level,tags

Environment Variables:
JAVA_HOME=C:\Users\Anton\.jdks\corretto-11.0.11
PATH=C:\Python39\Scripts\;C:\Python39\;%JAVA_HOME%\bin;C:\Program Files (x86)\Intel\iCLS Client\;C:\Program Files\Intel\iCLS Client\;C:\WINDOWS\system32;C:\WINDOWS;C:\WINDOWS\System32\Wbem;C:\WINDOWS\System32\WindowsPowerShell\v1.0\;C:\Program Files (x86)\Intel\Intel(R) Management Engine Components\DAL;C:\Program Files\Intel\Intel(R) Management Engine Components\DAL;C:\Program Files (x86)\Intel\Intel(R) Management Engine Components\IPT;C:\Program Files\Intel\Intel(R) Management Engine Components\IPT;C:\WINDOWS\System32\OpenSSH\;C:\Program Files\Intel\WiFi\bin\;C:\Program Files\Common Files\Intel\WirelessCommon\;C:\Program Files\Git\cmd;C:\Program Files\Microsoft SQL Server\130\Tools\Binn\;C:\Program Files\Microsoft SQL Server\Client SDK\ODBC\170\Tools\Binn\;C:\Program Files (x86)\Microsoft SQL Server\150\DTS\Binn\;C:\Program Files\Azure Data Studio\bin;C:\Program Files (x86)\Microsoft SQL Server\150\Tools\Binn\;C:\Program Files\Microsoft SQL Server\150\Tools\Binn\;C:\Program Files\Microsoft SQL Server\150\DTS\Binn\;C:\Program Files\dotnet\;C:\Program Files (x86)\dotnet\;C:\Users\Anton\.jdks\corretto-11.0.11;C:\Program Files\nodejs\;C:\ProgramData\chocolatey\bin;c:\aspectj1.9\bin;C:\Users\Anton\.jdks\corretto-11.0.11\bin;C:\Program Files\Azure Data Studio\bin;C:\Users\Anton\AppData\Local\Programs\Microsoft VS Code\bin;C:\Users\Anton\.dotnet\tools;C:\Program Files\JetBrains\IntelliJ IDEA 2021.1.2\bin;;C:\Users\Anton\source\repos\pacei_NV_sovremenueTehnologiyVInternet\лабораторные\Lab11(Maven)\apache-maven-3.8.1\bin\;C:\Users\Anton\AppData\Roaming\npm;c:\aspectj1.9\bin;;C:\Users\Anton\AppData\Local\JetBrains\IntelliJIdea2021.1\jdbc-native-deps\SQL Server\9.4.0\sqlserver-win-auth\x64
USERNAME=Anton
OS=Windows_NT
PROCESSOR_IDENTIFIER=Intel64 Family 6 Model 142 Stepping 10, GenuineIntel



---------------  S Y S T E M  ---------------

OS: Windows 10 , 64 bit Build 18362 (10.0.18362.959)
OS uptime: 0 days 10:10 hours

CPU:total 8 (initial active 8) (4 cores per cpu, 2 threads per core) family 6 model 142 stepping 10 microcode 0xca, cmov, cx8, fxsr, mmx, sse, sse2, sse3, ssse3, sse4.1, sse4.2, popcnt, avx, avx2, aes, clmul, erms, 3dnowpref, lzcnt, ht, tsc, tscinvbit, bmi1, bmi2, adx, fma

Memory: 4k page, system-wide physical 8046M (775M free)
TotalPageFile size 11728M (AvailPageFile size 78M)
current process WorkingSet (physical memory assigned to process): 10M, peak: 10M
current process commit charge ("private bytes"): 60M, peak: 572M

vm_info: OpenJDK 64-Bit Server VM (11.0.11+9-b1341.60) for windows-amd64 JRE (11.0.11+9-b1341.60), built on Jun  4 2021 08:17:54 by "" with MS VC++ 14.0 (VS2015)

END.
