#
# There is insufficient memory for the Java Runtime Environment to continue.
# Native memory allocation (malloc) failed to allocate 168656 bytes for Chunk::new
# Possible reasons:
#   The system is out of physical RAM or swap space
#   The process is running with CompressedOops enabled, and the Java Heap may be blocking the growth of the native heap
# Possible solutions:
#   Reduce memory load on the system
#   Increase physical memory or swap space
#   Check if swap backing store is full
#   Decrease Java heap size (-Xmx/-Xms)
#   Decrease number of Java threads
#   Decrease Java thread stack sizes (-Xss)
#   Set larger code cache with -XX:ReservedCodeCacheSize=
#   JVM is running with Unscaled Compressed Oops mode in which the Java heap is
#     placed in the first 4GB address space. The Java Heap base address is the
#     maximum limit for the native heap growth. Please use -XX:HeapBaseMinAddress
#     to set the Java Heap base and to place the Java Heap above 4GB virtual address.
# This output file may be truncated or incomplete.
#
#  Out of Memory Error (./src/hotspot/share/memory/arena.cpp:197), pid=11248, tid=15080
#
# JRE version: OpenJDK Runtime Environment Corretto-11.0.11.9.1 (11.0.11+9) (build 11.0.11+9-LTS)
# Java VM: OpenJDK 64-Bit Server VM Corretto-11.0.11.9.1 (11.0.11+9-LTS, mixed mode, tiered, compressed oops, g1 gc, windows-amd64)
# No core dump will be written. Minidumps are not enabled by default on client versions of Windows
#

---------------  S U M M A R Y ------------

Command Line: -javaagent:C:\Program Files\JetBrains\IntelliJ IDEA 2021.1.2\lib\idea_rt.jar=55710:C:\Program Files\JetBrains\IntelliJ IDEA 2021.1.2\bin -Dfile.encoding=UTF-8 com.example.carrentservice.models.App

Host: Intel(R) Core(TM) i5-8250U CPU @ 1.60GHz, 8 cores, 7G,  Windows 10 , 64 bit Build 18362 (10.0.18362.959)
Time: Tue Nov  2 19:51:28 2021 Aaea?onu (ceia) elapsed time: 0.789645 seconds (0d 0h 0m 0s)

---------------  T H R E A D  ---------------

Current thread (0x000001ed3c1ac800):  JavaThread "C2 CompilerThread0" daemon [_thread_in_native, id=15080, stack(0x000000219c800000,0x000000219c900000)]


Current CompileTask:
C2:    789 1023   !   4       jdk.internal.loader.URLClassPath$JarLoader::getResource (65 bytes)

Stack: [0x000000219c800000,0x000000219c900000]
Native frames: (J=compiled Java code, j=interpreted, Vv=VM code, C=native code)
V  [jvm.dll+0x5f867a]
V  [jvm.dll+0x78124e]
V  [jvm.dll+0x78291f]
V  [jvm.dll+0x782fe3]
V  [jvm.dll+0x246e88]
V  [jvm.dll+0xbe2ac]
V  [jvm.dll+0xbe9ac]
V  [jvm.dll+0x2b60f4]
V  [jvm.dll+0x509e09]
V  [jvm.dll+0x2023c1]
V  [jvm.dll+0x1ffa8f]
V  [jvm.dll+0x184b4c]
V  [jvm.dll+0x20ee67]
V  [jvm.dll+0x20d04b]
V  [jvm.dll+0x745629]
V  [jvm.dll+0x73e694]
V  [jvm.dll+0x5f74f6]
C  [ucrtbase.dll+0x20e82]
C  [KERNEL32.DLL+0x17bd4]
C  [ntdll.dll+0x6ce51]


---------------  P R O C E S S  ---------------

Threads class SMR info:
_java_thread_list=0x000001ed3cc686d0, length=12, elements={
0x000001ed1d266000, 0x000001ed3c181000, 0x000001ed3c9ba800, 0x000001ed3ca0c000,
0x000001ed3ca0d000, 0x000001ed3ca0e000, 0x000001ed3c1ac800, 0x000001ed3ca15000,
0x000001ed3ca15800, 0x000001ed3cb99000, 0x000001ed3cbda000, 0x000001ed3cf3f000
}

Java Threads: ( => current thread )
  0x000001ed1d266000 JavaThread "main" [_thread_in_vm, id=13744, stack(0x000000219bc00000,0x000000219bd00000)]
  0x000001ed3c181000 JavaThread "Reference Handler" daemon [_thread_blocked, id=13828, stack(0x000000219c300000,0x000000219c400000)]
  0x000001ed3c9ba800 JavaThread "Finalizer" daemon [_thread_blocked, id=14400, stack(0x000000219c400000,0x000000219c500000)]
  0x000001ed3ca0c000 JavaThread "Signal Dispatcher" daemon [_thread_blocked, id=16680, stack(0x000000219c500000,0x000000219c600000)]
  0x000001ed3ca0d000 JavaThread "Attach Listener" daemon [_thread_blocked, id=18388, stack(0x000000219c600000,0x000000219c700000)]
  0x000001ed3ca0e000 JavaThread "Service Thread" daemon [_thread_blocked, id=15152, stack(0x000000219c700000,0x000000219c800000)]
=>0x000001ed3c1ac800 JavaThread "C2 CompilerThread0" daemon [_thread_in_native, id=15080, stack(0x000000219c800000,0x000000219c900000)]
  0x000001ed3ca15000 JavaThread "C1 CompilerThread0" daemon [_thread_blocked, id=19920, stack(0x000000219c900000,0x000000219ca00000)]
  0x000001ed3ca15800 JavaThread "Sweeper thread" daemon [_thread_blocked, id=15880, stack(0x000000219ca00000,0x000000219cb00000)]
  0x000001ed3cb99000 JavaThread "Common-Cleaner" daemon [_thread_blocked, id=19700, stack(0x000000219cb00000,0x000000219cc00000)]
  0x000001ed3cbda000 JavaThread "C2 CompilerThread1" daemon [_thread_in_native, id=12276, stack(0x000000219cc00000,0x000000219cd00000)]
  0x000001ed3cf3f000 JavaThread "Monitor Ctrl-Break" daemon [_thread_in_native, id=16628, stack(0x000000219cd00000,0x000000219ce00000)]

Other Threads:
  0x000001ed3c17f000 VMThread "VM Thread" [stack: 0x000000219c200000,0x000000219c300000] [id=12676]
  0x000001ed3d196000 WatcherThread [stack: 0x000000219ce00000,0x000000219cf00000] [id=18360]
  0x000001ed1d280800 GCTaskThread "GC Thread#0" [stack: 0x000000219bd00000,0x000000219be00000] [id=17864]
  0x000001ed3d3cc000 GCTaskThread "GC Thread#1" [stack: 0x000000219cf00000,0x000000219d000000] [id=20940]
  0x000001ed3deab000 GCTaskThread "GC Thread#2" [stack: 0x000000219d000000,0x000000219d100000] [id=7264]
  0x000001ed1d2b1000 ConcurrentGCThread "G1 Main Marker" [stack: 0x000000219be00000,0x000000219bf00000] [id=2948]
  0x000001ed1d2b3800 ConcurrentGCThread "G1 Conc#0" [stack: 0x000000219bf00000,0x000000219c000000] [id=944]
  0x000001ed3bfe7800 ConcurrentGCThread "G1 Refine#0" [stack: 0x000000219c000000,0x000000219c100000] [id=12948]
  0x000001ed3bfe8800 ConcurrentGCThread "G1 Young RemSet Sampling" [stack: 0x000000219c100000,0x000000219c200000] [id=21824]

Threads with active compile tasks:
C2 CompilerThread0    814 1023   !   4       jdk.internal.loader.URLClassPath$JarLoader::getResource (65 bytes)
C2 CompilerThread1    814 1022       4       java.util.jar.JarFile::getJarEntry (9 bytes)

VM state:not at safepoint (normal execution)

VM Mutex/Monitor currently owned by a thread: None

Heap address: 0x0000000082400000, size: 2012 MB, Compressed Oops mode: 32-bit
Narrow klass base: 0x0000000000000000, Narrow klass shift: 3
Compressed class space size: 1073741824 Address: 0x0000000100000000

Heap:
 garbage-first heap   total 129024K, used 12657K [0x0000000082400000, 0x0000000100000000)
  region size 1024K, 10 young (10240K), 3 survivors (3072K)
 Metaspace       used 13425K, capacity 13677K, committed 13824K, reserved 1064960K
  class space    used 1336K, capacity 1429K, committed 1536K, reserved 1048576K
Heap Regions: E=young(eden), S=young(survivor), O=old, HS=humongous(starts), HC=humongous(continues), CS=collection set, F=free, A=archive, TAMS=top-at-mark-start (previous, next)
|   0|0x0000000082400000, 0x0000000082500000, 0x0000000082500000|100%|HS|  |TAMS 0x0000000082400000, 0x0000000082400000| Complete 
|   1|0x0000000082500000, 0x0000000082600000, 0x0000000082600000|100%| O|  |TAMS 0x0000000082500000, 0x0000000082500000| Untracked 
|   2|0x0000000082600000, 0x0000000082700000, 0x0000000082700000|100%| O|  |TAMS 0x0000000082600000, 0x0000000082600000| Untracked 
|   3|0x0000000082700000, 0x000000008275c600, 0x0000000082800000| 36%| O|  |TAMS 0x0000000082700000, 0x0000000082700000| Untracked 
|   4|0x0000000082800000, 0x0000000082800000, 0x0000000082900000|  0%| F|  |TAMS 0x0000000082800000, 0x0000000082800000| Untracked 
|   5|0x0000000082900000, 0x0000000082900000, 0x0000000082a00000|  0%| F|  |TAMS 0x0000000082900000, 0x0000000082900000| Untracked 
|   6|0x0000000082a00000, 0x0000000082a00000, 0x0000000082b00000|  0%| F|  |TAMS 0x0000000082a00000, 0x0000000082a00000| Untracked 
|   7|0x0000000082b00000, 0x0000000082b00000, 0x0000000082c00000|  0%| F|  |TAMS 0x0000000082b00000, 0x0000000082b00000| Untracked 
|   8|0x0000000082c00000, 0x0000000082c00000, 0x0000000082d00000|  0%| F|  |TAMS 0x0000000082c00000, 0x0000000082c00000| Untracked 
|   9|0x0000000082d00000, 0x0000000082d00000, 0x0000000082e00000|  0%| F|  |TAMS 0x0000000082d00000, 0x0000000082d00000| Untracked 
|  10|0x0000000082e00000, 0x0000000082e00000, 0x0000000082f00000|  0%| F|  |TAMS 0x0000000082e00000, 0x0000000082e00000| Untracked 
|  11|0x0000000082f00000, 0x0000000082f00000, 0x0000000083000000|  0%| F|  |TAMS 0x0000000082f00000, 0x0000000082f00000| Untracked 
|  12|0x0000000083000000, 0x0000000083000000, 0x0000000083100000|  0%| F|  |TAMS 0x0000000083000000, 0x0000000083000000| Untracked 
|  13|0x0000000083100000, 0x0000000083100000, 0x0000000083200000|  0%| F|  |TAMS 0x0000000083100000, 0x0000000083100000| Untracked 
|  14|0x0000000083200000, 0x0000000083200000, 0x0000000083300000|  0%| F|  |TAMS 0x0000000083200000, 0x0000000083200000| Untracked 
|  15|0x0000000083300000, 0x0000000083300000, 0x0000000083400000|  0%| F|  |TAMS 0x0000000083300000, 0x0000000083300000| Untracked 
|  16|0x0000000083400000, 0x0000000083400000, 0x0000000083500000|  0%| F|  |TAMS 0x0000000083400000, 0x0000000083400000| Untracked 
|  17|0x0000000083500000, 0x0000000083500000, 0x0000000083600000|  0%| F|  |TAMS 0x0000000083500000, 0x0000000083500000| Untracked 
|  18|0x0000000083600000, 0x0000000083600000, 0x0000000083700000|  0%| F|  |TAMS 0x0000000083600000, 0x0000000083600000| Untracked 
|  19|0x0000000083700000, 0x0000000083700000, 0x0000000083800000|  0%| F|  |TAMS 0x0000000083700000, 0x0000000083700000| Untracked 
|  20|0x0000000083800000, 0x0000000083800000, 0x0000000083900000|  0%| F|  |TAMS 0x0000000083800000, 0x0000000083800000| Untracked 
|  21|0x0000000083900000, 0x0000000083900000, 0x0000000083a00000|  0%| F|  |TAMS 0x0000000083900000, 0x0000000083900000| Untracked 
|  22|0x0000000083a00000, 0x0000000083a00000, 0x0000000083b00000|  0%| F|  |TAMS 0x0000000083a00000, 0x0000000083a00000| Untracked 
|  23|0x0000000083b00000, 0x0000000083b00000, 0x0000000083c00000|  0%| F|  |TAMS 0x0000000083b00000, 0x0000000083b00000| Untracked 
|  24|0x0000000083c00000, 0x0000000083c00000, 0x0000000083d00000|  0%| F|  |TAMS 0x0000000083c00000, 0x0000000083c00000| Untracked 
|  25|0x0000000083d00000, 0x0000000083d00000, 0x0000000083e00000|  0%| F|  |TAMS 0x0000000083d00000, 0x0000000083d00000| Untracked 
|  26|0x0000000083e00000, 0x0000000083e00000, 0x0000000083f00000|  0%| F|  |TAMS 0x0000000083e00000, 0x0000000083e00000| Untracked 
|  27|0x0000000083f00000, 0x0000000083f00000, 0x0000000084000000|  0%| F|  |TAMS 0x0000000083f00000, 0x0000000083f00000| Untracked 
|  28|0x0000000084000000, 0x0000000084000000, 0x0000000084100000|  0%| F|  |TAMS 0x0000000084000000, 0x0000000084000000| Untracked 
|  29|0x0000000084100000, 0x0000000084100000, 0x0000000084200000|  0%| F|  |TAMS 0x0000000084100000, 0x0000000084100000| Untracked 
|  30|0x0000000084200000, 0x0000000084200000, 0x0000000084300000|  0%| F|  |TAMS 0x0000000084200000, 0x0000000084200000| Untracked 
|  31|0x0000000084300000, 0x0000000084300000, 0x0000000084400000|  0%| F|  |TAMS 0x0000000084300000, 0x0000000084300000| Untracked 
|  32|0x0000000084400000, 0x0000000084400000, 0x0000000084500000|  0%| F|  |TAMS 0x0000000084400000, 0x0000000084400000| Untracked 
|  33|0x0000000084500000, 0x0000000084500000, 0x0000000084600000|  0%| F|  |TAMS 0x0000000084500000, 0x0000000084500000| Untracked 
|  34|0x0000000084600000, 0x0000000084600000, 0x0000000084700000|  0%| F|  |TAMS 0x0000000084600000, 0x0000000084600000| Untracked 
|  35|0x0000000084700000, 0x0000000084700000, 0x0000000084800000|  0%| F|  |TAMS 0x0000000084700000, 0x0000000084700000| Untracked 
|  36|0x0000000084800000, 0x0000000084800000, 0x0000000084900000|  0%| F|  |TAMS 0x0000000084800000, 0x0000000084800000| Untracked 
|  37|0x0000000084900000, 0x0000000084900000, 0x0000000084a00000|  0%| F|  |TAMS 0x0000000084900000, 0x0000000084900000| Untracked 
|  38|0x0000000084a00000, 0x0000000084a00000, 0x0000000084b00000|  0%| F|  |TAMS 0x0000000084a00000, 0x0000000084a00000| Untracked 
|  39|0x0000000084b00000, 0x0000000084b00000, 0x0000000084c00000|  0%| F|  |TAMS 0x0000000084b00000, 0x0000000084b00000| Untracked 
|  40|0x0000000084c00000, 0x0000000084c00000, 0x0000000084d00000|  0%| F|  |TAMS 0x0000000084c00000, 0x0000000084c00000| Untracked 
|  41|0x0000000084d00000, 0x0000000084d00000, 0x0000000084e00000|  0%| F|  |TAMS 0x0000000084d00000, 0x0000000084d00000| Untracked 
|  42|0x0000000084e00000, 0x0000000084e00000, 0x0000000084f00000|  0%| F|  |TAMS 0x0000000084e00000, 0x0000000084e00000| Untracked 
|  43|0x0000000084f00000, 0x0000000084f00000, 0x0000000085000000|  0%| F|  |TAMS 0x0000000084f00000, 0x0000000084f00000| Untracked 
|  44|0x0000000085000000, 0x0000000085000000, 0x0000000085100000|  0%| F|  |TAMS 0x0000000085000000, 0x0000000085000000| Untracked 
|  45|0x0000000085100000, 0x0000000085100000, 0x0000000085200000|  0%| F|  |TAMS 0x0000000085100000, 0x0000000085100000| Untracked 
|  46|0x0000000085200000, 0x0000000085200000, 0x0000000085300000|  0%| F|  |TAMS 0x0000000085200000, 0x0000000085200000| Untracked 
|  47|0x0000000085300000, 0x0000000085300000, 0x0000000085400000|  0%| F|  |TAMS 0x0000000085300000, 0x0000000085300000| Untracked 
|  48|0x0000000085400000, 0x0000000085400000, 0x0000000085500000|  0%| F|  |TAMS 0x0000000085400000, 0x0000000085400000| Untracked 
|  49|0x0000000085500000, 0x0000000085500000, 0x0000000085600000|  0%| F|  |TAMS 0x0000000085500000, 0x0000000085500000| Untracked 
|  50|0x0000000085600000, 0x0000000085600000, 0x0000000085700000|  0%| F|  |TAMS 0x0000000085600000, 0x0000000085600000| Untracked 
|  51|0x0000000085700000, 0x0000000085700000, 0x0000000085800000|  0%| F|  |TAMS 0x0000000085700000, 0x0000000085700000| Untracked 
|  52|0x0000000085800000, 0x0000000085800000, 0x0000000085900000|  0%| F|  |TAMS 0x0000000085800000, 0x0000000085800000| Untracked 
|  53|0x0000000085900000, 0x0000000085900000, 0x0000000085a00000|  0%| F|  |TAMS 0x0000000085900000, 0x0000000085900000| Untracked 
|  54|0x0000000085a00000, 0x0000000085a00000, 0x0000000085b00000|  0%| F|  |TAMS 0x0000000085a00000, 0x0000000085a00000| Untracked 
|  55|0x0000000085b00000, 0x0000000085b00000, 0x0000000085c00000|  0%| F|  |TAMS 0x0000000085b00000, 0x0000000085b00000| Untracked 
|  56|0x0000000085c00000, 0x0000000085c00000, 0x0000000085d00000|  0%| F|  |TAMS 0x0000000085c00000, 0x0000000085c00000| Untracked 
|  57|0x0000000085d00000, 0x0000000085d00000, 0x0000000085e00000|  0%| F|  |TAMS 0x0000000085d00000, 0x0000000085d00000| Untracked 
|  58|0x0000000085e00000, 0x0000000085e00000, 0x0000000085f00000|  0%| F|  |TAMS 0x0000000085e00000, 0x0000000085e00000| Untracked 
|  59|0x0000000085f00000, 0x0000000085f00000, 0x0000000086000000|  0%| F|  |TAMS 0x0000000085f00000, 0x0000000085f00000| Untracked 
|  60|0x0000000086000000, 0x0000000086000000, 0x0000000086100000|  0%| F|  |TAMS 0x0000000086000000, 0x0000000086000000| Untracked 
|  61|0x0000000086100000, 0x0000000086100000, 0x0000000086200000|  0%| F|  |TAMS 0x0000000086100000, 0x0000000086100000| Untracked 
|  62|0x0000000086200000, 0x0000000086200000, 0x0000000086300000|  0%| F|  |TAMS 0x0000000086200000, 0x0000000086200000| Untracked 
|  63|0x0000000086300000, 0x0000000086300000, 0x0000000086400000|  0%| F|  |TAMS 0x0000000086300000, 0x0000000086300000| Untracked 
|  64|0x0000000086400000, 0x0000000086400000, 0x0000000086500000|  0%| F|  |TAMS 0x0000000086400000, 0x0000000086400000| Untracked 
|  65|0x0000000086500000, 0x0000000086500000, 0x0000000086600000|  0%| F|  |TAMS 0x0000000086500000, 0x0000000086500000| Untracked 
|  66|0x0000000086600000, 0x0000000086600000, 0x0000000086700000|  0%| F|  |TAMS 0x0000000086600000, 0x0000000086600000| Untracked 
|  67|0x0000000086700000, 0x0000000086700000, 0x0000000086800000|  0%| F|  |TAMS 0x0000000086700000, 0x0000000086700000| Untracked 
|  68|0x0000000086800000, 0x0000000086800000, 0x0000000086900000|  0%| F|  |TAMS 0x0000000086800000, 0x0000000086800000| Untracked 
|  69|0x0000000086900000, 0x0000000086900000, 0x0000000086a00000|  0%| F|  |TAMS 0x0000000086900000, 0x0000000086900000| Untracked 
|  70|0x0000000086a00000, 0x0000000086a00000, 0x0000000086b00000|  0%| F|  |TAMS 0x0000000086a00000, 0x0000000086a00000| Untracked 
|  71|0x0000000086b00000, 0x0000000086b00000, 0x0000000086c00000|  0%| F|  |TAMS 0x0000000086b00000, 0x0000000086b00000| Untracked 
|  72|0x0000000086c00000, 0x0000000086c00000, 0x0000000086d00000|  0%| F|  |TAMS 0x0000000086c00000, 0x0000000086c00000| Untracked 
|  73|0x0000000086d00000, 0x0000000086d00000, 0x0000000086e00000|  0%| F|  |TAMS 0x0000000086d00000, 0x0000000086d00000| Untracked 
|  74|0x0000000086e00000, 0x0000000086e00000, 0x0000000086f00000|  0%| F|  |TAMS 0x0000000086e00000, 0x0000000086e00000| Untracked 
|  75|0x0000000086f00000, 0x0000000086f00000, 0x0000000087000000|  0%| F|  |TAMS 0x0000000086f00000, 0x0000000086f00000| Untracked 
|  76|0x0000000087000000, 0x0000000087000000, 0x0000000087100000|  0%| F|  |TAMS 0x0000000087000000, 0x0000000087000000| Untracked 
|  77|0x0000000087100000, 0x0000000087100000, 0x0000000087200000|  0%| F|  |TAMS 0x0000000087100000, 0x0000000087100000| Untracked 
|  78|0x0000000087200000, 0x0000000087200000, 0x0000000087300000|  0%| F|  |TAMS 0x0000000087200000, 0x0000000087200000| Untracked 
|  79|0x0000000087300000, 0x0000000087300000, 0x0000000087400000|  0%| F|  |TAMS 0x0000000087300000, 0x0000000087300000| Untracked 
|  80|0x0000000087400000, 0x0000000087400000, 0x0000000087500000|  0%| F|  |TAMS 0x0000000087400000, 0x0000000087400000| Untracked 
|  81|0x0000000087500000, 0x0000000087500000, 0x0000000087600000|  0%| F|  |TAMS 0x0000000087500000, 0x0000000087500000| Untracked 
|  82|0x0000000087600000, 0x0000000087600000, 0x0000000087700000|  0%| F|  |TAMS 0x0000000087600000, 0x0000000087600000| Untracked 
|  83|0x0000000087700000, 0x0000000087700000, 0x0000000087800000|  0%| F|  |TAMS 0x0000000087700000, 0x0000000087700000| Untracked 
|  84|0x0000000087800000, 0x0000000087800000, 0x0000000087900000|  0%| F|  |TAMS 0x0000000087800000, 0x0000000087800000| Untracked 
|  85|0x0000000087900000, 0x0000000087900000, 0x0000000087a00000|  0%| F|  |TAMS 0x0000000087900000, 0x0000000087900000| Untracked 
|  86|0x0000000087a00000, 0x0000000087a00000, 0x0000000087b00000|  0%| F|  |TAMS 0x0000000087a00000, 0x0000000087a00000| Untracked 
|  87|0x0000000087b00000, 0x0000000087b00000, 0x0000000087c00000|  0%| F|  |TAMS 0x0000000087b00000, 0x0000000087b00000| Untracked 
|  88|0x0000000087c00000, 0x0000000087c00000, 0x0000000087d00000|  0%| F|  |TAMS 0x0000000087c00000, 0x0000000087c00000| Untracked 
|  89|0x0000000087d00000, 0x0000000087d00000, 0x0000000087e00000|  0%| F|  |TAMS 0x0000000087d00000, 0x0000000087d00000| Untracked 
|  90|0x0000000087e00000, 0x0000000087e00000, 0x0000000087f00000|  0%| F|  |TAMS 0x0000000087e00000, 0x0000000087e00000| Untracked 
|  91|0x0000000087f00000, 0x0000000087f00000, 0x0000000088000000|  0%| F|  |TAMS 0x0000000087f00000, 0x0000000087f00000| Untracked 
|  92|0x0000000088000000, 0x0000000088000000, 0x0000000088100000|  0%| F|  |TAMS 0x0000000088000000, 0x0000000088000000| Untracked 
|  93|0x0000000088100000, 0x0000000088100000, 0x0000000088200000|  0%| F|  |TAMS 0x0000000088100000, 0x0000000088100000| Untracked 
|  94|0x0000000088200000, 0x0000000088200000, 0x0000000088300000|  0%| F|  |TAMS 0x0000000088200000, 0x0000000088200000| Untracked 
|  95|0x0000000088300000, 0x0000000088300000, 0x0000000088400000|  0%| F|  |TAMS 0x0000000088300000, 0x0000000088300000| Untracked 
|  96|0x0000000088400000, 0x0000000088400000, 0x0000000088500000|  0%| F|  |TAMS 0x0000000088400000, 0x0000000088400000| Untracked 
|  97|0x0000000088500000, 0x0000000088500000, 0x0000000088600000|  0%| F|  |TAMS 0x0000000088500000, 0x0000000088500000| Untracked 
|  98|0x0000000088600000, 0x0000000088600000, 0x0000000088700000|  0%| F|  |TAMS 0x0000000088600000, 0x0000000088600000| Untracked 
|  99|0x0000000088700000, 0x0000000088800000, 0x0000000088800000|100%| S|CS|TAMS 0x0000000088700000, 0x0000000088700000| Complete 
| 100|0x0000000088800000, 0x0000000088900000, 0x0000000088900000|100%| S|CS|TAMS 0x0000000088800000, 0x0000000088800000| Complete 
| 101|0x0000000088900000, 0x0000000088a00000, 0x0000000088a00000|100%| S|CS|TAMS 0x0000000088900000, 0x0000000088900000| Complete 
| 102|0x0000000088a00000, 0x0000000088a00000, 0x0000000088b00000|  0%| F|  |TAMS 0x0000000088a00000, 0x0000000088a00000| Untracked 
| 103|0x0000000088b00000, 0x0000000088b00000, 0x0000000088c00000|  0%| F|  |TAMS 0x0000000088b00000, 0x0000000088b00000| Untracked 
| 104|0x0000000088c00000, 0x0000000088c00000, 0x0000000088d00000|  0%| F|  |TAMS 0x0000000088c00000, 0x0000000088c00000| Untracked 
| 105|0x0000000088d00000, 0x0000000088d00000, 0x0000000088e00000|  0%| F|  |TAMS 0x0000000088d00000, 0x0000000088d00000| Untracked 
| 106|0x0000000088e00000, 0x0000000088e00000, 0x0000000088f00000|  0%| F|  |TAMS 0x0000000088e00000, 0x0000000088e00000| Untracked 
| 107|0x0000000088f00000, 0x0000000088f00000, 0x0000000089000000|  0%| F|  |TAMS 0x0000000088f00000, 0x0000000088f00000| Untracked 
| 108|0x0000000089000000, 0x0000000089000000, 0x0000000089100000|  0%| F|  |TAMS 0x0000000089000000, 0x0000000089000000| Untracked 
| 109|0x0000000089100000, 0x0000000089100000, 0x0000000089200000|  0%| F|  |TAMS 0x0000000089100000, 0x0000000089100000| Untracked 
| 110|0x0000000089200000, 0x0000000089200000, 0x0000000089300000|  0%| F|  |TAMS 0x0000000089200000, 0x0000000089200000| Untracked 
| 111|0x0000000089300000, 0x0000000089300000, 0x0000000089400000|  0%| F|  |TAMS 0x0000000089300000, 0x0000000089300000| Untracked 
| 112|0x0000000089400000, 0x0000000089400000, 0x0000000089500000|  0%| F|  |TAMS 0x0000000089400000, 0x0000000089400000| Untracked 
| 113|0x0000000089500000, 0x0000000089500000, 0x0000000089600000|  0%| F|  |TAMS 0x0000000089500000, 0x0000000089500000| Untracked 
| 114|0x0000000089600000, 0x0000000089600000, 0x0000000089700000|  0%| F|  |TAMS 0x0000000089600000, 0x0000000089600000| Untracked 
| 115|0x0000000089700000, 0x0000000089700000, 0x0000000089800000|  0%| F|  |TAMS 0x0000000089700000, 0x0000000089700000| Untracked 
| 116|0x0000000089800000, 0x0000000089800000, 0x0000000089900000|  0%| F|  |TAMS 0x0000000089800000, 0x0000000089800000| Untracked 
| 117|0x0000000089900000, 0x0000000089900000, 0x0000000089a00000|  0%| F|  |TAMS 0x0000000089900000, 0x0000000089900000| Untracked 
| 118|0x0000000089a00000, 0x0000000089a00000, 0x0000000089b00000|  0%| F|  |TAMS 0x0000000089a00000, 0x0000000089a00000| Untracked 
| 119|0x0000000089b00000, 0x0000000089b80c10, 0x0000000089c00000| 50%| E|  |TAMS 0x0000000089b00000, 0x0000000089b00000| Complete 
| 120|0x0000000089c00000, 0x0000000089d00000, 0x0000000089d00000|100%| E|CS|TAMS 0x0000000089c00000, 0x0000000089c00000| Complete 
| 121|0x0000000089d00000, 0x0000000089e00000, 0x0000000089e00000|100%| E|CS|TAMS 0x0000000089d00000, 0x0000000089d00000| Complete 
| 122|0x0000000089e00000, 0x0000000089f00000, 0x0000000089f00000|100%| E|CS|TAMS 0x0000000089e00000, 0x0000000089e00000| Complete 
| 123|0x0000000089f00000, 0x000000008a000000, 0x000000008a000000|100%| E|CS|TAMS 0x0000000089f00000, 0x0000000089f00000| Complete 
| 124|0x000000008a000000, 0x000000008a100000, 0x000000008a100000|100%| E|CS|TAMS 0x000000008a000000, 0x000000008a000000| Complete 
| 125|0x000000008a100000, 0x000000008a200000, 0x000000008a200000|100%| E|CS|TAMS 0x000000008a100000, 0x000000008a100000| Complete 

Card table byte_map: [0x000001ed35070000,0x000001ed35460000] _byte_map_base: 0x000001ed34c5e000

Marking Bits (Prev, Next): (CMBitMap*) 0x000001ed1d2a8578, (CMBitMap*) 0x000001ed1d2a85b0
 Prev Bits: [0x000001ed35850000, 0x000001ed377c0000)
 Next Bits: [0x000001ed377c0000, 0x000001ed39730000)

Polling page: 0x000001ed1b020000

Metaspace:

Usage:
  Non-class:     12.03 MB capacity,    11.85 MB ( 99%) used,   161.29 KB (  1%) free+waste,    19.44 KB ( <1%) overhead. 
      Class:      1.40 MB capacity,     1.31 MB ( 94%) used,    78.55 KB (  5%) free+waste,     8.69 KB ( <1%) overhead. 
       Both:     13.42 MB capacity,    13.16 MB ( 98%) used,   239.84 KB (  2%) free+waste,    28.13 KB ( <1%) overhead. 

Virtual space:
  Non-class space:       16.00 MB reserved,      12.25 MB ( 77%) committed 
      Class space:        1.00 GB reserved,       1.50 MB ( <1%) committed 
             Both:        1.02 GB reserved,      13.75 MB (  1%) committed 

Chunk freelists:
   Non-Class:  38.00 KB
       Class:  10.00 KB
        Both:  48.00 KB

MaxMetaspaceSize: 17179869184.00 GB
CompressedClassSpaceSize: 1.00 GB

CodeHeap 'non-profiled nmethods': size=120000Kb used=379Kb max_used=379Kb free=119620Kb
 bounds [0x000001ed2d420000, 0x000001ed2d690000, 0x000001ed34950000]
CodeHeap 'profiled nmethods': size=120000Kb used=1938Kb max_used=1938Kb free=118061Kb
 bounds [0x000001ed25ef0000, 0x000001ed26160000, 0x000001ed2d420000]
CodeHeap 'non-nmethods': size=5760Kb used=1078Kb max_used=1106Kb free=4682Kb
 bounds [0x000001ed25950000, 0x000001ed25bc0000, 0x000001ed25ef0000]
 total_blobs=1469 nmethods=1088 adapters=293
 compilation: enabled
              stopped_count=0, restarted_count=0
 full_count=0

Compilation events (20 events):
Event: 0.784 Thread 0x000001ed3ca15000 1036       1       java.util.Collections$1::hasNext (5 bytes)
Event: 0.784 Thread 0x000001ed3ca15000 nmethod 1036 0x000001ed2d47b890 code [0x000001ed2d47ba40, 0x000001ed2d47baf8]
Event: 0.784 Thread 0x000001ed3ca15000 1039       3       java.lang.reflect.Method::<init> (68 bytes)
Event: 0.784 Thread 0x000001ed3ca15000 nmethod 1039 0x000001ed260c1710 code [0x000001ed260c1900, 0x000001ed260c1e98]
Event: 0.784 Thread 0x000001ed3ca15000 1038       3       java.lang.Class::getReflectionFactory (26 bytes)
Event: 0.785 Thread 0x000001ed3ca15000 nmethod 1038 0x000001ed260c2010 code [0x000001ed260c2200, 0x000001ed260c25c8]
Event: 0.785 Thread 0x000001ed3ca15000 1040       3       java.lang.reflect.Method::copy (84 bytes)
Event: 0.785 Thread 0x000001ed3ca15000 nmethod 1040 0x000001ed260c2710 code [0x000001ed260c28e0, 0x000001ed260c2cd8]
Event: 0.786 Thread 0x000001ed3ca15000 1041       1       sun.reflect.generics.tree.ClassTypeSignature::getPath (5 bytes)
Event: 0.786 Thread 0x000001ed3ca15000 nmethod 1041 0x000001ed2d47bb90 code [0x000001ed2d47bd40, 0x000001ed2d47bdf8]
Event: 0.786 Thread 0x000001ed3ca15000 1042       1       sun.reflect.generics.tree.SimpleClassTypeSignature::getName (5 bytes)
Event: 0.786 Thread 0x000001ed3ca15000 nmethod 1042 0x000001ed2d47be90 code [0x000001ed2d47c040, 0x000001ed2d47c0f8]
Event: 0.786 Thread 0x000001ed3ca15000 1043       1       sun.reflect.generics.tree.SimpleClassTypeSignature::getDollar (5 bytes)
Event: 0.787 Thread 0x000001ed3ca15000 nmethod 1043 0x000001ed2d47c190 code [0x000001ed2d47c340, 0x000001ed2d47c3f8]
Event: 0.787 Thread 0x000001ed3ca15000 1044       1       sun.reflect.generics.visitor.Reifier::getFactory (5 bytes)
Event: 0.787 Thread 0x000001ed3ca15000 nmethod 1044 0x000001ed2d47c490 code [0x000001ed2d47c640, 0x000001ed2d47c6f8]
Event: 0.787 Thread 0x000001ed3ca15000 1045       1       sun.reflect.generics.tree.SimpleClassTypeSignature::getTypeArguments (5 bytes)
Event: 0.787 Thread 0x000001ed3ca15000 nmethod 1045 0x000001ed2d47c790 code [0x000001ed2d47c940, 0x000001ed2d47c9f8]
Event: 0.787 Thread 0x000001ed3ca15000 1046       3       java.lang.reflect.ProxyGenerator$ExceptionTableEntry::<init> (26 bytes)
Event: 0.787 Thread 0x000001ed3ca15000 nmethod 1046 0x000001ed260c2e10 code [0x000001ed260c2fc0, 0x000001ed260c3138]

GC Heap History (2 events):
Event: 0.690 GC heap before
{Heap before GC invocations=0 (full 0):
 garbage-first heap   total 129024K, used 24576K [0x0000000082400000, 0x0000000100000000)
  region size 1024K, 24 young (24576K), 0 survivors (0K)
 Metaspace       used 12249K, capacity 12522K, committed 12544K, reserved 1060864K
  class space    used 1204K, capacity 1278K, committed 1280K, reserved 1048576K
}
Event: 0.696 GC heap after
{Heap after GC invocations=1 (full 0):
 garbage-first heap   total 129024K, used 6513K [0x0000000082400000, 0x0000000100000000)
  region size 1024K, 3 young (3072K), 3 survivors (3072K)
 Metaspace       used 12249K, capacity 12522K, committed 12544K, reserved 1060864K
  class space    used 1204K, capacity 1278K, committed 1280K, reserved 1048576K
}

Deoptimization events (20 events):
Event: 0.729 Thread 0x000001ed1d266000 DEOPT PACKING pc=0x000001ed2d44f0f4 sp=0x000000219bcfe2f0
Event: 0.729 Thread 0x000001ed1d266000 DEOPT UNPACKING pc=0x000001ed2597662f sp=0x000000219bcfe258 mode 2
Event: 0.732 Thread 0x000001ed1d266000 Uncommon trap: trap_request=0xffffff4d fr.pc=0x000001ed2d43232c relative=0x000000000000008c
Event: 0.732 Thread 0x000001ed1d266000 Uncommon trap: reason=unstable_if action=reinterpret pc=0x000001ed2d43232c method=java.lang.CharacterData.of(I)Ljava/lang/CharacterData; @ 4 c2
Event: 0.732 Thread 0x000001ed1d266000 DEOPT PACKING pc=0x000001ed2d43232c sp=0x000000219bcfe1d0
Event: 0.732 Thread 0x000001ed1d266000 DEOPT UNPACKING pc=0x000001ed2597662f sp=0x000000219bcfe110 mode 2
Event: 0.732 Thread 0x000001ed1d266000 DEOPT PACKING pc=0x000001ed25fe3f13 sp=0x000000219bcfd430
Event: 0.732 Thread 0x000001ed1d266000 DEOPT UNPACKING pc=0x000001ed25976dde sp=0x000000219bcfc930 mode 0
Event: 0.758 Thread 0x000001ed1d266000 Uncommon trap: trap_request=0xffffff4d fr.pc=0x000001ed2d451f04 relative=0x00000000000001e4
Event: 0.758 Thread 0x000001ed1d266000 Uncommon trap: reason=unstable_if action=reinterpret pc=0x000001ed2d451f04 method=java.lang.StringCoding.encodeUTF8(B[BZ)[B @ 2 c2
Event: 0.758 Thread 0x000001ed1d266000 DEOPT PACKING pc=0x000001ed2d451f04 sp=0x000000219bcfe200
Event: 0.758 Thread 0x000001ed1d266000 DEOPT UNPACKING pc=0x000001ed2597662f sp=0x000000219bcfe1a8 mode 2
Event: 0.767 Thread 0x000001ed1d266000 Uncommon trap: trap_request=0xffffffc6 fr.pc=0x000001ed2d46a388 relative=0x0000000000000728
Event: 0.767 Thread 0x000001ed1d266000 Uncommon trap: reason=bimorphic_or_optimized_type_check action=maybe_recompile pc=0x000001ed2d46a388 method=java.util.HashMap.getNode(ILjava/lang/Object;)Ljava/util/HashMap$Node; @ 59 c2
Event: 0.767 Thread 0x000001ed1d266000 DEOPT PACKING pc=0x000001ed2d46a388 sp=0x000000219bcfdd10
Event: 0.767 Thread 0x000001ed1d266000 DEOPT UNPACKING pc=0x000001ed2597662f sp=0x000000219bcfdc18 mode 2
Event: 0.767 Thread 0x000001ed1d266000 Uncommon trap: trap_request=0xffffff4d fr.pc=0x000001ed2d451508 relative=0x0000000000000068
Event: 0.767 Thread 0x000001ed1d266000 Uncommon trap: reason=unstable_if action=reinterpret pc=0x000001ed2d451508 method=java.util.jar.JarFile.checkForSpecialAttributes()V @ 4 c2
Event: 0.767 Thread 0x000001ed1d266000 DEOPT PACKING pc=0x000001ed2d451508 sp=0x000000219bcfe190
Event: 0.767 Thread 0x000001ed1d266000 DEOPT UNPACKING pc=0x000001ed2597662f sp=0x000000219bcfe090 mode 2

Classes redefined (0 events):
No events

Internal exceptions (11 events):
Event: 0.376 Thread 0x000001ed1d266000 Exception <a 'java/lang/ClassNotFoundException'{0x00000000898ec128}: javax/smartcardio/CardPermission> (0x00000000898ec128) thrown at [./src/hotspot/share/classfile/systemDictionary.cpp, line 231]
Event: 0.379 Thread 0x000001ed1d266000 Exception <a 'java/io/FileNotFoundException'{0x00000000898fa3f8}> (0x00000000898fa3f8) thrown at [./src/hotspot/share/prims/jni.cpp, line 615]
Event: 0.484 Thread 0x000001ed1d266000 Exception <a 'java/lang/NoSuchMethodError'{0x00000000895c96b0}: 'int java.lang.invoke.DirectMethodHandle$Holder.invokeSpecialIFC(java.lang.Object, java.lang.Object, int)'> (0x00000000895c96b0) thrown at [./src/hotspot/share/interpreter/linkResolver.cpp, line 773]
Event: 0.609 Thread 0x000001ed1d266000 Exception <a 'java/lang/NoSuchMethodError'{0x0000000088eb5fd0}: 'int java.lang.invoke.DirectMethodHandle$Holder.invokeStaticInit(java.lang.Object, java.lang.Object, java.lang.Object)'> (0x0000000088eb5fd0) thrown at [./src/hotspot/share/interpreter/linkResolver.cpp, line 773]
Event: 0.611 Thread 0x000001ed1d266000 Exception <a 'java/lang/NoSuchMethodError'{0x0000000088ed4f60}: 'int java.lang.invoke.DirectMethodHandle$Holder.invokeStaticInit(java.lang.Object, java.lang.Object)'> (0x0000000088ed4f60) thrown at [./src/hotspot/share/interpreter/linkResolver.cpp, line 773]
Event: 0.619 Thread 0x000001ed1d266000 Exception <a 'java/lang/NoSuchMethodError'{0x0000000088d42dd0}: 'java.lang.Object java.lang.invoke.DirectMethodHandle$Holder.invokeVirtual(java.lang.Object, java.lang.Object, java.lang.Object)'> (0x0000000088d42dd0) thrown at [./src/hotspot/share/interpreter/linkResolver.cpp, line 773]
Event: 0.627 Thread 0x000001ed1d266000 Exception <a 'java/lang/NoSuchMethodError'{0x0000000088da26e8}: 'void java.lang.invoke.DirectMethodHandle$Holder.invokeSpecial(java.lang.Object, java.lang.Object)'> (0x0000000088da26e8) thrown at [./src/hotspot/share/interpreter/linkResolver.cpp, line 773]
Event: 0.629 Thread 0x000001ed1d266000 Implicit null exception at 0x000001ed2d46962f to 0x000001ed2d46969d
Event: 0.643 Thread 0x000001ed1d266000 Exception <a 'java/lang/NoSuchMethodError'{0x0000000088c4d058}: 'int java.lang.invoke.DirectMethodHandle$Holder.invokeInterface(java.lang.Object, java.lang.Object)'> (0x0000000088c4d058) thrown at [./src/hotspot/share/interpreter/linkResolver.cpp, line 773]
Event: 0.655 Thread 0x000001ed1d266000 Exception <a 'java/lang/NoSuchMethodError'{0x0000000088ccc330}: 'org.slf4j.impl.StaticMDCBinder org.slf4j.impl.StaticMDCBinder.getSingleton()'> (0x0000000088ccc330) thrown at [./src/hotspot/share/interpreter/linkResolver.cpp, line 773]
Event: 0.665 Thread 0x000001ed1d266000 Exception <a 'java/lang/NoSuchMethodError'{0x0000000088b7a298}: 'int java.lang.invoke.DirectMethodHandle$Holder.invokeSpecial(java.lang.Object, java.lang.Object, java.lang.Object, java.lang.Object)'> (0x0000000088b7a298) thrown at [./src/hotspot/share/interpreter/linkResolver.cpp, line 773]

Events (20 events):
Event: 0.781 loading class org/springframework/web/servlet/config/annotation/DefaultServletHandlerConfigurer
Event: 0.781 loading class org/springframework/web/servlet/config/annotation/DefaultServletHandlerConfigurer done
Event: 0.781 loading class org/springframework/web/servlet/config/annotation/ResourceHandlerRegistry
Event: 0.781 loading class org/springframework/web/servlet/config/annotation/ResourceHandlerRegistry done
Event: 0.781 loading class org/springframework/validation/MessageCodesResolver
Event: 0.781 loading class org/springframework/validation/MessageCodesResolver done
Event: 0.782 loading class org/springframework/web/servlet/config/annotation/ViewResolverRegistry
Event: 0.782 loading class org/springframework/web/servlet/config/annotation/ViewResolverRegistry done
Event: 0.782 loading class org/springframework/beans/factory/annotation/Autowire
Event: 0.782 loading class org/springframework/beans/factory/annotation/Autowire done
Event: 0.784 Executing VM operation: CollectForMetadataAllocation
Event: 0.784 Executing VM operation: CollectForMetadataAllocation done
Event: 0.784 loading class org/springframework/core/annotation/AnnotatedElementUtils
Event: 0.784 loading class org/springframework/core/annotation/AnnotatedElementUtils done
Event: 0.785 loading class org/springframework/core/type/StandardMethodMetadata
Event: 0.785 loading class org/springframework/core/type/StandardMethodMetadata done
Event: 0.786 loading class org/springframework/lang/Nullable
Event: 0.786 loading class org/springframework/lang/Nullable done
Event: 0.786 loading class javax/annotation/Nonnull
Event: 0.786 loading class javax/annotation/Nonnull done


Dynamic libraries:
0x00007ff60f8f0000 - 0x00007ff60f8fd000 	C:\Users\Anton\.jdks\corretto-11.0.11\bin\java.exe
0x00007ffd3b220000 - 0x00007ffd3b410000 	C:\WINDOWS\SYSTEM32\ntdll.dll
0x00007ffd3a830000 - 0x00007ffd3a8e2000 	C:\WINDOWS\System32\KERNEL32.DLL
0x00007ffd389e0000 - 0x00007ffd38c84000 	C:\WINDOWS\System32\KERNELBASE.dll
0x00007ffd347b0000 - 0x00007ffd3483f000 	C:\WINDOWS\SYSTEM32\apphelp.dll
0x00007ffd38e60000 - 0x00007ffd38f5a000 	C:\WINDOWS\System32\ucrtbase.dll
0x00007ffd27140000 - 0x00007ffd27157000 	C:\Users\Anton\.jdks\corretto-11.0.11\bin\jli.dll
0x00007ffd0db50000 - 0x00007ffd0db69000 	C:\Users\Anton\.jdks\corretto-11.0.11\bin\VCRUNTIME140.dll
0x00007ffd39d90000 - 0x00007ffd39f25000 	C:\WINDOWS\System32\USER32.dll
0x00007ffd39220000 - 0x00007ffd39241000 	C:\WINDOWS\System32\win32u.dll
0x00007ffcfeec0000 - 0x00007ffcff144000 	C:\WINDOWS\WinSxS\amd64_microsoft.windows.common-controls_6595b64144ccf1df_6.0.18362.1016_none_9e7a36bbe461dae4\COMCTL32.dll
0x00007ffd3a9a0000 - 0x00007ffd3a9c6000 	C:\WINDOWS\System32\GDI32.dll
0x00007ffd39b30000 - 0x00007ffd39bce000 	C:\WINDOWS\System32\msvcrt.dll
0x00007ffd38fb0000 - 0x00007ffd39146000 	C:\WINDOWS\System32\gdi32full.dll
0x00007ffd39150000 - 0x00007ffd391ee000 	C:\WINDOWS\System32\msvcp_win.dll
0x00007ffd39f30000 - 0x00007ffd3a265000 	C:\WINDOWS\System32\combase.dll
0x00007ffd395a0000 - 0x00007ffd396c0000 	C:\WINDOWS\System32\RPCRT4.dll
0x00007ffd39250000 - 0x00007ffd392d0000 	C:\WINDOWS\System32\bcryptPrimitives.dll
0x00007ffd392d0000 - 0x00007ffd392fe000 	C:\WINDOWS\System32\IMM32.DLL
0x00007ffd0d0b0000 - 0x00007ffd0d14b000 	C:\Users\Anton\.jdks\corretto-11.0.11\bin\msvcp140.dll
0x00007ffcdde20000 - 0x00007ffcde96c000 	C:\Users\Anton\.jdks\corretto-11.0.11\bin\server\jvm.dll
0x00007ffd3a9d0000 - 0x00007ffd3aa73000 	C:\WINDOWS\System32\ADVAPI32.dll
0x00007ffd3a900000 - 0x00007ffd3a997000 	C:\WINDOWS\System32\sechost.dll
0x00007ffd3a8f0000 - 0x00007ffd3a8f8000 	C:\WINDOWS\System32\PSAPI.DLL
0x00007ffd077b0000 - 0x00007ffd077b9000 	C:\WINDOWS\SYSTEM32\WSOCK32.dll
0x00007ffd32650000 - 0x00007ffd32674000 	C:\WINDOWS\SYSTEM32\WINMM.dll
0x00007ffd2ead0000 - 0x00007ffd2eada000 	C:\WINDOWS\SYSTEM32\VERSION.dll
0x00007ffd3a740000 - 0x00007ffd3a7af000 	C:\WINDOWS\System32\WS2_32.dll
0x00007ffd32620000 - 0x00007ffd3264d000 	C:\WINDOWS\SYSTEM32\winmmbase.dll
0x00007ffd38f60000 - 0x00007ffd38faa000 	C:\WINDOWS\System32\cfgmgr32.dll
0x00007ffd380e0000 - 0x00007ffd380f1000 	C:\WINDOWS\System32\kernel.appcore.dll
0x00007ffd33300000 - 0x00007ffd33310000 	C:\Users\Anton\.jdks\corretto-11.0.11\bin\verify.dll
0x00007ffd35940000 - 0x00007ffd35b34000 	C:\WINDOWS\SYSTEM32\DBGHELP.DLL
0x00007ffd011e0000 - 0x00007ffd0120a000 	C:\WINDOWS\SYSTEM32\dbgcore.DLL
0x00007ffd0d6e0000 - 0x00007ffd0d708000 	C:\Users\Anton\.jdks\corretto-11.0.11\bin\java.dll
0x00007ffd282e0000 - 0x00007ffd282ea000 	C:\Users\Anton\.jdks\corretto-11.0.11\bin\jimage.dll
0x00007ffd0dd70000 - 0x00007ffd0dd7e000 	C:\Users\Anton\.jdks\corretto-11.0.11\bin\instrument.dll
0x00007ffd0d780000 - 0x00007ffd0d797000 	C:\Users\Anton\.jdks\corretto-11.0.11\bin\zip.dll
0x00007ffd3aa80000 - 0x00007ffd3b167000 	C:\WINDOWS\System32\SHELL32.dll
0x00007ffd3a550000 - 0x00007ffd3a5f9000 	C:\WINDOWS\System32\shcore.dll
0x00007ffd381a0000 - 0x00007ffd38922000 	C:\WINDOWS\System32\windows.storage.dll
0x00007ffd38170000 - 0x00007ffd38193000 	C:\WINDOWS\System32\profapi.dll
0x00007ffd38120000 - 0x00007ffd3816a000 	C:\WINDOWS\System32\powrprof.dll
0x00007ffd380d0000 - 0x00007ffd380e0000 	C:\WINDOWS\System32\UMPDC.dll
0x00007ffd3a420000 - 0x00007ffd3a472000 	C:\WINDOWS\System32\shlwapi.dll
0x00007ffd38cf0000 - 0x00007ffd38d07000 	C:\WINDOWS\System32\cryptsp.dll
0x00007ffd0d6c0000 - 0x00007ffd0d6d9000 	C:\Users\Anton\.jdks\corretto-11.0.11\bin\net.dll
0x00007ffd35c80000 - 0x00007ffd35d70000 	C:\WINDOWS\SYSTEM32\WINHTTP.dll
0x00007ffd37930000 - 0x00007ffd37997000 	C:\WINDOWS\system32\mswsock.dll
0x00007ffd0d510000 - 0x00007ffd0d522000 	C:\Users\Anton\.jdks\corretto-11.0.11\bin\nio.dll
0x00007ffd0d4f0000 - 0x00007ffd0d50a000 	C:\Program Files\JetBrains\IntelliJ IDEA 2021.1.2\bin\breakgen64.dll

dbghelp: loaded successfully - version: 4.0.5 - missing functions: none
symbol engine: initialized successfully - sym options: 0x614 - pdb path: .;C:\Users\Anton\.jdks\corretto-11.0.11\bin;C:\WINDOWS\SYSTEM32;C:\WINDOWS\WinSxS\amd64_microsoft.windows.common-controls_6595b64144ccf1df_6.0.18362.1016_none_9e7a36bbe461dae4;C:\Users\Anton\.jdks\corretto-11.0.11\bin\server;C:\Program Files\JetBrains\IntelliJ IDEA 2021.1.2\bin

VM Arguments:
jvm_args: -javaagent:C:\Program Files\JetBrains\IntelliJ IDEA 2021.1.2\lib\idea_rt.jar=55710:C:\Program Files\JetBrains\IntelliJ IDEA 2021.1.2\bin -Dfile.encoding=UTF-8 
java_command: com.example.carrentservice.models.App
java_class_path (initial): C:\Users\Anton\source\3к-1с\пацей_наталья_ владимировна\лабораторные\решения\CarRentService\target\classes;C:\Users\Anton\.m2\repository\org\springframework\boot\spring-boot-starter-web\2.5.5\spring-boot-starter-web-2.5.5.jar;C:\Users\Anton\.m2\repository\org\springframework\boot\spring-boot-starter\2.5.5\spring-boot-starter-2.5.5.jar;C:\Users\Anton\.m2\repository\org\springframework\boot\spring-boot\2.5.5\spring-boot-2.5.5.jar;C:\Users\Anton\.m2\repository\org\springframework\boot\spring-boot-autoconfigure\2.5.5\spring-boot-autoconfigure-2.5.5.jar;C:\Users\Anton\.m2\repository\org\springframework\boot\spring-boot-starter-logging\2.5.5\spring-boot-starter-logging-2.5.5.jar;C:\Users\Anton\.m2\repository\ch\qos\logback\logback-classic\1.2.6\logback-classic-1.2.6.jar;C:\Users\Anton\.m2\repository\ch\qos\logback\logback-core\1.2.6\logback-core-1.2.6.jar;C:\Users\Anton\.m2\repository\org\apache\logging\log4j\log4j-to-slf4j\2.14.1\log4j-to-slf4j-2.14.1.jar;C:\Users\Anton\.m2\repository\org\apache\logging\log4j\log4j-api\2.14.1\log4j-api-2.14.1.jar;C:\Users\Anton\.m2\repository\org\slf4j\jul-to-slf4j\1.7.32\jul-to-slf4j-1.7.32.jar;C:\Users\Anton\.m2\repository\jakarta\annotation\jakarta.annotation-api\1.3.5\jakarta.annotation-api-1.3.5.jar;C:\Users\Anton\.m2\repository\org\yaml\snakeyaml\1.28\snakeyaml-1.28.jar;C:\Users\Anton\.m2\repository\org\springframework\boot\spring-boot-starter-json\2.5.5\spring-boot-starter-json-2.5.5.jar;C:\Users\Anton\.m2\repository\com\fasterxml\jackson\core\jackson-databind\2.12.5\jackson-databind-2.12.5.jar;C:\Users\Anton\.m2\repository\com\fasterxml\jackson\core\jackson-annotations\2.12.5\jackson-annotations-2.12.5.jar;C:\Users\Anton\.m2\repository\com\fasterxml\jackson\core\jackson-core\2.12.5\jackson-core-2.12.5.jar;C:\Users\Anton\.m2\repository\com\fasterxml\jackson\datatype\jackson-datatype-jdk8\2.12.5\jackson-datatype-jdk8-2.12.5.jar;C:\Users\Anton\.m2\repository\com\fasterxml\jackson\datatype\jackson-datatyp
Launcher Type: SUN_STANDARD

[Global flags]
     intx CICompilerCount                          = 4                                         {product} {ergonomic}
     uint ConcGCThreads                            = 2                                         {product} {ergonomic}
     uint G1ConcRefinementThreads                  = 8                                         {product} {ergonomic}
   size_t G1HeapRegionSize                         = 1048576                                   {product} {ergonomic}
    uintx GCDrainStackTargetSize                   = 64                                        {product} {ergonomic}
   size_t InitialHeapSize                          = 132120576                                 {product} {ergonomic}
   size_t MarkStackSize                            = 4194304                                   {product} {ergonomic}
   size_t MaxHeapSize                              = 2109734912                                {product} {ergonomic}
   size_t MaxNewSize                               = 1265631232                                {product} {ergonomic}
   size_t MinHeapDeltaBytes                        = 1048576                                   {product} {ergonomic}
    uintx NonNMethodCodeHeapSize                   = 5836300                                {pd product} {ergonomic}
    uintx NonProfiledCodeHeapSize                  = 122910970                              {pd product} {ergonomic}
    uintx ProfiledCodeHeapSize                     = 122910970                              {pd product} {ergonomic}
    uintx ReservedCodeCacheSize                    = 251658240                              {pd product} {ergonomic}
     bool SegmentedCodeCache                       = true                                      {product} {ergonomic}
     bool UseCompressedClassPointers               = true                                 {lp64_product} {ergonomic}
     bool UseCompressedOops                        = true                                 {lp64_product} {ergonomic}
     bool UseG1GC                                  = true                                      {product} {ergonomic}
     bool UseLargePagesIndividualAllocation        = false                                  {pd product} {ergonomic}

Logging:
Log output configuration:
 #0: stdout all=warning uptime,level,tags
 #1: stderr all=off uptime,level,tags

Environment Variables:
JAVA_HOME=C:\Users\Anton\.jdks\corretto-11.0.11
PATH=C:\Python39\Scripts\;C:\Python39\;%JAVA_HOME%\bin;C:\Program Files (x86)\Intel\iCLS Client\;C:\Program Files\Intel\iCLS Client\;C:\WINDOWS\system32;C:\WINDOWS;C:\WINDOWS\System32\Wbem;C:\WINDOWS\System32\WindowsPowerShell\v1.0\;C:\Program Files (x86)\Intel\Intel(R) Management Engine Components\DAL;C:\Program Files\Intel\Intel(R) Management Engine Components\DAL;C:\Program Files (x86)\Intel\Intel(R) Management Engine Components\IPT;C:\Program Files\Intel\Intel(R) Management Engine Components\IPT;C:\WINDOWS\System32\OpenSSH\;C:\Program Files\Intel\WiFi\bin\;C:\Program Files\Common Files\Intel\WirelessCommon\;C:\Program Files\Git\cmd;C:\Program Files\Microsoft SQL Server\130\Tools\Binn\;C:\Program Files\Microsoft SQL Server\Client SDK\ODBC\170\Tools\Binn\;C:\Program Files (x86)\Microsoft SQL Server\150\DTS\Binn\;C:\Program Files\Azure Data Studio\bin;C:\Program Files (x86)\Microsoft SQL Server\150\Tools\Binn\;C:\Program Files\Microsoft SQL Server\150\Tools\Binn\;C:\Program Files\Microsoft SQL Server\150\DTS\Binn\;C:\Program Files\dotnet\;C:\Program Files (x86)\dotnet\;C:\Users\Anton\.jdks\corretto-11.0.11;C:\Program Files\nodejs\;C:\ProgramData\chocolatey\bin;C:\Users\Anton\.jdks\corretto-11.0.11\bin;C:\Program Files\Azure Data Studio\bin;C:\Users\Anton\AppData\Local\Programs\Microsoft VS Code\bin;C:\Users\Anton\.dotnet\tools;C:\Program Files\JetBrains\IntelliJ IDEA 2021.1.2\bin;;C:\Users\Anton\source\repos\pacei_NV_sovremenueTehnologiyVInternet\лабораторные\Lab11(Maven)\apache-maven-3.8.1\bin\;C:\Users\Anton\AppData\Roaming\npm
USERNAME=Anton
OS=Windows_NT
PROCESSOR_IDENTIFIER=Intel64 Family 6 Model 142 Stepping 10, GenuineIntel



---------------  S Y S T E M  ---------------

OS: Windows 10 , 64 bit Build 18362 (10.0.18362.959)
OS uptime: 4 days 7:45 hours

CPU:total 8 (initial active 8) (4 cores per cpu, 2 threads per core) family 6 model 142 stepping 10 microcode 0xca, cmov, cx8, fxsr, mmx, sse, sse2, sse3, ssse3, sse4.1, sse4.2, popcnt, avx, avx2, aes, clmul, erms, 3dnowpref, lzcnt, ht, tsc, tscinvbit, bmi1, bmi2, adx, fma

Memory: 4k page, system-wide physical 8046M (812M free)
TotalPageFile size 12142M (AvailPageFile size 3M)
current process WorkingSet (physical memory assigned to process): 86M, peak: 86M
current process commit charge ("private bytes"): 224M, peak: 224M

vm_info: OpenJDK 64-Bit Server VM (11.0.11+9-LTS) for windows-amd64 JRE (11.0.11+9-LTS), built on Apr 14 2021 00:00:20 by "Administrator" with MS VC++ 15.9 (VS2017)

END.
